#
# A fatal error has been detected by the Java Runtime Environment:
#
#  EXCEPTION_ACCESS_VIOLATION (0xc0000005) at pc=0x00007ffd6ee7e23a, pid=10488, tid=0x0000000000001fc8
#
# JRE version: Java(TM) SE Runtime Environment (8.0_111-b14) (build 1.8.0_111-b14)
# Java VM: Java HotSpot(TM) 64-Bit Server VM (25.111-b14 mixed mode windows-amd64 compressed oops)
# Problematic frame:
# C  [bulletjme.dll+0x8e23a]
#
# Failed to write core dump. Minidumps are not enabled by default on client versions of Windows
#
# If you would like to submit a bug report, please visit:
#   http://bugreport.java.com/bugreport/crash.jsp
# The crash happened outside the Java Virtual Machine in native code.
# See problematic frame for where to report the bug.
#

---------------  T H R E A D  ---------------

Current thread (0x00000000032eb000):  JavaThread "Finalizer" daemon [_thread_in_native, id=8136, stack(0x000000001dba0000,0x000000001dca0000)]

siginfo: ExceptionCode=0xc0000005, reading address 0x000000003277c748

Registers:
RAX=0x000000003277c680, RBX=0x000000002fe8e1b0, RCX=0x000000003277c680, RDX=0x0000000000000083
RSP=0x000000001dc9ef08, RBP=0x000000001dc9f150, RSI=0x000000003093bfc0, RDI=0x000000076b3da230
R8 =0x0000000000f91a40, R9 =0x0000000000008000, R10=0x000000002d24e010, R11=0x0000000000000000
R12=0x0000000000000000, R13=0x000000002fe8e1b0, R14=0x000000001dc9f180, R15=0x00000000032eb000
RIP=0x00007ffd6ee7e23a, EFLAGS=0x0000000000010202

Top of Stack: (sp=0x000000001dc9ef08)
0x000000001dc9ef08:   00007ffd6eed494e 000000003277c680
0x000000001dc9ef18:   0000000000000083 000000002d9cbfb0
0x000000001dc9ef28:   00007ffd6ef5a5da 0000000000000083
0x000000001dc9ef38:   000000002d255e70 000000002d7f8200
0x000000001dc9ef48:   000000002d0c0da0 000000002d7f8200
0x000000001dc9ef58:   000000003277c680 000000001c930ca8
0x000000001dc9ef68:   00007ffd6ef287e2 0000000026431750
0x000000001dc9ef78:   000000006a7eb4a1 000000001c9308c0
0x000000001dc9ef88:   000000001dc9f0a0 000000001dc9f010
0x000000001dc9ef98:   00007ffd6ef7a760 0000000026431750
0x000000001dc9efa8:   0000000000000000 000000002fe8e1b0
0x000000001dc9efb8:   00000000032eb000 00000000032eb000
0x000000001dc9efc8:   00007ffd6ef7df87 0000000026431750
0x000000001dc9efd8:   0000000000000000 000000001dc9f0a0
0x000000001dc9efe8:   000000006a7eb687 000000001dc9f0a0
0x000000001dc9eff8:   00007ffd6ef426bd 0000000026431750 

Instructions: (pc=0x00007ffd6ee7e23a)
0x00007ffd6ee7e21a:   f3 0f 10 80 60 02 00 00 c3 cc cc cc cc cc cc cc
0x00007ffd6ee7e22a:   cc cc cc cc cc cc 48 89 4c 24 08 48 8b 44 24 08
0x00007ffd6ee7e23a:   48 8b 80 c8 00 00 00 c3 cc cc cc cc cc cc cc cc
0x00007ffd6ee7e24a:   cc cc cc cc cc cc 48 89 4c 24 08 48 8b 44 24 08 


Register to memory mapping:

RAX=0x000000003277c680 is an unknown value
RBX={method} {0x000000002fe8e1b8} 'finalizeNative' '(J)V' in 'com/jme3/bullet/PhysicsSpace'
RCX=0x000000003277c680 is an unknown value
RDX=0x0000000000000083 is an unknown value
RSP=0x000000001dc9ef08 is pointing into the stack for thread: 0x00000000032eb000
RBP=0x000000001dc9f150 is pointing into the stack for thread: 0x00000000032eb000
RSI=0x000000003093bfc0 is pointing into metadata
RDI=0x000000076b3da230 is an oop
java.lang.String 
 - klass: 'java/lang/String'
R8 =0x0000000000f91a40 is an unknown value
R9 =0x0000000000008000 is an unknown value
R10=0x000000002d24e010 is an unknown value
R11=0x0000000000000000 is an unknown value
R12=0x0000000000000000 is an unknown value
R13={method} {0x000000002fe8e1b8} 'finalizeNative' '(J)V' in 'com/jme3/bullet/PhysicsSpace'
R14=0x000000001dc9f180 is pointing into the stack for thread: 0x00000000032eb000
R15=0x00000000032eb000 is a thread


Stack: [0x000000001dba0000,0x000000001dca0000],  sp=0x000000001dc9ef08,  free space=1019k
Native frames: (J=compiled Java code, j=interpreted, Vv=VM code, C=native code)
C  [bulletjme.dll+0x8e23a]

Java frames: (J=compiled Java code, j=interpreted, Vv=VM code)
j  com.jme3.bullet.PhysicsSpace.finalizeNative(J)V+0
j  com.jme3.bullet.PhysicsSpace.finalize()V+34
J 1435 C1 java.lang.ref.Finalizer.runFinalizer(Lsun/misc/JavaLangAccess;)V (62 bytes) @ 0x00000000037b3a14 [0x00000000037b3480+0x594]
J 1432 C1 java.lang.ref.Finalizer.access$100(Ljava/lang/ref/Finalizer;Lsun/misc/JavaLangAccess;)V (6 bytes) @ 0x00000000037af81c [0x00000000037af7c0+0x5c]
j  java.lang.ref.Finalizer$FinalizerThread.run()V+45
v  ~StubRoutines::call_stub

---------------  P R O C E S S  ---------------

Java Threads: ( => current thread )
  0x000000002a5ce800 JavaThread "AWT-Shutdown" [_thread_blocked, id=12000, stack(0x00000000362b0000,0x00000000363b0000)]
  0x000000002a5d3000 JavaThread "Thread-1" daemon [_thread_in_native, id=8032, stack(0x00000000360b0000,0x00000000361b0000)]
  0x0000000029b50000 JavaThread "Thread-5" daemon [_thread_in_native, id=11616, stack(0x00000000300b0000,0x00000000301b0000)]
  0x00000000031f5000 JavaThread "DestroyJavaVM" [_thread_blocked, id=12988, stack(0x00000000030f0000,0x00000000031f0000)]
  0x0000000029c67800 JavaThread "TimerQueue" daemon [_thread_blocked, id=6872, stack(0x000000002aee0000,0x000000002afe0000)]
  0x000000001ebd2800 JavaThread "AWT-Windows" daemon [_thread_in_native, id=11968, stack(0x000000001f410000,0x000000001f510000)]
  0x000000001ebcf000 JavaThread "Java2D Disposer" daemon [_thread_blocked, id=6004, stack(0x000000001f210000,0x000000001f310000)]
  0x000000001e2da800 JavaThread "Service Thread" daemon [_thread_blocked, id=1760, stack(0x000000001e6b0000,0x000000001e7b0000)]
  0x000000001c94a000 JavaThread "C1 CompilerThread2" daemon [_thread_blocked, id=10300, stack(0x000000001e1b0000,0x000000001e2b0000)]
  0x000000001c947800 JavaThread "C2 CompilerThread1" daemon [_thread_blocked, id=12908, stack(0x000000001e0b0000,0x000000001e1b0000)]
  0x000000001c945000 JavaThread "C2 CompilerThread0" daemon [_thread_blocked, id=10780, stack(0x000000001dfb0000,0x000000001e0b0000)]
  0x000000001c944000 JavaThread "Attach Listener" daemon [_thread_blocked, id=12404, stack(0x000000001deb0000,0x000000001dfb0000)]
  0x000000001c943000 JavaThread "Signal Dispatcher" daemon [_thread_blocked, id=4700, stack(0x000000001ddb0000,0x000000001deb0000)]
=>0x00000000032eb000 JavaThread "Finalizer" daemon [_thread_in_native, id=8136, stack(0x000000001dba0000,0x000000001dca0000)]
  0x00000000032e8000 JavaThread "Reference Handler" daemon [_thread_blocked, id=8896, stack(0x000000001daa0000,0x000000001dba0000)]

Other Threads:
  0x000000001c907000 VMThread [stack: 0x000000001d9a0000,0x000000001daa0000] [id=6628]
  0x000000001e343800 WatcherThread [stack: 0x000000001e7b0000,0x000000001e8b0000] [id=12232]

VM state:not at safepoint (normal execution)

VM Mutex/Monitor currently owned by a thread: None

Heap:
 PSYoungGen      total 593408K, used 8992K [0x000000076af80000, 0x00000007a8b00000, 0x00000007c0000000)
  eden space 220672K, 4% used [0x000000076af80000,0x000000076b8480f0,0x0000000778700000)
  from space 372736K, 0% used [0x0000000791f00000,0x0000000791f00000,0x00000007a8b00000)
  to   space 395264K, 0% used [0x0000000778700000,0x0000000778700000,0x0000000790900000)
 ParOldGen       total 414720K, used 16014K [0x00000006c0e00000, 0x00000006da300000, 0x000000076af80000)
  object space 414720K, 3% used [0x00000006c0e00000,0x00000006c1da3980,0x00000006da300000)
 Metaspace       used 20408K, capacity 20689K, committed 21120K, reserved 1069056K
  class space    used 2288K, capacity 2372K, committed 2432K, reserved 1048576K

Card table byte_map: [0x00000000126b0000,0x0000000012eb0000] byte_map_base: 0x000000000f0a9000

Marking Bits: (ParMarkBitMap*) 0x000000006ae2a6c0
 Begin Bits: [0x0000000013810000, 0x00000000177d8000)
 End Bits:   [0x00000000177d8000, 0x000000001b7a0000)

Polling page: 0x0000000002ef0000

CodeCache: size=245760Kb used=9239Kb max_used=11405Kb free=236520Kb
 bounds [0x00000000032f0000, 0x0000000003e30000, 0x00000000122f0000]
 total_blobs=3521 nmethods=2829 adapters=604
 compilation: enabled

Compilation events (10 events):
Event: 117.297 Thread 0x000000001c94a000 3472       3       java.util.Hashtable$Enumerator::nextElement (111 bytes)
Event: 117.297 Thread 0x000000001c94a000 nmethod 3472 0x000000000384b0d0 code [0x000000000384b260, 0x000000000384b708]
Event: 117.297 Thread 0x000000001c94a000 3473       3       java.util.logging.LogManager::checkPermission (17 bytes)
Event: 117.297 Thread 0x000000001c945000 3475   !   4       java.util.logging.LogManager::ensureLogManagerInitialized (128 bytes)
Event: 117.297 Thread 0x000000001c94a000 nmethod 3473 0x0000000003401650 code [0x00000000034017c0, 0x0000000003401a88]
Event: 117.297 Thread 0x000000001c94a000 3474       3       java.util.logging.Logger::updateEffectiveLevel (115 bytes)
Event: 117.298 Thread 0x000000001c945000 nmethod 3475 0x0000000003a498d0 code [0x0000000003a49a00, 0x0000000003a49a78]
Event: 117.298 Thread 0x000000001c94a000 nmethod 3474 0x00000000038eb690 code [0x00000000038eb880, 0x00000000038ec2e8]
Event: 117.298 Thread 0x000000001c94a000 3476       3       java.lang.Object::finalize (1 bytes)
Event: 117.298 Thread 0x000000001c94a000 nmethod 3476 0x0000000003ac29d0 code [0x0000000003ac2b20, 0x0000000003ac2c70]

GC Heap History (10 events):
Event: 7.772 GC heap before
{Heap before GC invocations=12 (full 3):
 PSYoungGen      total 383488K, used 216576K [0x000000076af80000, 0x000000079dd00000, 0x00000007c0000000)
  eden space 166912K, 0% used [0x000000076af80000,0x000000076af80000,0x0000000775280000)
  from space 216576K, 100% used [0x0000000775280000,0x0000000782600000,0x0000000782600000)
  to   space 305152K, 0% used [0x000000078b300000,0x000000078b300000,0x000000079dd00000)
 ParOldGen       total 482304K, used 415903K [0x00000006c0e00000, 0x00000006de500000, 0x000000076af80000)
  object space 482304K, 86% used [0x00000006c0e00000,0x00000006da427f60,0x00000006de500000)
 Metaspace       used 19342K, capacity 19691K, committed 20096K, reserved 1067008K
  class space    used 2255K, capacity 2339K, committed 2432K, reserved 1048576K
Event: 8.329 GC heap after
Heap after GC invocations=12 (full 3):
 PSYoungGen      total 383488K, used 149358K [0x000000076af80000, 0x000000079dd00000, 0x00000007c0000000)
  eden space 166912K, 0% used [0x000000076af80000,0x000000076af80000,0x0000000775280000)
  from space 216576K, 68% used [0x0000000775280000,0x000000077e45b800,0x0000000782600000)
  to   space 305152K, 0% used [0x000000078b300000,0x000000078b300000,0x000000079dd00000)
 ParOldGen       total 757248K, used 482272K [0x00000006c0e00000, 0x00000006ef180000, 0x000000076af80000)
  object space 757248K, 63% used [0x00000006c0e00000,0x00000006de4f81d0,0x00000006ef180000)
 Metaspace       used 19342K, capacity 19691K, committed 20096K, reserved 1067008K
  class space    used 2255K, capacity 2339K, committed 2432K, reserved 1048576K
}
Event: 8.349 GC heap before
{Heap before GC invocations=13 (full 3):
 PSYoungGen      total 383488K, used 316270K [0x000000076af80000, 0x000000079dd00000, 0x00000007c0000000)
  eden space 166912K, 100% used [0x000000076af80000,0x0000000775280000,0x0000000775280000)
  from space 216576K, 68% used [0x0000000775280000,0x000000077e45b800,0x0000000782600000)
  to   space 305152K, 0% used [0x000000078b300000,0x000000078b300000,0x000000079dd00000)
 ParOldGen       total 757248K, used 482272K [0x00000006c0e00000, 0x00000006ef180000, 0x000000076af80000)
  object space 757248K, 63% used [0x00000006c0e00000,0x00000006de4f81d0,0x00000006ef180000)
 Metaspace       used 19342K, capacity 19691K, committed 20096K, reserved 1067008K
  class space    used 2255K, capacity 2339K, committed 2432K, reserved 1048576K
Event: 8.466 GC heap after
Heap after GC invocations=13 (full 3):
 PSYoungGen      total 490496K, used 261536K [0x000000076af80000, 0x00000007a1b80000, 0x00000007c0000000)
  eden space 185344K, 0% used [0x000000076af80000,0x000000076af80000,0x0000000776480000)
  from space 305152K, 85% used [0x000000078b300000,0x000000079b268000,0x000000079dd00000)
  to   space 342528K, 0% used [0x0000000776480000,0x0000000776480000,0x000000078b300000)
 ParOldGen       total 757248K, used 537600K [0x00000006c0e00000, 0x00000006ef180000, 0x000000076af80000)
  object space 757248K, 70% used [0x00000006c0e00000,0x00000006e1b001d0,0x00000006ef180000)
 Metaspace       used 19342K, capacity 19691K, committed 20096K, reserved 1067008K
  class space    used 2255K, capacity 2339K, committed 2432K, reserved 1048576K
}
Event: 40.209 GC heap before
{Heap before GC invocations=14 (full 3):
 PSYoungGen      total 490496K, used 446880K [0x000000076af80000, 0x00000007a1b80000, 0x00000007c0000000)
  eden space 185344K, 100% used [0x000000076af80000,0x0000000776480000,0x0000000776480000)
  from space 305152K, 85% used [0x000000078b300000,0x000000079b268000,0x000000079dd00000)
  to   space 342528K, 0% used [0x0000000776480000,0x0000000776480000,0x000000078b300000)
 ParOldGen       total 757248K, used 537600K [0x00000006c0e00000, 0x00000006ef180000, 0x000000076af80000)
  object space 757248K, 70% used [0x00000006c0e00000,0x00000006e1b001d0,0x00000006ef180000)
 Metaspace       used 20380K, capacity 20689K, committed 21120K, reserved 1069056K
  class space    used 2286K, capacity 2372K, committed 2432K, reserved 1048576K
Event: 40.314 GC heap after
Heap after GC invocations=14 (full 3):
 PSYoungGen      total 527872K, used 342500K [0x000000076af80000, 0x00000007ab000000, 0x00000007c0000000)
  eden space 185344K, 0% used [0x000000076af80000,0x000000076af80000,0x0000000776480000)
  from space 342528K, 99% used [0x0000000776480000,0x000000078b2f9200,0x000000078b300000)
  to   space 410624K, 0% used [0x0000000791f00000,0x0000000791f00000,0x00000007ab000000)
 ParOldGen       total 757248K, used 561623K [0x00000006c0e00000, 0x00000006ef180000, 0x000000076af80000)
  object space 757248K, 74% used [0x00000006c0e00000,0x00000006e3275e48,0x00000006ef180000)
 Metaspace       used 20380K, capacity 20689K, committed 21120K, reserved 1069056K
  class space    used 2286K, capacity 2372K, committed 2432K, reserved 1048576K
}
Event: 117.100 GC heap before
{Heap before GC invocations=15 (full 3):
 PSYoungGen      total 527872K, used 527844K [0x000000076af80000, 0x00000007ab000000, 0x00000007c0000000)
  eden space 185344K, 100% used [0x000000076af80000,0x0000000776480000,0x0000000776480000)
  from space 342528K, 99% used [0x0000000776480000,0x000000078b2f9200,0x000000078b300000)
  to   space 410624K, 0% used [0x0000000791f00000,0x0000000791f00000,0x00000007ab000000)
 ParOldGen       total 757248K, used 561623K [0x00000006c0e00000, 0x00000006ef180000, 0x000000076af80000)
  object space 757248K, 74% used [0x00000006c0e00000,0x00000006e3275e48,0x00000006ef180000)
 Metaspace       used 20401K, capacity 20689K, committed 21120K, reserved 1069056K
  class space    used 2288K, capacity 2372K, committed 2432K, reserved 1048576K
Event: 117.234 GC heap after
Heap after GC invocations=15 (full 3):
 PSYoungGen      total 593408K, used 80932K [0x000000076af80000, 0x00000007a8b00000, 0x00000007c0000000)
  eden space 220672K, 0% used [0x000000076af80000,0x000000076af80000,0x0000000778700000)
  from space 372736K, 21% used [0x0000000791f00000,0x0000000796e09200,0x00000007a8b00000)
  to   space 395264K, 0% used [0x0000000778700000,0x0000000778700000,0x0000000790900000)
 ParOldGen       total 824320K, used 823839K [0x00000006c0e00000, 0x00000006f3300000, 0x000000076af80000)
  object space 824320K, 99% used [0x00000006c0e00000,0x00000006f3287e48,0x00000006f3300000)
 Metaspace       used 20401K, capacity 20689K, committed 21120K, reserved 1069056K
  class space    used 2288K, capacity 2372K, committed 2432K, reserved 1048576K
}
Event: 117.234 GC heap before
{Heap before GC invocations=16 (full 4):
 PSYoungGen      total 593408K, used 80932K [0x000000076af80000, 0x00000007a8b00000, 0x00000007c0000000)
  eden space 220672K, 0% used [0x000000076af80000,0x000000076af80000,0x0000000778700000)
  from space 372736K, 21% used [0x0000000791f00000,0x0000000796e09200,0x00000007a8b00000)
  to   space 395264K, 0% used [0x0000000778700000,0x0000000778700000,0x0000000790900000)
 ParOldGen       total 824320K, used 823839K [0x00000006c0e00000, 0x00000006f3300000, 0x000000076af80000)
  object space 824320K, 99% used [0x00000006c0e00000,0x00000006f3287e48,0x00000006f3300000)
 Metaspace       used 20401K, capacity 20689K, committed 21120K, reserved 1069056K
  class space    used 2288K, capacity 2372K, committed 2432K, reserved 1048576K
Event: 117.296 GC heap after
Heap after GC invocations=16 (full 4):
 PSYoungGen      total 593408K, used 0K [0x000000076af80000, 0x00000007a8b00000, 0x00000007c0000000)
  eden space 220672K, 0% used [0x000000076af80000,0x000000076af80000,0x0000000778700000)
  from space 372736K, 0% used [0x0000000791f00000,0x0000000791f00000,0x00000007a8b00000)
  to   space 395264K, 0% used [0x0000000778700000,0x0000000778700000,0x0000000790900000)
 ParOldGen       total 414720K, used 16014K [0x00000006c0e00000, 0x00000006da300000, 0x000000076af80000)
  object space 414720K, 3% used [0x00000006c0e00000,0x00000006c1da3980,0x00000006da300000)
 Metaspace       used 20401K, capacity 20689K, committed 21120K, reserved 1069056K
  class space    used 2288K, capacity 2372K, committed 2432K, reserved 1048576K
}

Deoptimization events (10 events):
Event: 37.092 Thread 0x000000001f005000 Uncommon trap: reason=array_check action=maybe_recompile pc=0x000000000380d264 method=com.jme3.util.SortUtil.merge([Ljava/lang/Object;[Ljava/lang/Object;IIILjava/util/Comparator;)V @ 56
Event: 37.109 Thread 0x000000001f005000 Uncommon trap: reason=array_check action=maybe_recompile pc=0x000000000380d264 method=com.jme3.util.SortUtil.merge([Ljava/lang/Object;[Ljava/lang/Object;IIILjava/util/Comparator;)V @ 56
Event: 38.143 Thread 0x000000001f005000 Uncommon trap: reason=predicate action=maybe_recompile pc=0x000000000343e0b8 method=com.jme3.util.SortUtil.merge([Ljava/lang/Object;[Ljava/lang/Object;IIILjava/util/Comparator;)V @ 104
Event: 38.893 Thread 0x000000001f005000 Uncommon trap: reason=array_check action=maybe_recompile pc=0x00000000039fe888 method=com.jme3.util.SortUtil.merge([Ljava/lang/Object;[Ljava/lang/Object;IIILjava/util/Comparator;)V @ 116
Event: 38.909 Thread 0x000000001f005000 Uncommon trap: reason=array_check action=maybe_recompile pc=0x00000000039fe888 method=com.jme3.util.SortUtil.merge([Ljava/lang/Object;[Ljava/lang/Object;IIILjava/util/Comparator;)V @ 116
Event: 39.659 Thread 0x000000001f005000 Uncommon trap: reason=array_check action=maybe_recompile pc=0x000000000352dae4 method=com.jme3.util.SortUtil.merge([Ljava/lang/Object;[Ljava/lang/Object;IIILjava/util/Comparator;)V @ 137
Event: 39.676 Thread 0x000000001f005000 Uncommon trap: reason=array_check action=maybe_recompile pc=0x000000000352dae4 method=com.jme3.util.SortUtil.merge([Ljava/lang/Object;[Ljava/lang/Object;IIILjava/util/Comparator;)V @ 137
Event: 53.228 Thread 0x000000001f005000 Uncommon trap: reason=unstable_if action=reinterpret pc=0x00000000037ff67c method=java.lang.Math.signum(F)F @ 3
Event: 116.948 Thread 0x000000001f005000 Uncommon trap: reason=class_check action=maybe_recompile pc=0x0000000003a770f8 method=com.jme3.input.InputManager.invokeAnalogs(IFZ)V @ 92
Event: 117.099 Thread 0x000000001f005000 Uncommon trap: reason=unstable_if action=reinterpret pc=0x0000000003b810a4 method=java.util.HashMap$HashIterator.<init>(Ljava/util/HashMap;)V @ 45

Internal exceptions (10 events):
Event: 0.739 Thread 0x000000001eda7800 Exception <a 'java/lang/NoClassDefFoundError'> (0x000000076bad0568) thrown at [C:\re\workspace\8-2-build-windows-amd64-cygwin\jdk8u111\7883\hotspot\src\share\vm\prims\jvm.cpp, line 1390]
Event: 3.757 Thread 0x000000001f005000 Exception <a 'java/security/PrivilegedActionException'> (0x000000076dabb5e0) thrown at [C:\re\workspace\8-2-build-windows-amd64-cygwin\jdk8u111\7883\hotspot\src\share\vm\prims\jvm.cpp, line 1386]
Event: 3.757 Thread 0x000000001f005000 Exception <a 'java/security/PrivilegedActionException'> (0x000000076dabd150) thrown at [C:\re\workspace\8-2-build-windows-amd64-cygwin\jdk8u111\7883\hotspot\src\share\vm\prims\jvm.cpp, line 1386]
Event: 3.757 Thread 0x000000001f005000 Exception <a 'java/security/PrivilegedActionException'> (0x000000076dabe270) thrown at [C:\re\workspace\8-2-build-windows-amd64-cygwin\jdk8u111\7883\hotspot\src\share\vm\prims\jvm.cpp, line 1386]
Event: 3.758 Thread 0x000000001f005000 Exception <a 'java/security/PrivilegedActionException'> (0x000000076dac3390) thrown at [C:\re\workspace\8-2-build-windows-amd64-cygwin\jdk8u111\7883\hotspot\src\share\vm\prims\jvm.cpp, line 1386]
Event: 3.758 Thread 0x000000001f005000 Exception <a 'java/security/PrivilegedActionException'> (0x000000076dac3fe8) thrown at [C:\re\workspace\8-2-build-windows-amd64-cygwin\jdk8u111\7883\hotspot\src\share\vm\prims\jvm.cpp, line 1386]
Event: 3.758 Thread 0x000000001f005000 Exception <a 'java/security/PrivilegedActionException'> (0x000000076dac4c10) thrown at [C:\re\workspace\8-2-build-windows-amd64-cygwin\jdk8u111\7883\hotspot\src\share\vm\prims\jvm.cpp, line 1386]
Event: 8.503 Thread 0x000000001f005000 Implicit null exception at 0x00000000039143e1 to 0x00000000039146d9
Event: 8.570 Thread 0x000000001f005000 Implicit null exception at 0x00000000038aa04c to 0x00000000038aa1e5
Event: 117.096 Thread 0x0000000029b9a000 Exception <a 'java/lang/InterruptedException': sleep interrupted> (0x00000007760c1088) thrown at [C:\re\workspace\8-2-build-windows-amd64-cygwin\jdk8u111\7883\hotspot\src\share\vm\prims\jvm.cpp, line 3224]

Events (10 events):
Event: 117.100 Thread 0x000000002a5d3000 Thread added: 0x000000002a5d3000
Event: 117.100 Executing VM operation: ParallelGCFailedAllocation
Event: 117.297 Executing VM operation: ParallelGCFailedAllocation done
Event: 117.297 Thread 0x000000002a5ce800 Thread exited: 0x000000002a5ce800
Event: 117.297 Thread 0x000000001f0a5000 Thread exited: 0x000000001f0a5000
Event: 117.297 Thread 0x000000002a5ce800 Thread added: 0x000000002a5ce800
Event: 117.297 Thread 0x000000002a5d2800 Thread exited: 0x000000002a5d2800
Event: 117.298 Thread 0x000000002a5ce000 Thread exited: 0x000000002a5ce000
Event: 117.298 loading class sun/java2d/pipe/hw/AccelDeviceEventNotifier
Event: 117.298 loading class sun/java2d/pipe/hw/AccelDeviceEventNotifier done


Dynamic libraries:
0x00007ff6b26a0000 - 0x00007ff6b26d7000 	E:\Logiciels\jmonkeyplatform\jdk\bin\java.exe
0x00007ffd96a10000 - 0x00007ffd96beb000 	C:\Windows\SYSTEM32\ntdll.dll
0x00007ffd96510000 - 0x00007ffd965be000 	C:\Windows\System32\KERNEL32.DLL
0x00007ffd939b0000 - 0x00007ffd93bf9000 	C:\Windows\System32\KERNELBASE.dll
0x00007ffd95ed0000 - 0x00007ffd95f71000 	C:\Windows\System32\ADVAPI32.dll
0x00007ffd95f80000 - 0x00007ffd9601d000 	C:\Windows\System32\msvcrt.dll
0x00007ffd943c0000 - 0x00007ffd94419000 	C:\Windows\System32\sechost.dll
0x00007ffd96130000 - 0x00007ffd96255000 	C:\Windows\System32\RPCRT4.dll
0x00007ffd93f70000 - 0x00007ffd940ba000 	C:\Windows\System32\USER32.dll
0x00007ffd93f50000 - 0x00007ffd93f6e000 	C:\Windows\System32\win32u.dll
0x00007ffd96420000 - 0x00007ffd96447000 	C:\Windows\System32\GDI32.dll
0x00007ffd93c00000 - 0x00007ffd93d88000 	C:\Windows\System32\gdi32full.dll
0x00007ffd93e40000 - 0x00007ffd93eda000 	C:\Windows\System32\msvcp_win.dll
0x00007ffd92f30000 - 0x00007ffd93026000 	C:\Windows\System32\ucrtbase.dll
0x00007ffd86370000 - 0x00007ffd865d7000 	C:\Windows\WinSxS\amd64_microsoft.windows.common-controls_6595b64144ccf1df_6.0.15063.483_none_26002d27e7c744a2\COMCTL32.dll
0x00007ffd940c0000 - 0x00007ffd943b9000 	C:\Windows\System32\combase.dll
0x00007ffd93ee0000 - 0x00007ffd93f4a000 	C:\Windows\System32\bcryptPrimitives.dll
0x00007ffd95ea0000 - 0x00007ffd95ecd000 	C:\Windows\System32\IMM32.DLL
0x0000000067040000 - 0x0000000067112000 	E:\Logiciels\jmonkeyplatform\jdk\jre\bin\msvcr100.dll
0x000000006a610000 - 0x000000006aeaa000 	E:\Logiciels\jmonkeyplatform\jdk\jre\bin\server\jvm.dll
0x00007ffd965c0000 - 0x00007ffd965c8000 	C:\Windows\System32\PSAPI.DLL
0x00007ffd908d0000 - 0x00007ffd908f3000 	C:\Windows\SYSTEM32\WINMM.dll
0x00007ffd8d730000 - 0x00007ffd8d739000 	C:\Windows\SYSTEM32\WSOCK32.dll
0x00007ffd91280000 - 0x00007ffd9128a000 	C:\Windows\SYSTEM32\VERSION.dll
0x00007ffd95b50000 - 0x00007ffd95bbc000 	C:\Windows\System32\WS2_32.dll
0x00007ffd90840000 - 0x00007ffd9086b000 	C:\Windows\SYSTEM32\winmmbase.dll
0x00007ffd93030000 - 0x00007ffd93079000 	C:\Windows\System32\cfgmgr32.dll
0x000000006a520000 - 0x000000006a52f000 	E:\Logiciels\jmonkeyplatform\jdk\jre\bin\verify.dll
0x000000006a4f0000 - 0x000000006a519000 	E:\Logiciels\jmonkeyplatform\jdk\jre\bin\java.dll
0x000000006a4d0000 - 0x000000006a4e6000 	E:\Logiciels\jmonkeyplatform\jdk\jre\bin\zip.dll
0x00007ffd945e0000 - 0x00007ffd95a17000 	C:\Windows\System32\SHELL32.dll
0x00007ffd95df0000 - 0x00007ffd95e9a000 	C:\Windows\System32\shcore.dll
0x00007ffd930e0000 - 0x00007ffd937d3000 	C:\Windows\System32\windows.storage.dll
0x00007ffd95bc0000 - 0x00007ffd95c11000 	C:\Windows\System32\shlwapi.dll
0x00007ffd92ec0000 - 0x00007ffd92ed1000 	C:\Windows\System32\kernel.appcore.dll
0x00007ffd92ee0000 - 0x00007ffd92f2c000 	C:\Windows\System32\powrprof.dll
0x00007ffd92ea0000 - 0x00007ffd92eb5000 	C:\Windows\System32\profapi.dll
0x000000006a2f0000 - 0x000000006a488000 	E:\Logiciels\jmonkeyplatform\jdk\jre\bin\awt.dll
0x00007ffd96450000 - 0x00007ffd96510000 	C:\Windows\System32\OLEAUT32.dll
0x00007ffd90b00000 - 0x00007ffd90b7e000 	C:\Windows\SYSTEM32\apphelp.dll
0x00007ffd90cd0000 - 0x00007ffd90d65000 	C:\Windows\system32\uxtheme.dll
0x00007ffd95c20000 - 0x00007ffd95d86000 	C:\Windows\System32\MSCTF.dll
0x00007ffd91680000 - 0x00007ffd916aa000 	C:\Windows\system32\dwmapi.dll
0x00007ffd94430000 - 0x00007ffd94575000 	C:\Windows\System32\ole32.dll
0x00007ffd6e8b0000 - 0x00007ffd6ea39000 	C:\Windows\system32\d3d9.dll
0x00007ffd8bbe0000 - 0x00007ffd8bcc1000 	C:\Windows\System32\DriverStore\FileRepository\nv_dispi.inf_amd64_24ddebfb518b5a55\nvldumdx.dll
0x00007ffd937e0000 - 0x00007ffd939a9000 	C:\Windows\System32\crypt32.dll
0x00007ffd92e80000 - 0x00007ffd92e91000 	C:\Windows\System32\MSASN1.dll
0x00007ffd93080000 - 0x00007ffd930d6000 	C:\Windows\System32\WINTRUST.DLL
0x00007ffd96260000 - 0x00007ffd9627d000 	C:\Windows\System32\imagehlp.dll
0x00007ffd92830000 - 0x00007ffd92847000 	C:\Windows\SYSTEM32\CRYPTSP.dll
0x00007ffd92020000 - 0x00007ffd92054000 	C:\Windows\system32\rsaenh.dll
0x00007ffd92d50000 - 0x00007ffd92d75000 	C:\Windows\SYSTEM32\bcrypt.dll
0x00007ffd925a0000 - 0x00007ffd925ab000 	C:\Windows\SYSTEM32\CRYPTBASE.dll
0x00007ffd4efd0000 - 0x00007ffd50133000 	C:\Windows\System32\DriverStore\FileRepository\nv_dispi.inf_amd64_24ddebfb518b5a55\nvd3dumx.dll
0x00007ffd7a2c0000 - 0x00007ffd7a49c000 	C:\Windows\system32\nvspcap64.dll
0x00007ffd965d0000 - 0x00007ffd96a0b000 	C:\Windows\System32\SETUPAPI.dll
0x00007ffd8d7b0000 - 0x00007ffd8d887000 	C:\Windows\SYSTEM32\WINHTTP.dll
0x00007ffd8f230000 - 0x00007ffd8f243000 	C:\Windows\SYSTEM32\WTSAPI32.dll
0x00007ffd882e0000 - 0x00007ffd8871f000 	C:\Windows\system32\nvapi64.dll
0x00007ffd91320000 - 0x00007ffd913c4000 	C:\Windows\SYSTEM32\dxgi.dll
0x00007ffd90f50000 - 0x00007ffd90f78000 	C:\Windows\SYSTEM32\DEVOBJ.dll
0x00007ffd8c900000 - 0x00007ffd8c9ea000 	C:\Program Files (x86)\NVIDIA Corporation\3D Vision\nvSCPAPI64.dll
0x000000006a260000 - 0x000000006a2a7000 	E:\Logiciels\jmonkeyplatform\jdk\jre\bin\fontmanager.dll
0x000000006a4b0000 - 0x000000006a4ca000 	E:\Logiciels\jmonkeyplatform\jdk\jre\bin\net.dll
0x00007ffd92400000 - 0x00007ffd9245c000 	C:\Windows\system32\mswsock.dll
0x000000006a490000 - 0x000000006a4a1000 	E:\Logiciels\jmonkeyplatform\jdk\jre\bin\nio.dll
0x000000006a210000 - 0x000000006a252000 	E:\Logiciels\jmonkeyplatform\jdk\jre\bin\t2k.dll
0x00007ffd8b6f0000 - 0x00007ffd8b772000 	C:\Windows\System32\TextInputFramework.dll
0x00007ffd90330000 - 0x00007ffd90413000 	C:\Windows\System32\CoreMessaging.dll
0x00007ffd8dee0000 - 0x00007ffd8e1b2000 	C:\Windows\System32\CoreUIComponents.dll
0x00007ffd91e50000 - 0x00007ffd91e81000 	C:\Windows\SYSTEM32\ntmarta.dll
0x00007ffd8e6b0000 - 0x00007ffd8e7e9000 	C:\Windows\SYSTEM32\wintypes.dll
0x00007ffd8f190000 - 0x00007ffd8f1a5000 	C:\Windows\SYSTEM32\usermgrcli.dll
0x00007ffd6edf0000 - 0x00007ffd6f008000 	F:\Users\Thonon\Documents\JME Apps\Bilou\bulletjme.dll
0x0000000180000000 - 0x0000000180064000 	F:\Users\Thonon\Documents\JME Apps\Bilou\OpenAL64.dll
0x000000001fe60000 - 0x000000001fe76000 	F:\Users\Thonon\Documents\JME Apps\Bilou\jinput-dx8_64.dll
0x00007ffd75240000 - 0x00007ffd75282000 	C:\Windows\SYSTEM32\DINPUT8.dll
0x0000000026af0000 - 0x0000000026b43000 	F:\Users\Thonon\Documents\JME Apps\Bilou\lwjgl64.dll
0x00007ffd6cb10000 - 0x00007ffd6cc31000 	C:\Windows\SYSTEM32\OPENGL32.dll
0x00007ffd773b0000 - 0x00007ffd773dc000 	C:\Windows\SYSTEM32\GLU32.dll
0x0000000067f40000 - 0x000000006a1a9000 	C:\Windows\SYSTEM32\nvoglv64.DLL
0x00007ffd92cf0000 - 0x00007ffd92d45000 	C:\Windows\SYSTEM32\WINSTA.dll
0x00007ffd8bcd0000 - 0x00007ffd8bd63000 	C:\Windows\SYSTEM32\mscms.dll
0x00007ffd92db0000 - 0x00007ffd92dd9000 	C:\Windows\SYSTEM32\USERENV.dll
0x00007ffd87000000 - 0x00007ffd87041000 	C:\Windows\SYSTEM32\icm32.dll
0x00007ffd91270000 - 0x00007ffd9127d000 	C:\Windows\SYSTEM32\HID.DLL
0x000000001f330000 - 0x000000001f344000 	F:\Users\Thonon\Documents\JME Apps\Bilou\jinput-raw_64.dll
0x00007ffd95ab0000 - 0x00007ffd95b4e000 	C:\Windows\System32\clbcatq.dll
0x00007ffd8cb00000 - 0x00007ffd8cb67000 	C:\Windows\System32\MMDevApi.dll
0x00007ffd8f2b0000 - 0x00007ffd8f446000 	C:\Windows\System32\PROPSYS.dll
0x00007ffd843e0000 - 0x00007ffd8446c000 	C:\Windows\SYSTEM32\dsound.dll
0x00007ffd88b80000 - 0x00007ffd88c85000 	C:\Windows\SYSTEM32\AUDIOSES.DLL
0x00007ffd8e390000 - 0x00007ffd8e39b000 	C:\Windows\SYSTEM32\AVRT.dll
0x0000000067640000 - 0x0000000067671000 	E:\Logiciels\jmonkeyplatform\jdk\jre\bin\jpeg.dll
0x00007ffd92c50000 - 0x00007ffd92cea000 	C:\Windows\SYSTEM32\sxs.dll
0x00007ffd929c0000 - 0x00007ffd92b69000 	C:\Windows\SYSTEM32\dbghelp.dll

VM Arguments:
jvm_args: -Dfile.encoding=UTF-8 
java_command: mygame.Main
java_class_path (initial): C:\Users\thonon\Downloads\PathFinder3dLib.jar;C:\Users\thonon\Downloads\jmonkeyengine-master\build\libDist\lib-ext\android.jar;C:\Users\thonon\Downloads\jmonkeyengine-master\build\libDist\lib-ext\core-0.27.jar;C:\Users\thonon\Downloads\jmonkeyengine-master\build\libDist\lib-ext\dense64-0.27.jar;C:\Users\thonon\Downloads\jmonkeyengine-master\build\libDist\lib-ext\denseC64-0.27.jar;C:\Users\thonon\Downloads\jmonkeyengine-master\build\libDist\lib-ext\eventbus-1.4.jar;C:\Users\thonon\Downloads\jmonkeyengine-master\build\libDist\lib-ext\gluegen-rt-2.3.2-natives-android-aarch64.jar;C:\Users\thonon\Downloads\jmonkeyengine-master\build\libDist\lib-ext\gluegen-rt-2.3.2-natives-android-armv6.jar;C:\Users\thonon\Downloads\jmonkeyengine-master\build\libDist\lib-ext\gluegen-rt-2.3.2-natives-linux-amd64.jar;C:\Users\thonon\Downloads\jmonkeyengine-master\build\libDist\lib-ext\gluegen-rt-2.3.2-natives-linux-armv6.jar;C:\Users\thonon\Downloads\jmonkeyengine-master\build\libDist\lib-ext\gluegen-rt-2.3.2-natives-linux-armv6hf.jar;C:\Users\thonon\Downloads\jmonkeyengine-master\build\libDist\lib-ext\gluegen-rt-2.3.2-natives-linux-i586.jar;C:\Users\thonon\Downloads\jmonkeyengine-master\build\libDist\lib-ext\gluegen-rt-2.3.2-natives-macosx-universal.jar;C:\Users\thonon\Downloads\jmonkeyengine-master\build\libDist\lib-ext\gluegen-rt-2.3.2-natives-solaris-amd64.jar;C:\Users\thonon\Downloads\jmonkeyengine-master\build\libDist\lib-ext\gluegen-rt-2.3.2-natives-solaris-i586.jar;C:\Users\thonon\Downloads\jmonkeyengine-master\build\libDist\lib-ext\gluegen-rt-2.3.2-natives-windows-amd64.jar;C:\Users\thonon\Downloads\jmonkeyengine-master\build\libDist\lib-ext\gluegen-rt-2.3.2-natives-windows-i586.jar;C:\Users\thonon\Downloads\jmonkeyengine-master\build\libDist\lib-ext\gluegen-rt-2.3.2.jar;C:\Users\thonon\Downloads\jmonkeyengine-master\build\libDist\lib-ext\gluegen-rt-main-2.3.2.jar;C:\Users\thonon\Downloads\jmonkeyengine-master\build\libDist\lib-ext\j-ogg-all-1.0.0.jar;
Launcher Type: SUN_STANDARD

Environment Variables:
PATH=C:\ProgramData\Oracle\Java\javapath;C:\Windows\system32;C:\Windows;C:\Windows\System32\Wbem;C:\Windows\System32\WindowsPowerShell\v1.0\;C:\Program Files (x86)\NVIDIA Corporation\PhysX\Common;C:\Users\thonon\AppData\Local\Microsoft\WindowsApps;
USERNAME=thonon
OS=Windows_NT
PROCESSOR_IDENTIFIER=Intel64 Family 6 Model 158 Stepping 9, GenuineIntel



---------------  S Y S T E M  ---------------

OS: Windows 10.0 , 64 bit Build 15063 (10.0.15063.296)

CPU:total 4 (4 cores per cpu, 1 threads per core) family 6 model 158 stepping 9, cmov, cx8, fxsr, mmx, sse, sse2, sse3, ssse3, sse4.1, sse4.2, popcnt, avx, avx2, aes, clmul, erms, rtm, 3dnowpref, lzcnt, tsc, tscinvbit, bmi1, bmi2, adx

Memory: 4k page, physical 16719060k(9158800k free), swap 19209428k(9389128k free)

vm_info: Java HotSpot(TM) 64-Bit Server VM (25.111-b14) for windows-amd64 JRE (1.8.0_111-b14), built on Sep 22 2016 19:24:05 by "java_re" with MS VC++ 10.0 (VS2010)

time: Sat Aug 26 23:28:34 2017
elapsed time: 117 seconds (0d 0h 1m 57s)

