#
# A fatal error has been detected by the Java Runtime Environment:
#
#  EXCEPTION_ACCESS_VIOLATION (0xc0000005) at pc=0x00007ffd6df1e23a, pid=4824, tid=0x0000000000001864
#
# JRE version: Java(TM) SE Runtime Environment (8.0_111-b14) (build 1.8.0_111-b14)
# Java VM: Java HotSpot(TM) 64-Bit Server VM (25.111-b14 mixed mode windows-amd64 compressed oops)
# Problematic frame:
# C  [bulletjme.dll+0x8e23a]
#
# Failed to write core dump. Minidumps are not enabled by default on client versions of Windows
#
# If you would like to submit a bug report, please visit:
#   http://bugreport.java.com/bugreport/crash.jsp
# The crash happened outside the Java Virtual Machine in native code.
# See problematic frame for where to report the bug.
#

---------------  T H R E A D  ---------------

Current thread (0x000000001c6ba800):  JavaThread "Finalizer" daemon [_thread_in_native, id=6244, stack(0x000000001d930000,0x000000001da30000)]

siginfo: ExceptionCode=0xc0000005, reading address 0x000000002d7ac7e8

Registers:
RAX=0x000000002d7ac720, RBX=0x000000002fd1e1b0, RCX=0x000000002d7ac720, RDX=0x000000000000001a
RSP=0x000000001da2ee98, RBP=0x000000001da2f0e0, RSI=0x0000000030a31e18, RDI=0x000000076b717898
R8 =0x0000000000f01800, R9 =0x0000000000008000, R10=0x000000002cf43010, R11=0x0000000000000000
R12=0x0000000000000000, R13=0x000000002fd1e1b0, R14=0x000000001da2f110, R15=0x000000001c6ba800
RIP=0x00007ffd6df1e23a, EFLAGS=0x0000000000010206

Top of Stack: (sp=0x000000001da2ee98)
0x000000001da2ee98:   00007ffd6df7494e 000000002d7ac720
0x000000001da2eea8:   000000000000001a 000000002d5f81d0
0x000000001da2eeb8:   00007ffd6dffa5da 000000000000001a
0x000000001da2eec8:   000000002cf72870 000000002d4f5d20
0x000000001da2eed8:   000000002cdb6bf0 000000002d4f5d20
0x000000001da2eee8:   000000002d7ac720 000000001c6bb338
0x000000001da2eef8:   00007ffd6dfc87e2 0000000025f6ea40
0x000000001da2ef08:   000000006a7eb4a1 000000001c6baf50
0x000000001da2ef18:   000000001da2f030 000000001da2efa0
0x000000001da2ef28:   00007ffd6e01a760 0000000025f6ea40
0x000000001da2ef38:   0000000000000000 000000002fd1e1b0
0x000000001da2ef48:   000000001c6ba800 000000001c6ba800
0x000000001da2ef58:   00007ffd6e01df87 0000000025f6ea40
0x000000001da2ef68:   0000000000000000 000000001da2f030
0x000000001da2ef78:   000000006a7eb687 000000001da2f030
0x000000001da2ef88:   00007ffd6dfe26bd 0000000025f6ea40 

Instructions: (pc=0x00007ffd6df1e23a)
0x00007ffd6df1e21a:   f3 0f 10 80 60 02 00 00 c3 cc cc cc cc cc cc cc
0x00007ffd6df1e22a:   cc cc cc cc cc cc 48 89 4c 24 08 48 8b 44 24 08
0x00007ffd6df1e23a:   48 8b 80 c8 00 00 00 c3 cc cc cc cc cc cc cc cc
0x00007ffd6df1e24a:   cc cc cc cc cc cc 48 89 4c 24 08 48 8b 44 24 08 


Register to memory mapping:

RAX=0x000000002d7ac720 is an unknown value
RBX={method} {0x000000002fd1e1b8} 'finalizeNative' '(J)V' in 'com/jme3/bullet/PhysicsSpace'
RCX=0x000000002d7ac720 is an unknown value
RDX=0x000000000000001a is an unknown value
RSP=0x000000001da2ee98 is pointing into the stack for thread: 0x000000001c6ba800
RBP=0x000000001da2f0e0 is pointing into the stack for thread: 0x000000001c6ba800
RSI=0x0000000030a31e18 is pointing into metadata
RDI=0x000000076b717898 is an oop
java.lang.String 
 - klass: 'java/lang/String'
R8 =0x0000000000f01800 is an unknown value
R9 =0x0000000000008000 is an unknown value
R10=0x000000002cf43010 is an unknown value
R11=0x0000000000000000 is an unknown value
R12=0x0000000000000000 is an unknown value
R13={method} {0x000000002fd1e1b8} 'finalizeNative' '(J)V' in 'com/jme3/bullet/PhysicsSpace'
R14=0x000000001da2f110 is pointing into the stack for thread: 0x000000001c6ba800
R15=0x000000001c6ba800 is a thread


Stack: [0x000000001d930000,0x000000001da30000],  sp=0x000000001da2ee98,  free space=1019k
Native frames: (J=compiled Java code, j=interpreted, Vv=VM code, C=native code)
C  [bulletjme.dll+0x8e23a]

Java frames: (J=compiled Java code, j=interpreted, Vv=VM code)
j  com.jme3.bullet.PhysicsSpace.finalizeNative(J)V+0
j  com.jme3.bullet.PhysicsSpace.finalize()V+34
J 1441 C1 java.lang.ref.Finalizer.runFinalizer(Lsun/misc/JavaLangAccess;)V (62 bytes) @ 0x000000000355b414 [0x000000000355ae80+0x594]
J 1440 C1 java.lang.ref.Finalizer.access$100(Ljava/lang/ref/Finalizer;Lsun/misc/JavaLangAccess;)V (6 bytes) @ 0x0000000003558adc [0x0000000003558a80+0x5c]
j  java.lang.ref.Finalizer$FinalizerThread.run()V+45
v  ~StubRoutines::call_stub

---------------  P R O C E S S  ---------------

Java Threads: ( => current thread )
  0x0000000029e77800 JavaThread "AWT-Shutdown" [_thread_blocked, id=3496, stack(0x0000000035ac0000,0x0000000035bc0000)]
  0x0000000029e75800 JavaThread "Thread-1" daemon [_thread_in_native, id=12212, stack(0x00000000356c0000,0x00000000357c0000)]
  0x0000000029e76000 JavaThread "Thread-5" daemon [_thread_in_native, id=9624, stack(0x000000002fe50000,0x000000002ff50000)]
  0x0000000002f85000 JavaThread "DestroyJavaVM" [_thread_blocked, id=7684, stack(0x0000000002e80000,0x0000000002f80000)]
  0x000000001ede6800 JavaThread "TimerQueue" daemon [_thread_blocked, id=6576, stack(0x000000002aaf0000,0x000000002abf0000)]
  0x000000001e9f4800 JavaThread "Java2D Disposer" daemon [_thread_blocked, id=11956, stack(0x000000001efa0000,0x000000001f0a0000)]
  0x000000001e063800 JavaThread "Service Thread" daemon [_thread_blocked, id=5232, stack(0x000000001e440000,0x000000001e540000)]
  0x000000001c6d9800 JavaThread "C1 CompilerThread2" daemon [_thread_blocked, id=7448, stack(0x000000001df40000,0x000000001e040000)]
  0x000000001c6d6000 JavaThread "C2 CompilerThread1" daemon [_thread_blocked, id=2700, stack(0x000000001de40000,0x000000001df40000)]
  0x000000001c6d3800 JavaThread "C2 CompilerThread0" daemon [_thread_blocked, id=2848, stack(0x000000001dd40000,0x000000001de40000)]
  0x000000001c6d2000 JavaThread "Attach Listener" daemon [_thread_blocked, id=5512, stack(0x000000001dc40000,0x000000001dd40000)]
  0x000000001c6d0800 JavaThread "Signal Dispatcher" daemon [_thread_blocked, id=5064, stack(0x000000001db40000,0x000000001dc40000)]
=>0x000000001c6ba800 JavaThread "Finalizer" daemon [_thread_in_native, id=6244, stack(0x000000001d930000,0x000000001da30000)]
  0x0000000003074000 JavaThread "Reference Handler" daemon [_thread_blocked, id=9392, stack(0x000000001d830000,0x000000001d930000)]

Other Threads:
  0x000000001c696800 VMThread [stack: 0x000000001d730000,0x000000001d830000] [id=3720]
  0x000000001e0d1800 WatcherThread [stack: 0x000000001e540000,0x000000001e640000] [id=9584]

VM state:not at safepoint (normal execution)

VM Mutex/Monitor currently owned by a thread: None

Heap:
 PSYoungGen      total 529920K, used 9651K [0x000000076af80000, 0x00000007a7280000, 0x00000007c0000000)
  eden space 193024K, 5% used [0x000000076af80000,0x000000076b8ecef0,0x0000000776c00000)
  from space 336896K, 0% used [0x0000000776c00000,0x0000000776c00000,0x000000078b500000)
  to   space 371712K, 0% used [0x0000000790780000,0x0000000790780000,0x00000007a7280000)
 ParOldGen       total 342016K, used 16702K [0x00000006c0e00000, 0x00000006d5c00000, 0x000000076af80000)
  object space 342016K, 4% used [0x00000006c0e00000,0x00000006c1e4fba8,0x00000006d5c00000)
 Metaspace       used 20445K, capacity 20801K, committed 21120K, reserved 1069056K
  class space    used 2288K, capacity 2372K, committed 2432K, reserved 1048576K

Card table byte_map: [0x0000000012440000,0x0000000012c40000] byte_map_base: 0x000000000ee39000

Marking Bits: (ParMarkBitMap*) 0x000000006ae2a6c0
 Begin Bits: [0x00000000135a0000, 0x0000000017568000)
 End Bits:   [0x0000000017568000, 0x000000001b530000)

Polling page: 0x0000000000fa0000

CodeCache: size=245760Kb used=10848Kb max_used=11285Kb free=234911Kb
 bounds [0x0000000003080000, 0x0000000003ba0000, 0x0000000012080000]
 total_blobs=3705 nmethods=3013 adapters=604
 compilation: enabled

Compilation events (10 events):
Event: 39.501 Thread 0x000000001c6d9800 3421   !   3       java.lang.ref.Reference::tryHandlePending (115 bytes)
Event: 39.502 Thread 0x000000001c6d9800 nmethod 3421 0x00000000036d9950 code [0x00000000036d9b80, 0x00000000036da828]
Event: 39.504 Thread 0x000000001c6d9800 3423       3       java.util.logging.Logger::updateEffectiveLevel (115 bytes)
Event: 39.505 Thread 0x000000001c6d9800 nmethod 3423 0x00000000036c23d0 code [0x00000000036c25c0, 0x00000000036c3028]
Event: 39.505 Thread 0x000000001c6d9800 3422       3       java.util.logging.LogManager::checkPermission (17 bytes)
Event: 39.506 Thread 0x000000001c6d9800 nmethod 3422 0x00000000031ef790 code [0x00000000031ef900, 0x00000000031efbc8]
Event: 39.507 Thread 0x000000001c6d3800 3424   !   4       java.util.logging.LogManager::ensureLogManagerInitialized (128 bytes)
Event: 39.507 Thread 0x000000001c6d3800 nmethod 3424 0x00000000031b0a10 code [0x00000000031b0b40, 0x00000000031b0bb8]
Event: 39.508 Thread 0x000000001c6d9800 3425       3       java.lang.Object::finalize (1 bytes)
Event: 39.508 Thread 0x000000001c6d9800 nmethod 3425 0x000000000326be50 code [0x000000000326bfa0, 0x000000000326c0f0]

GC Heap History (10 events):
Event: 6.553 GC heap before
{Heap before GC invocations=11 (full 2):
 PSYoungGen      total 335360K, used 335360K [0x000000076af80000, 0x000000078f680000, 0x00000007c0000000)
  eden space 167936K, 100% used [0x000000076af80000,0x0000000775380000,0x0000000775380000)
  from space 167424K, 100% used [0x0000000782b00000,0x000000078ce80000,0x000000078ce80000)
  to   space 214528K, 0% used [0x0000000775380000,0x0000000775380000,0x0000000782500000)
 ParOldGen       total 484352K, used 294985K [0x00000006c0e00000, 0x00000006de700000, 0x000000076af80000)
  object space 484352K, 60% used [0x00000006c0e00000,0x00000006d2e12528,0x00000006de700000)
 Metaspace       used 19356K, capacity 19675K, committed 20096K, reserved 1067008K
  class space    used 2255K, capacity 2339K, committed 2432K, reserved 1048576K
Event: 6.750 GC heap after
Heap after GC invocations=11 (full 2):
 PSYoungGen      total 382464K, used 214528K [0x000000076af80000, 0x000000079dd00000, 0x00000007c0000000)
  eden space 167936K, 0% used [0x000000076af80000,0x000000076af80000,0x0000000775380000)
  from space 214528K, 100% used [0x0000000775380000,0x0000000782500000,0x0000000782500000)
  to   space 303104K, 0% used [0x000000078b500000,0x000000078b500000,0x000000079dd00000)
 ParOldGen       total 484352K, used 416353K [0x00000006c0e00000, 0x00000006de700000, 0x000000076af80000)
  object space 484352K, 85% used [0x00000006c0e00000,0x00000006da498528,0x00000006de700000)
 Metaspace       used 19356K, capacity 19675K, committed 20096K, reserved 1067008K
  class space    used 2255K, capacity 2339K, committed 2432K, reserved 1048576K
}
Event: 6.750 GC heap before
{Heap before GC invocations=12 (full 3):
 PSYoungGen      total 382464K, used 214528K [0x000000076af80000, 0x000000079dd00000, 0x00000007c0000000)
  eden space 167936K, 0% used [0x000000076af80000,0x000000076af80000,0x0000000775380000)
  from space 214528K, 100% used [0x0000000775380000,0x0000000782500000,0x0000000782500000)
  to   space 303104K, 0% used [0x000000078b500000,0x000000078b500000,0x000000079dd00000)
 ParOldGen       total 484352K, used 416353K [0x00000006c0e00000, 0x00000006de700000, 0x000000076af80000)
  object space 484352K, 85% used [0x00000006c0e00000,0x00000006da498528,0x00000006de700000)
 Metaspace       used 19356K, capacity 19675K, committed 20096K, reserved 1067008K
  class space    used 2255K, capacity 2339K, committed 2432K, reserved 1048576K
Event: 7.216 GC heap after
Heap after GC invocations=12 (full 3):
 PSYoungGen      total 382464K, used 145777K [0x000000076af80000, 0x000000079dd00000, 0x00000007c0000000)
  eden space 167936K, 0% used [0x000000076af80000,0x000000076af80000,0x0000000775380000)
  from space 214528K, 67% used [0x0000000775380000,0x000000077e1dc600,0x0000000782500000)
  to   space 303104K, 0% used [0x000000078b500000,0x000000078b500000,0x000000079dd00000)
 ParOldGen       total 758784K, used 484270K [0x00000006c0e00000, 0x00000006ef300000, 0x000000076af80000)
  object space 758784K, 63% used [0x00000006c0e00000,0x00000006de6eb8c8,0x00000006ef300000)
 Metaspace       used 19356K, capacity 19675K, committed 20096K, reserved 1067008K
  class space    used 2255K, capacity 2339K, committed 2432K, reserved 1048576K
}
Event: 7.238 GC heap before
{Heap before GC invocations=13 (full 3):
 PSYoungGen      total 382464K, used 313713K [0x000000076af80000, 0x000000079dd00000, 0x00000007c0000000)
  eden space 167936K, 100% used [0x000000076af80000,0x0000000775380000,0x0000000775380000)
  from space 214528K, 67% used [0x0000000775380000,0x000000077e1dc600,0x0000000782500000)
  to   space 303104K, 0% used [0x000000078b500000,0x000000078b500000,0x000000079dd00000)
 ParOldGen       total 758784K, used 484270K [0x00000006c0e00000, 0x00000006ef300000, 0x000000076af80000)
  object space 758784K, 63% used [0x00000006c0e00000,0x00000006de6eb8c8,0x00000006ef300000)
 Metaspace       used 19356K, capacity 19675K, committed 20096K, reserved 1067008K
  class space    used 2255K, capacity 2339K, committed 2432K, reserved 1048576K
Event: 7.375 GC heap after
Heap after GC invocations=13 (full 3):
 PSYoungGen      total 496128K, used 250784K [0x000000076af80000, 0x00000007a1680000, 0x00000007c0000000)
  eden space 193024K, 0% used [0x000000076af80000,0x000000076af80000,0x0000000776c00000)
  from space 303104K, 82% used [0x000000078b500000,0x000000079a9e8000,0x000000079dd00000)
  to   space 336896K, 0% used [0x0000000776c00000,0x0000000776c00000,0x000000078b500000)
 ParOldGen       total 758784K, used 547758K [0x00000006c0e00000, 0x00000006ef300000, 0x000000076af80000)
  object space 758784K, 72% used [0x00000006c0e00000,0x00000006e24eb8c8,0x00000006ef300000)
 Metaspace       used 19356K, capacity 19675K, committed 20096K, reserved 1067008K
  class space    used 2255K, capacity 2339K, committed 2432K, reserved 1048576K
}
Event: 39.311 GC heap before
{Heap before GC invocations=14 (full 3):
 PSYoungGen      total 496128K, used 443808K [0x000000076af80000, 0x00000007a1680000, 0x00000007c0000000)
  eden space 193024K, 100% used [0x000000076af80000,0x0000000776c00000,0x0000000776c00000)
  from space 303104K, 82% used [0x000000078b500000,0x000000079a9e8000,0x000000079dd00000)
  to   space 336896K, 0% used [0x0000000776c00000,0x0000000776c00000,0x000000078b500000)
 ParOldGen       total 758784K, used 547758K [0x00000006c0e00000, 0x00000006ef300000, 0x000000076af80000)
  object space 758784K, 72% used [0x00000006c0e00000,0x00000006e24eb8c8,0x00000006ef300000)
 Metaspace       used 20432K, capacity 20737K, committed 21120K, reserved 1069056K
  class space    used 2286K, capacity 2372K, committed 2432K, reserved 1048576K
Event: 39.447 GC heap after
Heap after GC invocations=14 (full 3):
 PSYoungGen      total 529920K, used 273858K [0x000000076af80000, 0x00000007a7280000, 0x00000007c0000000)
  eden space 193024K, 0% used [0x000000076af80000,0x000000076af80000,0x0000000776c00000)
  from space 336896K, 81% used [0x0000000776c00000,0x00000007877708c0,0x000000078b500000)
  to   space 371712K, 0% used [0x0000000790780000,0x0000000790780000,0x00000007a7280000)
 ParOldGen       total 758784K, used 630646K [0x00000006c0e00000, 0x00000006ef300000, 0x000000076af80000)
  object space 758784K, 83% used [0x00000006c0e00000,0x00000006e75dd8c8,0x00000006ef300000)
 Metaspace       used 20432K, capacity 20737K, committed 21120K, reserved 1069056K
  class space    used 2286K, capacity 2372K, committed 2432K, reserved 1048576K
}
Event: 39.447 GC heap before
{Heap before GC invocations=15 (full 4):
 PSYoungGen      total 529920K, used 273858K [0x000000076af80000, 0x00000007a7280000, 0x00000007c0000000)
  eden space 193024K, 0% used [0x000000076af80000,0x000000076af80000,0x0000000776c00000)
  from space 336896K, 81% used [0x0000000776c00000,0x00000007877708c0,0x000000078b500000)
  to   space 371712K, 0% used [0x0000000790780000,0x0000000790780000,0x00000007a7280000)
 ParOldGen       total 758784K, used 630646K [0x00000006c0e00000, 0x00000006ef300000, 0x000000076af80000)
  object space 758784K, 83% used [0x00000006c0e00000,0x00000006e75dd8c8,0x00000006ef300000)
 Metaspace       used 20432K, capacity 20737K, committed 21120K, reserved 1069056K
  class space    used 2286K, capacity 2372K, committed 2432K, reserved 1048576K
Event: 39.501 GC heap after
Heap after GC invocations=15 (full 4):
 PSYoungGen      total 529920K, used 0K [0x000000076af80000, 0x00000007a7280000, 0x00000007c0000000)
  eden space 193024K, 0% used [0x000000076af80000,0x000000076af80000,0x0000000776c00000)
  from space 336896K, 0% used [0x0000000776c00000,0x0000000776c00000,0x000000078b500000)
  to   space 371712K, 0% used [0x0000000790780000,0x0000000790780000,0x00000007a7280000)
 ParOldGen       total 342016K, used 16702K [0x00000006c0e00000, 0x00000006d5c00000, 0x000000076af80000)
  object space 342016K, 4% used [0x00000006c0e00000,0x00000006c1e4fba8,0x00000006d5c00000)
 Metaspace       used 20432K, capacity 20737K, committed 21120K, reserved 1069056K
  class space    used 2286K, capacity 2372K, committed 2432K, reserved 1048576K
}

Deoptimization events (10 events):
Event: 26.278 Thread 0x0000000029b23800 Uncommon trap: reason=array_check action=maybe_recompile pc=0x00000000036fb6e4 method=com.jme3.util.SortUtil.merge([Ljava/lang/Object;[Ljava/lang/Object;IIILjava/util/Comparator;)V @ 137
Event: 26.295 Thread 0x0000000029b23800 Uncommon trap: reason=array_check action=maybe_recompile pc=0x00000000036fb6e4 method=com.jme3.util.SortUtil.merge([Ljava/lang/Object;[Ljava/lang/Object;IIILjava/util/Comparator;)V @ 137
Event: 26.862 Thread 0x0000000029b23800 Uncommon trap: reason=unstable_if action=reinterpret pc=0x0000000003abc510 method=com.jme3.math.Matrix4f.equals(Ljava/lang/Object;)Z @ 180
Event: 27.345 Thread 0x0000000029b23800 Uncommon trap: reason=unstable_if action=reinterpret pc=0x0000000003aafa94 method=com.jme3.math.Matrix4f.equals(Ljava/lang/Object;)Z @ 164
Event: 27.428 Thread 0x0000000029b23800 Uncommon trap: reason=unstable_if action=reinterpret pc=0x0000000003b6b648 method=com.jme3.bounding.BoundingBox.collideWithRay(Lcom/jme3/math/Ray;Lcom/jme3/collision/CollisionResults;)I @ 235
Event: 27.428 Thread 0x0000000029b23800 Uncommon trap: reason=unstable_if action=reinterpret pc=0x0000000003b28634 method=com.jme3.collision.bih.BIHTree.collideWithRay(Lcom/jme3/math/Ray;Lcom/jme3/math/Matrix4f;Lcom/jme3/bounding/BoundingVolume;Lcom/jme3/collision/CollisionResults;)I @ 82
Event: 27.646 Thread 0x0000000029b23800 Uncommon trap: reason=unstable_if action=reinterpret pc=0x0000000003197108 method=com.jme3.util.ListSort.innerMergeHigh(Ljava/util/Comparator;[Ljava/lang/Object;[Ljava/lang/Object;I)V @ 22
Event: 27.646 Thread 0x0000000029b23800 Uncommon trap: reason=array_check action=maybe_recompile pc=0x00000000035cd02c method=com.jme3.util.ListSort.mergeHigh(IIII)V @ 211
Event: 27.646 Thread 0x0000000029b23800 Uncommon trap: reason=array_check action=maybe_recompile pc=0x00000000035cd02c method=com.jme3.util.ListSort.mergeHigh(IIII)V @ 211
Event: 39.310 Thread 0x0000000029b23800 Uncommon trap: reason=unstable_if action=reinterpret pc=0x0000000003a3b924 method=java.util.HashMap$HashIterator.<init>(Ljava/util/HashMap;)V @ 45

Internal exceptions (10 events):
Event: 2.621 Thread 0x0000000029b23800 Exception <a 'java/security/PrivilegedActionException'> (0x000000076d973a98) thrown at [C:\re\workspace\8-2-build-windows-amd64-cygwin\jdk8u111\7883\hotspot\src\share\vm\prims\jvm.cpp, line 1386]
Event: 2.621 Thread 0x0000000029b23800 Exception <a 'java/security/PrivilegedActionException'> (0x000000076d975608) thrown at [C:\re\workspace\8-2-build-windows-amd64-cygwin\jdk8u111\7883\hotspot\src\share\vm\prims\jvm.cpp, line 1386]
Event: 2.621 Thread 0x0000000029b23800 Exception <a 'java/security/PrivilegedActionException'> (0x000000076d976728) thrown at [C:\re\workspace\8-2-build-windows-amd64-cygwin\jdk8u111\7883\hotspot\src\share\vm\prims\jvm.cpp, line 1386]
Event: 2.622 Thread 0x0000000029b23800 Exception <a 'java/security/PrivilegedActionException'> (0x000000076d97b848) thrown at [C:\re\workspace\8-2-build-windows-amd64-cygwin\jdk8u111\7883\hotspot\src\share\vm\prims\jvm.cpp, line 1386]
Event: 2.622 Thread 0x0000000029b23800 Exception <a 'java/security/PrivilegedActionException'> (0x000000076d97c4a0) thrown at [C:\re\workspace\8-2-build-windows-amd64-cygwin\jdk8u111\7883\hotspot\src\share\vm\prims\jvm.cpp, line 1386]
Event: 2.622 Thread 0x0000000029b23800 Exception <a 'java/security/PrivilegedActionException'> (0x000000076d97d0c8) thrown at [C:\re\workspace\8-2-build-windows-amd64-cygwin\jdk8u111\7883\hotspot\src\share\vm\prims\jvm.cpp, line 1386]
Event: 7.412 Thread 0x0000000029b23800 Implicit null exception at 0x00000000036af661 to 0x00000000036af959
Event: 7.479 Thread 0x0000000029b23800 Implicit null exception at 0x00000000036449cc to 0x0000000003644b65
Event: 16.230 Thread 0x0000000029b23800 Implicit null exception at 0x0000000003a5ba0c to 0x0000000003a5c515
Event: 39.300 Thread 0x0000000029e79000 Exception <a 'java/lang/InterruptedException': sleep interrupted> (0x000000077651b6d8) thrown at [C:\re\workspace\8-2-build-windows-amd64-cygwin\jdk8u111\7883\hotspot\src\share\vm\prims\jvm.cpp, line 3224]

Events (10 events):
Event: 39.505 Executing VM operation: RevokeBias
Event: 39.505 Executing VM operation: RevokeBias done
Event: 39.505 Executing VM operation: BulkRevokeBias
Event: 39.506 Executing VM operation: BulkRevokeBias done
Event: 39.506 Thread 0x000000001c6d9800 flushing nmethod 0x0000000003280290
Event: 39.506 Executing VM operation: RevokeBias
Event: 39.506 Executing VM operation: RevokeBias done
Event: 39.506 Executing VM operation: BulkRevokeBias
Event: 39.506 Executing VM operation: BulkRevokeBias done
Event: 39.507 Thread 0x000000001c6d3800 flushing nmethod 0x00000000033264d0


Dynamic libraries:
0x00007ff7ae770000 - 0x00007ff7ae7a7000 	E:\Logiciels\jmonkeyplatform\jdk\bin\java.exe
0x00007ffd96a10000 - 0x00007ffd96beb000 	C:\Windows\SYSTEM32\ntdll.dll
0x00007ffd96510000 - 0x00007ffd965be000 	C:\Windows\System32\KERNEL32.DLL
0x00007ffd939b0000 - 0x00007ffd93bf9000 	C:\Windows\System32\KERNELBASE.dll
0x00007ffd95ed0000 - 0x00007ffd95f71000 	C:\Windows\System32\ADVAPI32.dll
0x00007ffd95f80000 - 0x00007ffd9601d000 	C:\Windows\System32\msvcrt.dll
0x00007ffd943c0000 - 0x00007ffd94419000 	C:\Windows\System32\sechost.dll
0x00007ffd96130000 - 0x00007ffd96255000 	C:\Windows\System32\RPCRT4.dll
0x00007ffd93f70000 - 0x00007ffd940ba000 	C:\Windows\System32\USER32.dll
0x00007ffd93f50000 - 0x00007ffd93f6e000 	C:\Windows\System32\win32u.dll
0x00007ffd96420000 - 0x00007ffd96447000 	C:\Windows\System32\GDI32.dll
0x00007ffd93c00000 - 0x00007ffd93d88000 	C:\Windows\System32\gdi32full.dll
0x00007ffd93e40000 - 0x00007ffd93eda000 	C:\Windows\System32\msvcp_win.dll
0x00007ffd92f30000 - 0x00007ffd93026000 	C:\Windows\System32\ucrtbase.dll
0x00007ffd86370000 - 0x00007ffd865d7000 	C:\Windows\WinSxS\amd64_microsoft.windows.common-controls_6595b64144ccf1df_6.0.15063.483_none_26002d27e7c744a2\COMCTL32.dll
0x00007ffd940c0000 - 0x00007ffd943b9000 	C:\Windows\System32\combase.dll
0x00007ffd93ee0000 - 0x00007ffd93f4a000 	C:\Windows\System32\bcryptPrimitives.dll
0x00007ffd95ea0000 - 0x00007ffd95ecd000 	C:\Windows\System32\IMM32.DLL
0x00000000667a0000 - 0x0000000066872000 	E:\Logiciels\jmonkeyplatform\jdk\jre\bin\msvcr100.dll
0x000000006a610000 - 0x000000006aeaa000 	E:\Logiciels\jmonkeyplatform\jdk\jre\bin\server\jvm.dll
0x00007ffd965c0000 - 0x00007ffd965c8000 	C:\Windows\System32\PSAPI.DLL
0x00007ffd8da20000 - 0x00007ffd8da29000 	C:\Windows\SYSTEM32\WSOCK32.dll
0x00007ffd908d0000 - 0x00007ffd908f3000 	C:\Windows\SYSTEM32\WINMM.dll
0x00007ffd91280000 - 0x00007ffd9128a000 	C:\Windows\SYSTEM32\VERSION.dll
0x00007ffd95b50000 - 0x00007ffd95bbc000 	C:\Windows\System32\WS2_32.dll
0x00007ffd90840000 - 0x00007ffd9086b000 	C:\Windows\SYSTEM32\WINMMBASE.dll
0x00007ffd93030000 - 0x00007ffd93079000 	C:\Windows\System32\cfgmgr32.dll
0x000000006a520000 - 0x000000006a52f000 	E:\Logiciels\jmonkeyplatform\jdk\jre\bin\verify.dll
0x000000006a4f0000 - 0x000000006a519000 	E:\Logiciels\jmonkeyplatform\jdk\jre\bin\java.dll
0x000000006a4d0000 - 0x000000006a4e6000 	E:\Logiciels\jmonkeyplatform\jdk\jre\bin\zip.dll
0x00007ffd945e0000 - 0x00007ffd95a17000 	C:\Windows\System32\SHELL32.dll
0x00007ffd95df0000 - 0x00007ffd95e9a000 	C:\Windows\System32\shcore.dll
0x00007ffd930e0000 - 0x00007ffd937d3000 	C:\Windows\System32\windows.storage.dll
0x00007ffd95bc0000 - 0x00007ffd95c11000 	C:\Windows\System32\shlwapi.dll
0x00007ffd92ec0000 - 0x00007ffd92ed1000 	C:\Windows\System32\kernel.appcore.dll
0x00007ffd92ee0000 - 0x00007ffd92f2c000 	C:\Windows\System32\powrprof.dll
0x00007ffd92ea0000 - 0x00007ffd92eb5000 	C:\Windows\System32\profapi.dll
0x000000006a2f0000 - 0x000000006a488000 	E:\Logiciels\jmonkeyplatform\jdk\jre\bin\awt.dll
0x00007ffd96450000 - 0x00007ffd96510000 	C:\Windows\System32\OLEAUT32.dll
0x00007ffd90b00000 - 0x00007ffd90b7e000 	C:\Windows\SYSTEM32\apphelp.dll
0x00007ffd90cd0000 - 0x00007ffd90d65000 	C:\Windows\system32\uxtheme.dll
0x00007ffd95c20000 - 0x00007ffd95d86000 	C:\Windows\System32\MSCTF.dll
0x00007ffd91680000 - 0x00007ffd916aa000 	C:\Windows\system32\dwmapi.dll
0x00007ffd94430000 - 0x00007ffd94575000 	C:\Windows\System32\ole32.dll
0x00007ffd937e0000 - 0x00007ffd939a9000 	C:\Windows\System32\crypt32.dll
0x00007ffd92e80000 - 0x00007ffd92e91000 	C:\Windows\System32\MSASN1.dll
0x00007ffd93080000 - 0x00007ffd930d6000 	C:\Windows\System32\WINTRUST.DLL
0x00007ffd96260000 - 0x00007ffd9627d000 	C:\Windows\System32\imagehlp.dll
0x00007ffd92830000 - 0x00007ffd92847000 	C:\Windows\SYSTEM32\CRYPTSP.dll
0x00007ffd92020000 - 0x00007ffd92054000 	C:\Windows\system32\rsaenh.dll
0x00007ffd92d50000 - 0x00007ffd92d75000 	C:\Windows\SYSTEM32\bcrypt.dll
0x00007ffd925a0000 - 0x00007ffd925ab000 	C:\Windows\SYSTEM32\CRYPTBASE.dll
0x00007ffd7a2c0000 - 0x00007ffd7a49c000 	C:\Windows\system32\nvspcap64.dll
0x00007ffd965d0000 - 0x00007ffd96a0b000 	C:\Windows\System32\SETUPAPI.dll
0x00007ffd8d7b0000 - 0x00007ffd8d887000 	C:\Windows\SYSTEM32\WINHTTP.dll
0x00007ffd8f230000 - 0x00007ffd8f243000 	C:\Windows\SYSTEM32\WTSAPI32.dll
0x00007ffd882e0000 - 0x00007ffd8871f000 	C:\Windows\system32\nvapi64.dll
0x00007ffd91320000 - 0x00007ffd913c4000 	C:\Windows\SYSTEM32\dxgi.dll
0x00007ffd90f50000 - 0x00007ffd90f78000 	C:\Windows\SYSTEM32\DEVOBJ.dll
0x00007ffd8c900000 - 0x00007ffd8c9ea000 	C:\Program Files (x86)\NVIDIA Corporation\3D Vision\nvSCPAPI64.dll
0x000000006a260000 - 0x000000006a2a7000 	E:\Logiciels\jmonkeyplatform\jdk\jre\bin\fontmanager.dll
0x000000006a4b0000 - 0x000000006a4ca000 	E:\Logiciels\jmonkeyplatform\jdk\jre\bin\net.dll
0x00007ffd92400000 - 0x00007ffd9245c000 	C:\Windows\system32\mswsock.dll
0x000000006a490000 - 0x000000006a4a1000 	E:\Logiciels\jmonkeyplatform\jdk\jre\bin\nio.dll
0x000000006a210000 - 0x000000006a252000 	E:\Logiciels\jmonkeyplatform\jdk\jre\bin\t2k.dll
0x00007ffd8b660000 - 0x00007ffd8b6e2000 	C:\Windows\System32\TextInputFramework.dll
0x00007ffd90330000 - 0x00007ffd90413000 	C:\Windows\System32\CoreMessaging.dll
0x00007ffd8dee0000 - 0x00007ffd8e1b2000 	C:\Windows\System32\CoreUIComponents.dll
0x00007ffd91e50000 - 0x00007ffd91e81000 	C:\Windows\SYSTEM32\ntmarta.dll
0x00007ffd8e6b0000 - 0x00007ffd8e7e9000 	C:\Windows\SYSTEM32\wintypes.dll
0x00007ffd8f190000 - 0x00007ffd8f1a5000 	C:\Windows\SYSTEM32\usermgrcli.dll
0x00007ffd6de90000 - 0x00007ffd6e0a8000 	F:\Users\Thonon\Documents\JME Apps\Bilou\bulletjme.dll
0x0000000180000000 - 0x0000000180064000 	F:\Users\Thonon\Documents\JME Apps\Bilou\OpenAL64.dll
0x000000002b880000 - 0x000000002b896000 	F:\Users\Thonon\Documents\JME Apps\Bilou\jinput-dx8_64.dll
0x00007ffd89b00000 - 0x00007ffd89b42000 	C:\Windows\SYSTEM32\DINPUT8.dll
0x000000002b8c0000 - 0x000000002b913000 	F:\Users\Thonon\Documents\JME Apps\Bilou\lwjgl64.dll
0x00007ffd8b9f0000 - 0x00007ffd8bb11000 	C:\Windows\SYSTEM32\OPENGL32.dll
0x00007ffd8b9c0000 - 0x00007ffd8b9ec000 	C:\Windows\SYSTEM32\GLU32.dll
0x0000000067f40000 - 0x000000006a1a9000 	C:\Windows\SYSTEM32\nvoglv64.DLL
0x00007ffd92cf0000 - 0x00007ffd92d45000 	C:\Windows\SYSTEM32\WINSTA.dll
0x00007ffd8c370000 - 0x00007ffd8c403000 	C:\Windows\SYSTEM32\mscms.dll
0x00007ffd92db0000 - 0x00007ffd92dd9000 	C:\Windows\SYSTEM32\USERENV.dll
0x00007ffd89870000 - 0x00007ffd898b1000 	C:\Windows\SYSTEM32\icm32.dll
0x00007ffd91270000 - 0x00007ffd9127d000 	C:\Windows\SYSTEM32\HID.DLL
0x000000002ba70000 - 0x000000002ba84000 	F:\Users\Thonon\Documents\JME Apps\Bilou\jinput-raw_64.dll
0x00007ffd95ab0000 - 0x00007ffd95b4e000 	C:\Windows\System32\clbcatq.dll
0x00007ffd8cb00000 - 0x00007ffd8cb67000 	C:\Windows\System32\MMDevApi.dll
0x00007ffd8f2b0000 - 0x00007ffd8f446000 	C:\Windows\System32\PROPSYS.dll
0x00007ffd89a30000 - 0x00007ffd89abc000 	C:\Windows\SYSTEM32\dsound.dll
0x00007ffd88b80000 - 0x00007ffd88c85000 	C:\Windows\SYSTEM32\AUDIOSES.DLL
0x00007ffd8e390000 - 0x00007ffd8e39b000 	C:\Windows\SYSTEM32\AVRT.dll
0x0000000066760000 - 0x0000000066791000 	E:\Logiciels\jmonkeyplatform\jdk\jre\bin\jpeg.dll
0x00007ffd92c50000 - 0x00007ffd92cea000 	C:\Windows\SYSTEM32\sxs.dll
0x00007ffd929c0000 - 0x00007ffd92b69000 	C:\Windows\SYSTEM32\dbghelp.dll

VM Arguments:
jvm_args: -Dfile.encoding=UTF-8 
java_command: mygame.Main
java_class_path (initial): C:\Users\thonon\Downloads\PathFinder3dLib.jar;C:\Users\thonon\Downloads\jmonkeyengine-master\build\libDist\lib-ext\android.jar;C:\Users\thonon\Downloads\jmonkeyengine-master\build\libDist\lib-ext\core-0.27.jar;C:\Users\thonon\Downloads\jmonkeyengine-master\build\libDist\lib-ext\dense64-0.27.jar;C:\Users\thonon\Downloads\jmonkeyengine-master\build\libDist\lib-ext\denseC64-0.27.jar;C:\Users\thonon\Downloads\jmonkeyengine-master\build\libDist\lib-ext\eventbus-1.4.jar;C:\Users\thonon\Downloads\jmonkeyengine-master\build\libDist\lib-ext\gluegen-rt-2.3.2-natives-android-aarch64.jar;C:\Users\thonon\Downloads\jmonkeyengine-master\build\libDist\lib-ext\gluegen-rt-2.3.2-natives-android-armv6.jar;C:\Users\thonon\Downloads\jmonkeyengine-master\build\libDist\lib-ext\gluegen-rt-2.3.2-natives-linux-amd64.jar;C:\Users\thonon\Downloads\jmonkeyengine-master\build\libDist\lib-ext\gluegen-rt-2.3.2-natives-linux-armv6.jar;C:\Users\thonon\Downloads\jmonkeyengine-master\build\libDist\lib-ext\gluegen-rt-2.3.2-natives-linux-armv6hf.jar;C:\Users\thonon\Downloads\jmonkeyengine-master\build\libDist\lib-ext\gluegen-rt-2.3.2-natives-linux-i586.jar;C:\Users\thonon\Downloads\jmonkeyengine-master\build\libDist\lib-ext\gluegen-rt-2.3.2-natives-macosx-universal.jar;C:\Users\thonon\Downloads\jmonkeyengine-master\build\libDist\lib-ext\gluegen-rt-2.3.2-natives-solaris-amd64.jar;C:\Users\thonon\Downloads\jmonkeyengine-master\build\libDist\lib-ext\gluegen-rt-2.3.2-natives-solaris-i586.jar;C:\Users\thonon\Downloads\jmonkeyengine-master\build\libDist\lib-ext\gluegen-rt-2.3.2-natives-windows-amd64.jar;C:\Users\thonon\Downloads\jmonkeyengine-master\build\libDist\lib-ext\gluegen-rt-2.3.2-natives-windows-i586.jar;C:\Users\thonon\Downloads\jmonkeyengine-master\build\libDist\lib-ext\gluegen-rt-2.3.2.jar;C:\Users\thonon\Downloads\jmonkeyengine-master\build\libDist\lib-ext\gluegen-rt-main-2.3.2.jar;C:\Users\thonon\Downloads\jmonkeyengine-master\build\libDist\lib-ext\j-ogg-all-1.0.0.jar;
Launcher Type: SUN_STANDARD

Environment Variables:
PATH=C:\ProgramData\Oracle\Java\javapath;C:\Windows\system32;C:\Windows;C:\Windows\System32\Wbem;C:\Windows\System32\WindowsPowerShell\v1.0\;C:\Program Files (x86)\NVIDIA Corporation\PhysX\Common;C:\Users\thonon\AppData\Local\Microsoft\WindowsApps;
USERNAME=thonon
OS=Windows_NT
PROCESSOR_IDENTIFIER=Intel64 Family 6 Model 158 Stepping 9, GenuineIntel



---------------  S Y S T E M  ---------------

OS: Windows 10.0 , 64 bit Build 15063 (10.0.15063.296)

CPU:total 4 (4 cores per cpu, 1 threads per core) family 6 model 158 stepping 9, cmov, cx8, fxsr, mmx, sse, sse2, sse3, ssse3, sse4.1, sse4.2, popcnt, avx, avx2, aes, clmul, erms, rtm, 3dnowpref, lzcnt, tsc, tscinvbit, bmi1, bmi2, adx

Memory: 4k page, physical 16719060k(10164804k free), swap 19209428k(11342444k free)

vm_info: Java HotSpot(TM) 64-Bit Server VM (25.111-b14) for windows-amd64 JRE (1.8.0_111-b14), built on Sep 22 2016 19:24:05 by "java_re" with MS VC++ 10.0 (VS2010)

time: Sun Aug 27 11:26:03 2017
elapsed time: 39 seconds (0d 0h 0m 39s)

