#
# A fatal error has been detected by the Java Runtime Environment:
#
#  EXCEPTION_ACCESS_VIOLATION (0xc0000005) at pc=0x00007ffd6fd31541, pid=8792, tid=0x0000000000001bf0
#
# JRE version: Java(TM) SE Runtime Environment (8.0_111-b14) (build 1.8.0_111-b14)
# Java VM: Java HotSpot(TM) 64-Bit Server VM (25.111-b14 mixed mode windows-amd64 compressed oops)
# Problematic frame:
# C  [bulletjme.dll+0x91541]
#
# Failed to write core dump. Minidumps are not enabled by default on client versions of Windows
#
# If you would like to submit a bug report, please visit:
#   http://bugreport.java.com/bugreport/crash.jsp
# The crash happened outside the Java Virtual Machine in native code.
# See problematic frame for where to report the bug.
#

---------------  T H R E A D  ---------------

Current thread (0x0000000029c5f000):  JavaThread "jME3 Main" [_thread_in_native, id=7152, stack(0x000000002bbf0000,0x000000002bcf0000)]

siginfo: ExceptionCode=0xc0000005, writing address 0x0000000000000000

Registers:
RAX=0x000000000000fffc, RBX=0x0000000028c3b108, RCX=0x0000000000000000, RDX=0x0000000000000000
RSP=0x000000002bcee6f0, RBP=0x000000002bceeac8, RSI=0x0000000000000138, RDI=0x000000002bcee8d0
R8 =0x000000002bcee6d4, R9 =0x000000002bcee6d0, R10=0x0000000027b70010, R11=0x0000000000000000
R12=0x0000000000000000, R13=0x0000000028c3b108, R14=0x000000002bceeb08, R15=0x0000000029c5f000
RIP=0x00007ffd6fd31541, EFLAGS=0x0000000000010206

Top of Stack: (sp=0x000000002bcee6f0)
0x000000002bcee6f0:   000000002bcee720 000000002bcee730
0x000000002bcee700:   0000000027b78390 00007ffd96a3af7e
0x000000002bcee710:   0000000027b78390 000000003f800000
0x000000002bcee720:   477ffd00477ffd00 00000000477ffd00
0x000000002bcee730:   4040000040400000 0000000040400000
0x000000002bcee740:   bf800000bf800000 00007ffd6fd31977
0x000000002bcee750:   0000000027b78360 0000000000000000
0x000000002bcee760:   0000000027b78380 0000000000000000
0x000000002bcee770:   46aaa8ab46aaa8ab 00007ffd6fd2b0a9
0x000000002bcee780:   0000000027b78360 0000000000000000
0x000000002bcee790:   0000000027b78380 0000000000000000
0x000000002bcee7a0:   00000000b8400000 00000000b8400000
0x000000002bcee7b0:   00000000477ffd00 0000000000000000
0x000000002bcee7c0:   0000000027b78410 0000000040400000
0x000000002bcee7d0:   bf800000bf800000 00007ffd6fd9c043
0x000000002bcee7e0:   000000002bcee890 00000000477ffd00 

Instructions: (pc=0x00007ffd6fd31541)
0x00007ffd6fd31521:   e8 4a d4 f8 ff f3 48 0f 2c 00 0f b7 c0 25 fe ff
0x00007ffd6fd31531:   00 00 b9 02 00 00 00 48 6b c9 00 48 8b 54 24 68
0x00007ffd6fd31541:   66 89 04 0a 48 8d 4c 24 30 e8 01 46 f7 ff f3 48
0x00007ffd6fd31551:   0f 2c 00 0f b7 c0 25 fe ff 00 00 b9 02 00 00 00 


Register to memory mapping:

RAX=0x000000000000fffc is an unknown value
RBX={method} {0x0000000028c3b110} 'createShape' '(ZZJ)J' in 'com/jme3/bullet/collision/shapes/MeshCollisionShape'
RCX=0x0000000000000000 is an unknown value
RDX=0x0000000000000000 is an unknown value
RSP=0x000000002bcee6f0 is pointing into the stack for thread: 0x0000000029c5f000
RBP=0x000000002bceeac8 is pointing into the stack for thread: 0x0000000029c5f000
RSI=0x0000000000000138 is an unknown value
RDI=0x000000002bcee8d0 is pointing into the stack for thread: 0x0000000029c5f000
R8 =0x000000002bcee6d4 is pointing into the stack for thread: 0x0000000029c5f000
R9 =0x000000002bcee6d0 is pointing into the stack for thread: 0x0000000029c5f000
R10=0x0000000027b70010 is an unknown value
R11=0x0000000000000000 is an unknown value
R12=0x0000000000000000 is an unknown value
R13={method} {0x0000000028c3b110} 'createShape' '(ZZJ)J' in 'com/jme3/bullet/collision/shapes/MeshCollisionShape'
R14=0x000000002bceeb08 is pointing into the stack for thread: 0x0000000029c5f000
R15=0x0000000029c5f000 is a thread


Stack: [0x000000002bbf0000,0x000000002bcf0000],  sp=0x000000002bcee6f0,  free space=1017k
Native frames: (J=compiled Java code, j=interpreted, Vv=VM code, C=native code)
C  [bulletjme.dll+0x91541]
C  [bulletjme.dll+0x91977]
C  [bulletjme.dll+0x8b0a9]
C  [bulletjme.dll+0x1346d7]
C  [bulletjme.dll+0xbd3f0]
C  [bulletjme.dll+0xbce25]
C  [bulletjme.dll+0x159717]
C  0x0000000003267f74

Java frames: (J=compiled Java code, j=interpreted, Vv=VM code)
j  com.jme3.bullet.collision.shapes.MeshCollisionShape.createShape(ZZJ)J+0
j  com.jme3.bullet.collision.shapes.MeshCollisionShape.createShape([B)V+82
j  com.jme3.bullet.collision.shapes.MeshCollisionShape.createCollisionMesh(Lcom/jme3/scene/Mesh;)V+166
j  com.jme3.bullet.collision.shapes.MeshCollisionShape.<init>(Lcom/jme3/scene/Mesh;Z)V+21
j  com.jme3.bullet.collision.shapes.MeshCollisionShape.<init>(Lcom/jme3/scene/Mesh;)V+3
j  com.jme3.bullet.util.CollisionShapeFactory.createSingleMeshShape(Lcom/jme3/scene/Geometry;Lcom/jme3/scene/Spatial;)Lcom/jme3/bullet/collision/shapes/MeshCollisionShape;+30
j  com.jme3.bullet.util.CollisionShapeFactory.createMeshShape(Lcom/jme3/scene/Spatial;)Lcom/jme3/bullet/collision/shapes/CollisionShape;+68
j  mygame.VoxelAppState.addNode(Lcom/jme3/scene/Mesh;Ljava/lang/String;)V+35
j  mygame.VoxelAppState.manageChunk()V+233
j  mygame.VoxelAppState.initialize(Lcom/jme3/app/state/AppStateManager;Lcom/jme3/app/Application;)V+80
j  com.jme3.app.state.AppStateManager.initializePending()V+80
j  com.jme3.app.state.AppStateManager.update(F)V+5
j  com.jme3.app.SimpleApplication.update()V+77
j  com.jme3.system.lwjgl.LwjglAbstractDisplay.runLoop()V+22
j  com.jme3.system.lwjgl.LwjglDisplay.runLoop()V+104
j  com.jme3.system.lwjgl.LwjglAbstractDisplay.run()V+136
j  java.lang.Thread.run()V+11
v  ~StubRoutines::call_stub

---------------  P R O C E S S  ---------------

Java Threads: ( => current thread )
  0x0000000029c37000 JavaThread "jME3 Audio Decoder" daemon [_thread_blocked, id=8048, stack(0x00000000315b0000,0x00000000316b0000)]
  0x0000000029aaf000 JavaThread "Thread-5" daemon [_thread_in_native, id=4868, stack(0x00000000312b0000,0x00000000313b0000)]
  0x0000000003155800 JavaThread "DestroyJavaVM" [_thread_blocked, id=12208, stack(0x0000000003050000,0x0000000003150000)]
=>0x0000000029c5f000 JavaThread "jME3 Main" [_thread_in_native, id=7152, stack(0x000000002bbf0000,0x000000002bcf0000)]
  0x000000001ef19800 JavaThread "TimerQueue" daemon [_thread_blocked, id=616, stack(0x000000002add0000,0x000000002aed0000)]
  0x000000001ef17000 JavaThread "D3D Screen Updater" daemon [_thread_blocked, id=12748, stack(0x000000002acd0000,0x000000002add0000)]
  0x000000001ee0e000 JavaThread "Image Fetcher 0" daemon [_thread_blocked, id=2956, stack(0x0000000026870000,0x0000000026970000)]
  0x000000001ed09800 JavaThread "AWT-EventQueue-0" [_thread_blocked, id=13172, stack(0x000000001f630000,0x000000001f730000)]
  0x000000001ed07000 JavaThread "AWT-Windows" daemon [_thread_in_native, id=928, stack(0x000000001f370000,0x000000001f470000)]
  0x000000001ed06000 JavaThread "AWT-Shutdown" [_thread_blocked, id=6936, stack(0x000000001f270000,0x000000001f370000)]
  0x000000001ed03800 JavaThread "Java2D Disposer" daemon [_thread_blocked, id=12868, stack(0x000000001f170000,0x000000001f270000)]
  0x000000001e24c000 JavaThread "Service Thread" daemon [_thread_blocked, id=8684, stack(0x000000001e610000,0x000000001e710000)]
  0x000000001c8a9000 JavaThread "C1 CompilerThread2" daemon [_thread_blocked, id=10620, stack(0x000000001e110000,0x000000001e210000)]
  0x000000001c8a5800 JavaThread "C2 CompilerThread1" daemon [_thread_blocked, id=2456, stack(0x000000001e010000,0x000000001e110000)]
  0x000000001c8a3000 JavaThread "C2 CompilerThread0" daemon [_thread_blocked, id=12468, stack(0x000000001df10000,0x000000001e010000)]
  0x000000001c8a1800 JavaThread "Attach Listener" daemon [_thread_blocked, id=8220, stack(0x000000001de10000,0x000000001df10000)]
  0x000000001c8a0800 JavaThread "Signal Dispatcher" daemon [_thread_blocked, id=11160, stack(0x000000001dd10000,0x000000001de10000)]
  0x000000001c890800 JavaThread "Finalizer" daemon [_thread_blocked, id=12052, stack(0x000000001db00000,0x000000001dc00000)]
  0x0000000003246000 JavaThread "Reference Handler" daemon [_thread_blocked, id=11504, stack(0x000000001da00000,0x000000001db00000)]

Other Threads:
  0x000000001c867000 VMThread [stack: 0x000000001d900000,0x000000001da00000] [id=13016]
  0x000000001e279000 WatcherThread [stack: 0x000000001e710000,0x000000001e810000] [id=13236]

VM state:not at safepoint (normal execution)

VM Mutex/Monitor currently owned by a thread: None

Heap:
 PSYoungGen      total 76288K, used 20574K [0x000000076af80000, 0x0000000770480000, 0x00000007c0000000)
  eden space 65536K, 15% used [0x000000076af80000,0x000000076b91b7d8,0x000000076ef80000)
  from space 10752K, 99% used [0x000000076ef80000,0x000000076f9fc2e0,0x000000076fa00000)
  to   space 10752K, 0% used [0x000000076fa00000,0x000000076fa00000,0x0000000770480000)
 ParOldGen       total 175104K, used 74442K [0x00000006c0e00000, 0x00000006cb900000, 0x000000076af80000)
  object space 175104K, 42% used [0x00000006c0e00000,0x00000006c56b29c0,0x00000006cb900000)
 Metaspace       used 19234K, capacity 19481K, committed 19840K, reserved 1067008K
  class space    used 2245K, capacity 2336K, committed 2432K, reserved 1048576K

Card table byte_map: [0x0000000012610000,0x0000000012e10000] byte_map_base: 0x000000000f009000

Marking Bits: (ParMarkBitMap*) 0x0000000069efa6c0
 Begin Bits: [0x0000000013770000, 0x0000000017738000)
 End Bits:   [0x0000000017738000, 0x000000001b700000)

Polling page: 0x0000000001190000

CodeCache: size=245760Kb used=5240Kb max_used=5240Kb free=240519Kb
 bounds [0x0000000003250000, 0x0000000003780000, 0x0000000012250000]
 total_blobs=2223 nmethods=1557 adapters=578
 compilation: enabled

Compilation events (10 events):
Event: 3.099 Thread 0x000000001c8a9000 nmethod 1553 0x00000000037576d0 code [0x0000000003757840, 0x00000000037579c8]
Event: 3.102 Thread 0x000000001c8a3000 nmethod 1540 0x000000000375c550 code [0x000000000375c700, 0x000000000375d238]
Event: 3.111 Thread 0x000000001c8a5800 1555   !   4       com.sun.imageio.plugins.jpeg.JPEGImageReader::acceptPixels (522 bytes)
Event: 3.120 Thread 0x000000001c8a5800 nmethod 1555 0x0000000003759290 code [0x00000000037594a0, 0x000000000375a190]
Event: 3.125 Thread 0x000000001c8a9000 1556       1       mygame.MapLoader::getGridMap3d (5 bytes)
Event: 3.125 Thread 0x000000001c8a9000 nmethod 1556 0x0000000003758fd0 code [0x0000000003759120, 0x0000000003759230]
Event: 3.125 Thread 0x000000001c8a9000 1557       1       mygame.MapLoader::getzWidth (5 bytes)
Event: 3.125 Thread 0x000000001c8a9000 nmethod 1557 0x0000000003757410 code [0x0000000003757560, 0x0000000003757670]
Event: 3.128 Thread 0x000000001c8a9000 1558 %     3       mygame.Chunk::makeMeshChunk @ 106 (2105 bytes)
Event: 3.132 Thread 0x000000001c8a9000 nmethod 1558% 0x000000000375d890 code [0x000000000375e980, 0x000000000376bb48]

GC Heap History (2 events):
Event: 3.090 GC heap before
{Heap before GC invocations=1 (full 0):
 PSYoungGen      total 76288K, used 65536K [0x000000076af80000, 0x0000000770480000, 0x00000007c0000000)
  eden space 65536K, 100% used [0x000000076af80000,0x000000076ef80000,0x000000076ef80000)
  from space 10752K, 0% used [0x000000076fa00000,0x000000076fa00000,0x0000000770480000)
  to   space 10752K, 0% used [0x000000076ef80000,0x000000076ef80000,0x000000076fa00000)
 ParOldGen       total 175104K, used 73728K [0x00000006c0e00000, 0x00000006cb900000, 0x000000076af80000)
  object space 175104K, 42% used [0x00000006c0e00000,0x00000006c5600010,0x00000006cb900000)
 Metaspace       used 19053K, capacity 19321K, committed 19712K, reserved 1067008K
  class space    used 2231K, capacity 2304K, committed 2304K, reserved 1048576K
Event: 3.096 GC heap after
Heap after GC invocations=1 (full 0):
 PSYoungGen      total 76288K, used 10736K [0x000000076af80000, 0x0000000770480000, 0x00000007c0000000)
  eden space 65536K, 0% used [0x000000076af80000,0x000000076af80000,0x000000076ef80000)
  from space 10752K, 99% used [0x000000076ef80000,0x000000076f9fc2e0,0x000000076fa00000)
  to   space 10752K, 0% used [0x000000076fa00000,0x000000076fa00000,0x0000000770480000)
 ParOldGen       total 175104K, used 74442K [0x00000006c0e00000, 0x00000006cb900000, 0x000000076af80000)
  object space 175104K, 42% used [0x00000006c0e00000,0x00000006c56b29c0,0x00000006cb900000)
 Metaspace       used 19053K, capacity 19321K, committed 19712K, reserved 1067008K
  class space    used 2231K, capacity 2304K, committed 2304K, reserved 1048576K
}

Deoptimization events (8 events):
Event: 0.086 Thread 0x0000000003155800 Uncommon trap: reason=unstable_if action=reinterpret pc=0x0000000003382fa0 method=java.lang.String.hashCode()I @ 14
Event: 0.949 Thread 0x000000001ed09800 Uncommon trap: reason=class_check action=maybe_recompile pc=0x0000000003406a50 method=java.lang.String.equals(Ljava/lang/Object;)Z @ 8
Event: 0.949 Thread 0x000000001ed09800 Uncommon trap: reason=class_check action=maybe_recompile pc=0x0000000003406a50 method=java.lang.String.equals(Ljava/lang/Object;)Z @ 8
Event: 0.949 Thread 0x000000001ed09800 Uncommon trap: reason=class_check action=maybe_recompile pc=0x0000000003406a50 method=java.lang.String.equals(Ljava/lang/Object;)Z @ 8
Event: 0.951 Thread 0x000000001ed09800 Uncommon trap: reason=class_check action=maybe_recompile pc=0x0000000003406a50 method=java.lang.String.equals(Ljava/lang/Object;)Z @ 8
Event: 3.013 Thread 0x0000000029c5f000 Uncommon trap: reason=unstable_if action=reinterpret pc=0x00000000036dc2cc method=sun.awt.image.ByteInterleavedRaster.putByteData(IIII[B)V @ 395
Event: 3.067 Thread 0x0000000029c5f000 Uncommon trap: reason=unstable_if action=reinterpret pc=0x00000000037494d0 method=mygame.MapLoader.loaderMap()V @ 217
Event: 3.072 Thread 0x0000000029c5f000 Uncommon trap: reason=unstable_if action=reinterpret pc=0x000000000374761c method=mygame.MapLoader.makeGrid3d()V @ 7

Internal exceptions (10 events):
Event: 0.154 Thread 0x0000000003155800 Exception <a 'java/lang/NoSuchFieldError': method resolution failed> (0x000000076b5753d8) thrown at [C:\re\workspace\8-2-build-windows-amd64-cygwin\jdk8u111\7883\hotspot\src\share\vm\prims\methodHandles.cpp, line 1146]
Event: 0.158 Thread 0x0000000003155800 Exception <a 'java/lang/NoSuchFieldError': method resolution failed> (0x000000076b582728) thrown at [C:\re\workspace\8-2-build-windows-amd64-cygwin\jdk8u111\7883\hotspot\src\share\vm\prims\methodHandles.cpp, line 1146]
Event: 0.192 Thread 0x000000001ed09800 Exception <a 'java/io/FileNotFoundException'> (0x000000076b8a5880) thrown at [C:\re\workspace\8-2-build-windows-amd64-cygwin\jdk8u111\7883\hotspot\src\share\vm\prims\jni.cpp, line 709]
Event: 0.791 Thread 0x000000001ed09800 Exception <a 'java/lang/NoClassDefFoundError'> (0x000000076b97c170) thrown at [C:\re\workspace\8-2-build-windows-amd64-cygwin\jdk8u111\7883\hotspot\src\share\vm\prims\jvm.cpp, line 1390]
Event: 2.872 Thread 0x0000000029c5f000 Exception <a 'java/security/PrivilegedActionException'> (0x000000076d3978d8) thrown at [C:\re\workspace\8-2-build-windows-amd64-cygwin\jdk8u111\7883\hotspot\src\share\vm\prims\jvm.cpp, line 1386]
Event: 2.872 Thread 0x0000000029c5f000 Exception <a 'java/security/PrivilegedActionException'> (0x000000076d399448) thrown at [C:\re\workspace\8-2-build-windows-amd64-cygwin\jdk8u111\7883\hotspot\src\share\vm\prims\jvm.cpp, line 1386]
Event: 2.872 Thread 0x0000000029c5f000 Exception <a 'java/security/PrivilegedActionException'> (0x000000076d39a568) thrown at [C:\re\workspace\8-2-build-windows-amd64-cygwin\jdk8u111\7883\hotspot\src\share\vm\prims\jvm.cpp, line 1386]
Event: 2.872 Thread 0x0000000029c5f000 Exception <a 'java/security/PrivilegedActionException'> (0x000000076d39f688) thrown at [C:\re\workspace\8-2-build-windows-amd64-cygwin\jdk8u111\7883\hotspot\src\share\vm\prims\jvm.cpp, line 1386]
Event: 2.872 Thread 0x0000000029c5f000 Exception <a 'java/security/PrivilegedActionException'> (0x000000076d3a02e0) thrown at [C:\re\workspace\8-2-build-windows-amd64-cygwin\jdk8u111\7883\hotspot\src\share\vm\prims\jvm.cpp, line 1386]
Event: 2.872 Thread 0x0000000029c5f000 Exception <a 'java/security/PrivilegedActionException'> (0x000000076d3a0f08) thrown at [C:\re\workspace\8-2-build-windows-amd64-cygwin\jdk8u111\7883\hotspot\src\share\vm\prims\jvm.cpp, line 1386]

Events (10 events):
Event: 3.130 loading class com/jme3/bullet/collision/shapes/MeshCollisionShape
Event: 3.130 loading class com/jme3/bullet/collision/shapes/MeshCollisionShape done
Event: 3.130 loading class com/jme3/bullet/collision/shapes/BoxCollisionShape
Event: 3.130 loading class com/jme3/bullet/collision/shapes/BoxCollisionShape done
Event: 3.131 loading class com/jme3/terrain/geomipmap/TerrainQuad
Event: 3.131 loading class com/jme3/terrain/geomipmap/TerrainQuad done
Event: 3.131 loading class com/jme3/terrain/Terrain
Event: 3.131 loading class com/jme3/terrain/Terrain done
Event: 3.132 loading class com/jme3/terrain/geomipmap/TerrainPatch
Event: 3.132 loading class com/jme3/terrain/geomipmap/TerrainPatch done


Dynamic libraries:
0x00007ff6a74e0000 - 0x00007ff6a7517000 	E:\Logiciels\jmonkeyplatform\jdk\bin\java.exe
0x00007ffd96a10000 - 0x00007ffd96beb000 	C:\Windows\SYSTEM32\ntdll.dll
0x00007ffd96510000 - 0x00007ffd965be000 	C:\Windows\System32\KERNEL32.DLL
0x00007ffd939b0000 - 0x00007ffd93bf9000 	C:\Windows\System32\KERNELBASE.dll
0x00007ffd95ed0000 - 0x00007ffd95f71000 	C:\Windows\System32\ADVAPI32.dll
0x00007ffd95f80000 - 0x00007ffd9601d000 	C:\Windows\System32\msvcrt.dll
0x00007ffd943c0000 - 0x00007ffd94419000 	C:\Windows\System32\sechost.dll
0x00007ffd96130000 - 0x00007ffd96255000 	C:\Windows\System32\RPCRT4.dll
0x00007ffd93f70000 - 0x00007ffd940ba000 	C:\Windows\System32\USER32.dll
0x00007ffd93f50000 - 0x00007ffd93f6e000 	C:\Windows\System32\win32u.dll
0x00007ffd96420000 - 0x00007ffd96447000 	C:\Windows\System32\GDI32.dll
0x00007ffd93c00000 - 0x00007ffd93d88000 	C:\Windows\System32\gdi32full.dll
0x00007ffd93e40000 - 0x00007ffd93eda000 	C:\Windows\System32\msvcp_win.dll
0x00007ffd92f30000 - 0x00007ffd93026000 	C:\Windows\System32\ucrtbase.dll
0x00007ffd86370000 - 0x00007ffd865d7000 	C:\Windows\WinSxS\amd64_microsoft.windows.common-controls_6595b64144ccf1df_6.0.15063.483_none_26002d27e7c744a2\COMCTL32.dll
0x00007ffd940c0000 - 0x00007ffd943b9000 	C:\Windows\System32\combase.dll
0x00007ffd93ee0000 - 0x00007ffd93f4a000 	C:\Windows\System32\bcryptPrimitives.dll
0x00007ffd95ea0000 - 0x00007ffd95ecd000 	C:\Windows\System32\IMM32.DLL
0x000000006ae20000 - 0x000000006aef2000 	E:\Logiciels\jmonkeyplatform\jdk\jre\bin\msvcr100.dll
0x00000000696e0000 - 0x0000000069f7a000 	E:\Logiciels\jmonkeyplatform\jdk\jre\bin\server\jvm.dll
0x00007ffd965c0000 - 0x00007ffd965c8000 	C:\Windows\System32\PSAPI.DLL
0x00007ffd8dba0000 - 0x00007ffd8dba9000 	C:\Windows\SYSTEM32\WSOCK32.dll
0x00007ffd91280000 - 0x00007ffd9128a000 	C:\Windows\SYSTEM32\VERSION.dll
0x00007ffd908d0000 - 0x00007ffd908f3000 	C:\Windows\SYSTEM32\WINMM.dll
0x00007ffd95b50000 - 0x00007ffd95bbc000 	C:\Windows\System32\WS2_32.dll
0x00007ffd90840000 - 0x00007ffd9086b000 	C:\Windows\SYSTEM32\WINMMBASE.dll
0x00007ffd93030000 - 0x00007ffd93079000 	C:\Windows\System32\cfgmgr32.dll
0x000000006a1d0000 - 0x000000006a1df000 	E:\Logiciels\jmonkeyplatform\jdk\jre\bin\verify.dll
0x00000000695d0000 - 0x00000000695f9000 	E:\Logiciels\jmonkeyplatform\jdk\jre\bin\java.dll
0x00000000695b0000 - 0x00000000695c6000 	E:\Logiciels\jmonkeyplatform\jdk\jre\bin\zip.dll
0x00007ffd945e0000 - 0x00007ffd95a17000 	C:\Windows\System32\SHELL32.dll
0x00007ffd95df0000 - 0x00007ffd95e9a000 	C:\Windows\System32\shcore.dll
0x00007ffd930e0000 - 0x00007ffd937d3000 	C:\Windows\System32\windows.storage.dll
0x00007ffd95bc0000 - 0x00007ffd95c11000 	C:\Windows\System32\shlwapi.dll
0x00007ffd92ec0000 - 0x00007ffd92ed1000 	C:\Windows\System32\kernel.appcore.dll
0x00007ffd92ee0000 - 0x00007ffd92f2c000 	C:\Windows\System32\powrprof.dll
0x00007ffd92ea0000 - 0x00007ffd92eb5000 	C:\Windows\System32\profapi.dll
0x00000000693d0000 - 0x0000000069568000 	E:\Logiciels\jmonkeyplatform\jdk\jre\bin\awt.dll
0x00007ffd96450000 - 0x00007ffd96510000 	C:\Windows\System32\OLEAUT32.dll
0x00007ffd90b00000 - 0x00007ffd90b7e000 	C:\Windows\SYSTEM32\apphelp.dll
0x00007ffd90cd0000 - 0x00007ffd90d65000 	C:\Windows\system32\uxtheme.dll
0x00007ffd95c20000 - 0x00007ffd95d86000 	C:\Windows\System32\MSCTF.dll
0x00007ffd91680000 - 0x00007ffd916aa000 	C:\Windows\system32\dwmapi.dll
0x00007ffd94430000 - 0x00007ffd94575000 	C:\Windows\System32\ole32.dll
0x00007ffd745b0000 - 0x00007ffd74739000 	C:\Windows\system32\d3d9.dll
0x00007ffd8cbd0000 - 0x00007ffd8ccb1000 	C:\Windows\System32\DriverStore\FileRepository\nv_dispi.inf_amd64_24ddebfb518b5a55\nvldumdx.dll
0x00007ffd937e0000 - 0x00007ffd939a9000 	C:\Windows\System32\crypt32.dll
0x00007ffd92e80000 - 0x00007ffd92e91000 	C:\Windows\System32\MSASN1.dll
0x00007ffd93080000 - 0x00007ffd930d6000 	C:\Windows\System32\WINTRUST.DLL
0x00007ffd96260000 - 0x00007ffd9627d000 	C:\Windows\System32\imagehlp.dll
0x00007ffd92830000 - 0x00007ffd92847000 	C:\Windows\SYSTEM32\CRYPTSP.dll
0x00007ffd92020000 - 0x00007ffd92054000 	C:\Windows\system32\rsaenh.dll
0x00007ffd92d50000 - 0x00007ffd92d75000 	C:\Windows\SYSTEM32\bcrypt.dll
0x00007ffd925a0000 - 0x00007ffd925ab000 	C:\Windows\SYSTEM32\CRYPTBASE.dll
0x00007ffd5f420000 - 0x00007ffd60583000 	C:\Windows\System32\DriverStore\FileRepository\nv_dispi.inf_amd64_24ddebfb518b5a55\nvd3dumx.dll
0x00007ffd7a2c0000 - 0x00007ffd7a49c000 	C:\Windows\system32\nvspcap64.dll
0x00007ffd965d0000 - 0x00007ffd96a0b000 	C:\Windows\System32\SETUPAPI.dll
0x00007ffd8d7b0000 - 0x00007ffd8d887000 	C:\Windows\SYSTEM32\WINHTTP.dll
0x00007ffd8f230000 - 0x00007ffd8f243000 	C:\Windows\SYSTEM32\WTSAPI32.dll
0x00007ffd882e0000 - 0x00007ffd8871f000 	C:\Windows\system32\nvapi64.dll
0x00007ffd91320000 - 0x00007ffd913c4000 	C:\Windows\SYSTEM32\dxgi.dll
0x00007ffd90f50000 - 0x00007ffd90f78000 	C:\Windows\SYSTEM32\DEVOBJ.dll
0x00007ffd8c900000 - 0x00007ffd8c9ea000 	C:\Program Files (x86)\NVIDIA Corporation\3D Vision\nvSCPAPI64.dll
0x0000000069340000 - 0x0000000069387000 	E:\Logiciels\jmonkeyplatform\jdk\jre\bin\fontmanager.dll
0x0000000069590000 - 0x00000000695aa000 	E:\Logiciels\jmonkeyplatform\jdk\jre\bin\net.dll
0x00007ffd92400000 - 0x00007ffd9245c000 	C:\Windows\system32\mswsock.dll
0x0000000069570000 - 0x0000000069581000 	E:\Logiciels\jmonkeyplatform\jdk\jre\bin\nio.dll
0x00000000692f0000 - 0x0000000069332000 	E:\Logiciels\jmonkeyplatform\jdk\jre\bin\t2k.dll
0x00007ffd8baf0000 - 0x00007ffd8bb72000 	C:\Windows\System32\TextInputFramework.dll
0x00007ffd8dee0000 - 0x00007ffd8e1b2000 	C:\Windows\System32\CoreUIComponents.dll
0x00007ffd90330000 - 0x00007ffd90413000 	C:\Windows\System32\CoreMessaging.dll
0x00007ffd91e50000 - 0x00007ffd91e81000 	C:\Windows\SYSTEM32\ntmarta.dll
0x00007ffd8e6b0000 - 0x00007ffd8e7e9000 	C:\Windows\SYSTEM32\wintypes.dll
0x00007ffd8f190000 - 0x00007ffd8f1a5000 	C:\Windows\SYSTEM32\usermgrcli.dll
0x00007ffd6fca0000 - 0x00007ffd6fea6000 	F:\Users\Thonon\Documents\JME Apps\Bilou\bulletjme.dll
0x0000000180000000 - 0x0000000180064000 	F:\Users\Thonon\Documents\JME Apps\Bilou\OpenAL64.dll
0x00000000269a0000 - 0x00000000269b6000 	F:\Users\Thonon\Documents\JME Apps\Bilou\jinput-dx8_64.dll
0x00007ffd85fe0000 - 0x00007ffd86022000 	C:\Windows\SYSTEM32\DINPUT8.dll
0x000000002bcf0000 - 0x000000002bd43000 	F:\Users\Thonon\Documents\JME Apps\Bilou\lwjgl64.dll
0x00007ffd6f7c0000 - 0x00007ffd6f8e1000 	C:\Windows\SYSTEM32\OPENGL32.dll
0x00007ffd90920000 - 0x00007ffd9094c000 	C:\Windows\SYSTEM32\GLU32.dll
0x00000000655c0000 - 0x0000000067829000 	C:\Windows\SYSTEM32\nvoglv64.DLL
0x00007ffd92cf0000 - 0x00007ffd92d45000 	C:\Windows\SYSTEM32\WINSTA.dll
0x00007ffd8bd10000 - 0x00007ffd8bda3000 	C:\Windows\SYSTEM32\mscms.dll
0x00007ffd92db0000 - 0x00007ffd92dd9000 	C:\Windows\SYSTEM32\USERENV.dll
0x00007ffd84830000 - 0x00007ffd84871000 	C:\Windows\SYSTEM32\icm32.dll
0x00007ffd91270000 - 0x00007ffd9127d000 	C:\Windows\SYSTEM32\HID.DLL
0x0000000028710000 - 0x0000000028724000 	F:\Users\Thonon\Documents\JME Apps\Bilou\jinput-raw_64.dll
0x00007ffd95ab0000 - 0x00007ffd95b4e000 	C:\Windows\System32\clbcatq.dll
0x00007ffd8cb00000 - 0x00007ffd8cb67000 	C:\Windows\System32\MMDevApi.dll
0x00007ffd8f2b0000 - 0x00007ffd8f446000 	C:\Windows\System32\PROPSYS.dll
0x00007ffd72b90000 - 0x00007ffd72c1c000 	C:\Windows\SYSTEM32\dsound.dll
0x00007ffd88b80000 - 0x00007ffd88c85000 	C:\Windows\SYSTEM32\AUDIOSES.DLL
0x00007ffd8e390000 - 0x00007ffd8e39b000 	C:\Windows\SYSTEM32\AVRT.dll
0x000000006ade0000 - 0x000000006ae11000 	E:\Logiciels\jmonkeyplatform\jdk\jre\bin\jpeg.dll
0x00007ffd929c0000 - 0x00007ffd92b69000 	C:\Windows\SYSTEM32\dbghelp.dll

VM Arguments:
jvm_args: -Dfile.encoding=UTF-8 
java_command: mygame.Main
java_class_path (initial): C:\Users\thonon\Downloads\jmonkeyengine-feature-gltf-loader\build\libDist\lib\jme3-android-native.jar;C:\Users\thonon\Downloads\jmonkeyengine-feature-gltf-loader\build\libDist\lib\jme3-android.jar;C:\Users\thonon\Downloads\jmonkeyengine-feature-gltf-loader\build\libDist\lib\jme3-blender.jar;C:\Users\thonon\Downloads\jmonkeyengine-feature-gltf-loader\build\libDist\lib\jme3-bullet-native-android.jar;C:\Users\thonon\Downloads\jmonkeyengine-feature-gltf-loader\build\libDist\lib\jme3-bullet-native.jar;C:\Users\thonon\Downloads\jmonkeyengine-feature-gltf-loader\build\libDist\lib\jme3-bullet.jar;C:\Users\thonon\Downloads\jmonkeyengine-feature-gltf-loader\build\libDist\lib\jme3-core.jar;C:\Users\thonon\Downloads\jmonkeyengine-feature-gltf-loader\build\libDist\lib\jme3-desktop.jar;C:\Users\thonon\Downloads\jmonkeyengine-feature-gltf-loader\build\libDist\lib\jme3-effects.jar;C:\Users\thonon\Downloads\jmonkeyengine-feature-gltf-loader\build\libDist\lib\jme3-ios.jar;C:\Users\thonon\Downloads\jmonkeyengine-feature-gltf-loader\build\libDist\lib\jme3-jbullet.jar;C:\Users\thonon\Downloads\jmonkeyengine-feature-gltf-loader\build\libDist\lib\jme3-jogg.jar;C:\Users\thonon\Downloads\jmonkeyengine-feature-gltf-loader\build\libDist\lib\jme3-jogl.jar;C:\Users\thonon\Downloads\jmonkeyengine-feature-gltf-loader\build\libDist\lib\jme3-lwjgl.jar;C:\Users\thonon\Downloads\jmonkeyengine-feature-gltf-loader\build\libDist\lib\jme3-lwjgl3.jar;C:\Users\thonon\Downloads\jmonkeyengine-feature-gltf-loader\build\libDist\lib\jme3-networking.jar;C:\Users\thonon\Downloads\jmonkeyengine-feature-gltf-loader\build\libDist\lib\jme3-niftygui.jar;C:\Users\thonon\Downloads\jmonkeyengine-feature-gltf-loader\build\libDist\lib\jme3-plugins.jar;C:\Users\thonon\Downloads\jmonkeyengine-feature-gltf-loader\build\libDist\lib\jme3-terrain.jar;C:\Users\thonon\Downloads\jmonkeyengine-feature-gltf-loader\build\libDist\lib\jme3-testdata.jar;C:\Users\thonon\Downloads\jmonkeyengine-feature-gltf-loa
Launcher Type: SUN_STANDARD

Environment Variables:
PATH=C:\ProgramData\Oracle\Java\javapath;C:\Windows\system32;C:\Windows;C:\Windows\System32\Wbem;C:\Windows\System32\WindowsPowerShell\v1.0\;C:\Program Files (x86)\NVIDIA Corporation\PhysX\Common;C:\Users\thonon\AppData\Local\Microsoft\WindowsApps;
USERNAME=thonon
OS=Windows_NT
PROCESSOR_IDENTIFIER=Intel64 Family 6 Model 158 Stepping 9, GenuineIntel



---------------  S Y S T E M  ---------------

OS: Windows 10.0 , 64 bit Build 15063 (10.0.15063.296)

CPU:total 4 (4 cores per cpu, 1 threads per core) family 6 model 158 stepping 9, cmov, cx8, fxsr, mmx, sse, sse2, sse3, ssse3, sse4.1, sse4.2, popcnt, avx, avx2, aes, clmul, erms, rtm, 3dnowpref, lzcnt, tsc, tscinvbit, bmi1, bmi2, adx

Memory: 4k page, physical 16719060k(10729828k free), swap 19209428k(11860752k free)

vm_info: Java HotSpot(TM) 64-Bit Server VM (25.111-b14) for windows-amd64 JRE (1.8.0_111-b14), built on Sep 22 2016 19:24:05 by "java_re" with MS VC++ 10.0 (VS2010)

time: Fri Aug 25 12:14:46 2017
elapsed time: 3 seconds (0d 0h 0m 3s)

