#
# A fatal error has been detected by the Java Runtime Environment:
#
#  EXCEPTION_ACCESS_VIOLATION (0xc0000005) at pc=0x00007ffd7b9e1541, pid=9476, tid=0x0000000000002aac
#
# JRE version: Java(TM) SE Runtime Environment (8.0_111-b14) (build 1.8.0_111-b14)
# Java VM: Java HotSpot(TM) 64-Bit Server VM (25.111-b14 mixed mode windows-amd64 compressed oops)
# Problematic frame:
# C  [bulletjme.dll+0x91541]
#
# Failed to write core dump. Minidumps are not enabled by default on client versions of Windows
#
# If you would like to submit a bug report, please visit:
#   http://bugreport.java.com/bugreport/crash.jsp
# The crash happened outside the Java Virtual Machine in native code.
# See problematic frame for where to report the bug.
#

---------------  T H R E A D  ---------------

Current thread (0x000000001f0ce800):  JavaThread "jME3 Main" [_thread_in_native, id=10924, stack(0x000000002bc00000,0x000000002bd00000)]

siginfo: ExceptionCode=0xc0000005, writing address 0x0000000000000000

Registers:
RAX=0x000000000000fffc, RBX=0x0000000030a10f00, RCX=0x0000000000000000, RDX=0x0000000000000000
RSP=0x000000002bcfece0, RBP=0x000000002bcff0b8, RSI=0x0000000000000138, RDI=0x000000002bcfeec0
R8 =0x000000002bcfecc4, R9 =0x000000002bcfecc0, R10=0x0000000027c5e020, R11=0x0000000000000000
R12=0x0000000000000000, R13=0x0000000030a10f00, R14=0x000000002bcff0f8, R15=0x000000001f0ce800
RIP=0x00007ffd7b9e1541, EFLAGS=0x0000000000010206

Top of Stack: (sp=0x000000002bcfece0)
0x000000002bcfece0:   000000002bcfed10 000000002bcfed20
0x000000002bcfecf0:   0000000027c8de20 00007ffd96a3af7e
0x000000002bcfed00:   0000000027c8de20 000000003f800000
0x000000002bcfed10:   477ffd00477ffd00 00000000477ffd00
0x000000002bcfed20:   4040000040400000 0000000040400000
0x000000002bcfed30:   bf800000bf800000 00007ffd7b9e1977
0x000000002bcfed40:   0000000027c8ddf0 0000000000000000
0x000000002bcfed50:   0000000027c8de10 0000000000000000
0x000000002bcfed60:   46aaa8ab46aaa8ab 00007ffd7b9db0a9
0x000000002bcfed70:   0000000027c8ddf0 0000000000000000
0x000000002bcfed80:   0000000027c8de10 0000000000000000
0x000000002bcfed90:   00000000b8400000 00000000b8400000
0x000000002bcfeda0:   00000000477ffd00 0000000000000000
0x000000002bcfedb0:   0000000027c8dea0 0000000040400000
0x000000002bcfedc0:   bf800000bf800000 00007ffd7ba4c043
0x000000002bcfedd0:   000000002bcfee80 00000000477ffd00 

Instructions: (pc=0x00007ffd7b9e1541)
0x00007ffd7b9e1521:   e8 4a d4 f8 ff f3 48 0f 2c 00 0f b7 c0 25 fe ff
0x00007ffd7b9e1531:   00 00 b9 02 00 00 00 48 6b c9 00 48 8b 54 24 68
0x00007ffd7b9e1541:   66 89 04 0a 48 8d 4c 24 30 e8 01 46 f7 ff f3 48
0x00007ffd7b9e1551:   0f 2c 00 0f b7 c0 25 fe ff 00 00 b9 02 00 00 00 


Register to memory mapping:

RAX=0x000000000000fffc is an unknown value
RBX={method} {0x0000000030a10f08} 'createShape' '(ZZJ)J' in 'com/jme3/bullet/collision/shapes/MeshCollisionShape'
RCX=0x0000000000000000 is an unknown value
RDX=0x0000000000000000 is an unknown value
RSP=0x000000002bcfece0 is pointing into the stack for thread: 0x000000001f0ce800
RBP=0x000000002bcff0b8 is pointing into the stack for thread: 0x000000001f0ce800
RSI=0x0000000000000138 is an unknown value
RDI=0x000000002bcfeec0 is pointing into the stack for thread: 0x000000001f0ce800
R8 =0x000000002bcfecc4 is pointing into the stack for thread: 0x000000001f0ce800
R9 =0x000000002bcfecc0 is pointing into the stack for thread: 0x000000001f0ce800
R10=0x0000000027c5e020 is an unknown value
R11=0x0000000000000000 is an unknown value
R12=0x0000000000000000 is an unknown value
R13={method} {0x0000000030a10f08} 'createShape' '(ZZJ)J' in 'com/jme3/bullet/collision/shapes/MeshCollisionShape'
R14=0x000000002bcff0f8 is pointing into the stack for thread: 0x000000001f0ce800
R15=0x000000001f0ce800 is a thread


Stack: [0x000000002bc00000,0x000000002bd00000],  sp=0x000000002bcfece0,  free space=1019k
Native frames: (J=compiled Java code, j=interpreted, Vv=VM code, C=native code)
C  [bulletjme.dll+0x91541]
C  [bulletjme.dll+0x91977]
C  [bulletjme.dll+0x8b0a9]
C  [bulletjme.dll+0x1346d7]
C  [bulletjme.dll+0xbd3f0]
C  [bulletjme.dll+0xbce25]
C  [bulletjme.dll+0x159717]
C  0x0000000003337f74

Java frames: (J=compiled Java code, j=interpreted, Vv=VM code)
j  com.jme3.bullet.collision.shapes.MeshCollisionShape.createShape(ZZJ)J+0
j  com.jme3.bullet.collision.shapes.MeshCollisionShape.createShape([B)V+82
j  com.jme3.bullet.collision.shapes.MeshCollisionShape.createCollisionMesh(Lcom/jme3/scene/Mesh;)V+166
j  com.jme3.bullet.collision.shapes.MeshCollisionShape.<init>(Lcom/jme3/scene/Mesh;Z)V+21
j  com.jme3.bullet.collision.shapes.MeshCollisionShape.<init>(Lcom/jme3/scene/Mesh;)V+3
j  com.jme3.bullet.util.CollisionShapeFactory.createSingleMeshShape(Lcom/jme3/scene/Geometry;Lcom/jme3/scene/Spatial;)Lcom/jme3/bullet/collision/shapes/MeshCollisionShape;+30
j  com.jme3.bullet.util.CollisionShapeFactory.createMeshShape(Lcom/jme3/scene/Spatial;)Lcom/jme3/bullet/collision/shapes/CollisionShape;+68
j  mygame.VoxelAppState.addNode(Lcom/jme3/scene/Mesh;Ljava/lang/String;)V+49
j  mygame.VoxelAppState.manageChunk()V+233
j  mygame.VoxelAppState.initialize(Lcom/jme3/app/state/AppStateManager;Lcom/jme3/app/Application;)V+80
j  com.jme3.app.state.AppStateManager.initializePending()V+80
j  com.jme3.app.state.AppStateManager.update(F)V+5
j  com.jme3.app.SimpleApplication.update()V+77
j  com.jme3.system.lwjgl.LwjglAbstractDisplay.runLoop()V+22
j  com.jme3.system.lwjgl.LwjglDisplay.runLoop()V+104
j  com.jme3.system.lwjgl.LwjglAbstractDisplay.run()V+136
j  java.lang.Thread.run()V+11
v  ~StubRoutines::call_stub

---------------  P R O C E S S  ---------------

Java Threads: ( => current thread )
  0x0000000029e61000 JavaThread "jME3 Audio Decoder" daemon [_thread_blocked, id=11180, stack(0x0000000030850000,0x0000000030950000)]
  0x0000000029e5e000 JavaThread "Thread-5" daemon [_thread_in_native, id=4560, stack(0x0000000030160000,0x0000000030260000)]
  0x0000000003225800 JavaThread "DestroyJavaVM" [_thread_blocked, id=12448, stack(0x0000000003120000,0x0000000003220000)]
=>0x000000001f0ce800 JavaThread "jME3 Main" [_thread_in_native, id=10924, stack(0x000000002bc00000,0x000000002bd00000)]
  0x000000001f0a9800 JavaThread "TimerQueue" daemon [_thread_blocked, id=12720, stack(0x000000002ada0000,0x000000002aea0000)]
  0x000000001f0a8800 JavaThread "D3D Screen Updater" daemon [_thread_blocked, id=13052, stack(0x000000002aca0000,0x000000002ada0000)]
  0x000000001eeb8000 JavaThread "Image Fetcher 0" daemon [_thread_blocked, id=4756, stack(0x0000000026910000,0x0000000026a10000)]
  0x000000001ed6f000 JavaThread "AWT-EventQueue-0" [_thread_blocked, id=11324, stack(0x000000001f6c0000,0x000000001f7c0000)]
  0x000000001ed6c000 JavaThread "AWT-Windows" daemon [_thread_in_native, id=2488, stack(0x000000001f430000,0x000000001f530000)]
  0x000000001ed6b000 JavaThread "AWT-Shutdown" [_thread_blocked, id=5192, stack(0x000000001f330000,0x000000001f430000)]
  0x000000001ed5c000 JavaThread "Java2D Disposer" daemon [_thread_blocked, id=5228, stack(0x000000001f230000,0x000000001f330000)]
  0x000000001e303000 JavaThread "Service Thread" daemon [_thread_blocked, id=12884, stack(0x000000001e6d0000,0x000000001e7d0000)]
  0x000000001c983000 JavaThread "C1 CompilerThread2" daemon [_thread_blocked, id=8560, stack(0x000000001e1d0000,0x000000001e2d0000)]
  0x000000001c981000 JavaThread "C2 CompilerThread1" daemon [_thread_blocked, id=8084, stack(0x000000001e0d0000,0x000000001e1d0000)]
  0x000000001c97f000 JavaThread "C2 CompilerThread0" daemon [_thread_blocked, id=6284, stack(0x000000001dfd0000,0x000000001e0d0000)]
  0x000000001c97d800 JavaThread "Attach Listener" daemon [_thread_blocked, id=11916, stack(0x000000001ded0000,0x000000001dfd0000)]
  0x000000001c97c800 JavaThread "Signal Dispatcher" daemon [_thread_blocked, id=2024, stack(0x000000001ddd0000,0x000000001ded0000)]
  0x000000001c960800 JavaThread "Finalizer" daemon [_thread_blocked, id=11632, stack(0x000000001dbc0000,0x000000001dcc0000)]
  0x0000000003316000 JavaThread "Reference Handler" daemon [_thread_blocked, id=7328, stack(0x000000001dac0000,0x000000001dbc0000)]

Other Threads:
  0x000000001c937000 VMThread [stack: 0x000000001d9c0000,0x000000001dac0000] [id=3504]
  0x000000001e328000 WatcherThread [stack: 0x000000001e7d0000,0x000000001e8d0000] [id=11600]

VM state:not at safepoint (normal execution)

VM Mutex/Monitor currently owned by a thread: None

Heap:
 PSYoungGen      total 76288K, used 16649K [0x000000076af80000, 0x0000000770480000, 0x00000007c0000000)
  eden space 65536K, 9% used [0x000000076af80000,0x000000076b543b68,0x000000076ef80000)
  from space 10752K, 99% used [0x000000076ef80000,0x000000076f9fe960,0x000000076fa00000)
  to   space 10752K, 0% used [0x000000076fa00000,0x000000076fa00000,0x0000000770480000)
 ParOldGen       total 175104K, used 74390K [0x00000006c0e00000, 0x00000006cb900000, 0x000000076af80000)
  object space 175104K, 42% used [0x00000006c0e00000,0x00000006c56a5b00,0x00000006cb900000)
 Metaspace       used 19189K, capacity 19475K, committed 19840K, reserved 1067008K
  class space    used 2244K, capacity 2335K, committed 2432K, reserved 1048576K

Card table byte_map: [0x00000000126e0000,0x0000000012ee0000] byte_map_base: 0x000000000f0d9000

Marking Bits: (ParMarkBitMap*) 0x000000006ae2a6c0
 Begin Bits: [0x0000000013840000, 0x0000000017808000)
 End Bits:   [0x0000000017808000, 0x000000001b7d0000)

Polling page: 0x0000000001790000

CodeCache: size=245760Kb used=5151Kb max_used=5151Kb free=240608Kb
 bounds [0x0000000003320000, 0x0000000003830000, 0x0000000012320000]
 total_blobs=2197 nmethods=1534 adapters=575
 compilation: enabled

Compilation events (10 events):
Event: 3.833 Thread 0x000000001c981000 nmethod 1518 0x0000000003814010 code [0x00000000038141c0, 0x0000000003814cd8]
Event: 3.835 Thread 0x000000001c983000 1531       1       mygame.MapLoader::getGridMap3d (5 bytes)
Event: 3.835 Thread 0x000000001c983000 nmethod 1531 0x0000000003813d50 code [0x0000000003813ea0, 0x0000000003813fb0]
Event: 3.835 Thread 0x000000001c983000 1532       1       mygame.MapLoader::getzWidth (5 bytes)
Event: 3.835 Thread 0x000000001c983000 nmethod 1532 0x0000000003813a90 code [0x0000000003813be0, 0x0000000003813cf0]
Event: 3.838 Thread 0x000000001c983000 1533 %     3       mygame.Chunk::makeMeshChunk @ 106 (2105 bytes)
Event: 3.839 Thread 0x000000001c97f000 nmethod 1530 0x0000000003815310 code [0x0000000003815520, 0x0000000003816210]
Event: 3.841 Thread 0x000000001c981000 1534       4       java.lang.Character::toUpperCaseEx (30 bytes)
Event: 3.841 Thread 0x000000001c981000 nmethod 1534 0x0000000003817190 code [0x00000000038172c0, 0x0000000003817398]
Event: 3.842 Thread 0x000000001c983000 nmethod 1533% 0x00000000038174d0 code [0x00000000038185a0, 0x0000000003825638]

GC Heap History (2 events):
Event: 3.821 GC heap before
{Heap before GC invocations=1 (full 0):
 PSYoungGen      total 76288K, used 65536K [0x000000076af80000, 0x0000000770480000, 0x00000007c0000000)
  eden space 65536K, 100% used [0x000000076af80000,0x000000076ef80000,0x000000076ef80000)
  from space 10752K, 0% used [0x000000076fa00000,0x000000076fa00000,0x0000000770480000)
  to   space 10752K, 0% used [0x000000076ef80000,0x000000076ef80000,0x000000076fa00000)
 ParOldGen       total 175104K, used 73728K [0x00000006c0e00000, 0x00000006cb900000, 0x000000076af80000)
  object space 175104K, 42% used [0x00000006c0e00000,0x00000006c5600010,0x00000006cb900000)
 Metaspace       used 19020K, capacity 19315K, committed 19712K, reserved 1067008K
  class space    used 2229K, capacity 2303K, committed 2304K, reserved 1048576K
Event: 3.827 GC heap after
Heap after GC invocations=1 (full 0):
 PSYoungGen      total 76288K, used 10746K [0x000000076af80000, 0x0000000770480000, 0x00000007c0000000)
  eden space 65536K, 0% used [0x000000076af80000,0x000000076af80000,0x000000076ef80000)
  from space 10752K, 99% used [0x000000076ef80000,0x000000076f9fe960,0x000000076fa00000)
  to   space 10752K, 0% used [0x000000076fa00000,0x000000076fa00000,0x0000000770480000)
 ParOldGen       total 175104K, used 74390K [0x00000006c0e00000, 0x00000006cb900000, 0x000000076af80000)
  object space 175104K, 42% used [0x00000006c0e00000,0x00000006c56a5b00,0x00000006cb900000)
 Metaspace       used 19020K, capacity 19315K, committed 19712K, reserved 1067008K
  class space    used 2229K, capacity 2303K, committed 2304K, reserved 1048576K
}

Deoptimization events (8 events):
Event: 0.087 Thread 0x0000000003225800 Uncommon trap: reason=unstable_if action=reinterpret pc=0x00000000034527e0 method=java.lang.String.hashCode()I @ 14
Event: 1.018 Thread 0x000000001ed6f000 Uncommon trap: reason=class_check action=maybe_recompile pc=0x00000000034c6390 method=java.lang.String.equals(Ljava/lang/Object;)Z @ 8
Event: 1.018 Thread 0x000000001ed6f000 Uncommon trap: reason=class_check action=maybe_recompile pc=0x00000000034c6390 method=java.lang.String.equals(Ljava/lang/Object;)Z @ 8
Event: 1.018 Thread 0x000000001ed6f000 Uncommon trap: reason=class_check action=maybe_recompile pc=0x00000000034c6390 method=java.lang.String.equals(Ljava/lang/Object;)Z @ 8
Event: 1.020 Thread 0x000000001ed6f000 Uncommon trap: reason=class_check action=maybe_recompile pc=0x00000000034c6390 method=java.lang.String.equals(Ljava/lang/Object;)Z @ 8
Event: 3.733 Thread 0x000000001f0ce800 Uncommon trap: reason=unstable_if action=reinterpret pc=0x00000000037a5b48 method=sun.awt.image.ByteInterleavedRaster.putByteData(IIII[B)V @ 395
Event: 3.775 Thread 0x000000001f0ce800 Uncommon trap: reason=unstable_if action=reinterpret pc=0x00000000037f1b10 method=mygame.MapLoader.loaderMap()V @ 217
Event: 3.780 Thread 0x000000001f0ce800 Uncommon trap: reason=unstable_if action=reinterpret pc=0x00000000037f10dc method=mygame.MapLoader.makeGrid3d()V @ 7

Internal exceptions (10 events):
Event: 0.157 Thread 0x0000000003225800 Exception <a 'java/lang/NoSuchFieldError': method resolution failed> (0x000000076b573a90) thrown at [C:\re\workspace\8-2-build-windows-amd64-cygwin\jdk8u111\7883\hotspot\src\share\vm\prims\methodHandles.cpp, line 1146]
Event: 0.160 Thread 0x0000000003225800 Exception <a 'java/lang/NoSuchFieldError': method resolution failed> (0x000000076b580de0) thrown at [C:\re\workspace\8-2-build-windows-amd64-cygwin\jdk8u111\7883\hotspot\src\share\vm\prims\methodHandles.cpp, line 1146]
Event: 0.198 Thread 0x000000001ed6f000 Exception <a 'java/io/FileNotFoundException'> (0x000000076b8a4870) thrown at [C:\re\workspace\8-2-build-windows-amd64-cygwin\jdk8u111\7883\hotspot\src\share\vm\prims\jni.cpp, line 709]
Event: 0.858 Thread 0x000000001ed6f000 Exception <a 'java/lang/NoClassDefFoundError'> (0x000000076b97b160) thrown at [C:\re\workspace\8-2-build-windows-amd64-cygwin\jdk8u111\7883\hotspot\src\share\vm\prims\jvm.cpp, line 1390]
Event: 3.588 Thread 0x000000001f0ce800 Exception <a 'java/security/PrivilegedActionException'> (0x000000076d4e8fd0) thrown at [C:\re\workspace\8-2-build-windows-amd64-cygwin\jdk8u111\7883\hotspot\src\share\vm\prims\jvm.cpp, line 1386]
Event: 3.589 Thread 0x000000001f0ce800 Exception <a 'java/security/PrivilegedActionException'> (0x000000076d4eab40) thrown at [C:\re\workspace\8-2-build-windows-amd64-cygwin\jdk8u111\7883\hotspot\src\share\vm\prims\jvm.cpp, line 1386]
Event: 3.589 Thread 0x000000001f0ce800 Exception <a 'java/security/PrivilegedActionException'> (0x000000076d4ebc60) thrown at [C:\re\workspace\8-2-build-windows-amd64-cygwin\jdk8u111\7883\hotspot\src\share\vm\prims\jvm.cpp, line 1386]
Event: 3.589 Thread 0x000000001f0ce800 Exception <a 'java/security/PrivilegedActionException'> (0x000000076d4f0d80) thrown at [C:\re\workspace\8-2-build-windows-amd64-cygwin\jdk8u111\7883\hotspot\src\share\vm\prims\jvm.cpp, line 1386]
Event: 3.589 Thread 0x000000001f0ce800 Exception <a 'java/security/PrivilegedActionException'> (0x000000076d4f19d8) thrown at [C:\re\workspace\8-2-build-windows-amd64-cygwin\jdk8u111\7883\hotspot\src\share\vm\prims\jvm.cpp, line 1386]
Event: 3.589 Thread 0x000000001f0ce800 Exception <a 'java/security/PrivilegedActionException'> (0x000000076d4f2600) thrown at [C:\re\workspace\8-2-build-windows-amd64-cygwin\jdk8u111\7883\hotspot\src\share\vm\prims\jvm.cpp, line 1386]

Events (10 events):
Event: 3.840 loading class com/jme3/bullet/collision/shapes/BoxCollisionShape
Event: 3.840 loading class com/jme3/bullet/collision/shapes/BoxCollisionShape done
Event: 3.841 loading class com/jme3/bullet/collision/shapes/HullCollisionShape
Event: 3.841 loading class com/jme3/bullet/collision/shapes/HullCollisionShape done
Event: 3.841 loading class com/jme3/terrain/geomipmap/TerrainQuad
Event: 3.841 loading class com/jme3/terrain/geomipmap/TerrainQuad done
Event: 3.842 loading class com/jme3/terrain/Terrain
Event: 3.842 loading class com/jme3/terrain/Terrain done
Event: 3.849 loading class com/jme3/terrain/geomipmap/TerrainPatch
Event: 3.849 loading class com/jme3/terrain/geomipmap/TerrainPatch done


Dynamic libraries:
0x00007ff684d20000 - 0x00007ff684d57000 	E:\Logiciels\jmonkeyplatform\jdk\bin\java.exe
0x00007ffd96a10000 - 0x00007ffd96beb000 	C:\Windows\SYSTEM32\ntdll.dll
0x00007ffd96510000 - 0x00007ffd965be000 	C:\Windows\System32\KERNEL32.DLL
0x00007ffd939b0000 - 0x00007ffd93bf9000 	C:\Windows\System32\KERNELBASE.dll
0x00007ffd95ed0000 - 0x00007ffd95f71000 	C:\Windows\System32\ADVAPI32.dll
0x00007ffd95f80000 - 0x00007ffd9601d000 	C:\Windows\System32\msvcrt.dll
0x00007ffd943c0000 - 0x00007ffd94419000 	C:\Windows\System32\sechost.dll
0x00007ffd96130000 - 0x00007ffd96255000 	C:\Windows\System32\RPCRT4.dll
0x00007ffd93f70000 - 0x00007ffd940ba000 	C:\Windows\System32\USER32.dll
0x00007ffd93f50000 - 0x00007ffd93f6e000 	C:\Windows\System32\win32u.dll
0x00007ffd96420000 - 0x00007ffd96447000 	C:\Windows\System32\GDI32.dll
0x00007ffd93c00000 - 0x00007ffd93d88000 	C:\Windows\System32\gdi32full.dll
0x00007ffd93e40000 - 0x00007ffd93eda000 	C:\Windows\System32\msvcp_win.dll
0x00007ffd92f30000 - 0x00007ffd93026000 	C:\Windows\System32\ucrtbase.dll
0x00007ffd86370000 - 0x00007ffd865d7000 	C:\Windows\WinSxS\amd64_microsoft.windows.common-controls_6595b64144ccf1df_6.0.15063.483_none_26002d27e7c744a2\COMCTL32.dll
0x00007ffd940c0000 - 0x00007ffd943b9000 	C:\Windows\System32\combase.dll
0x00007ffd93ee0000 - 0x00007ffd93f4a000 	C:\Windows\System32\bcryptPrimitives.dll
0x00007ffd95ea0000 - 0x00007ffd95ecd000 	C:\Windows\System32\IMM32.DLL
0x0000000067750000 - 0x0000000067822000 	E:\Logiciels\jmonkeyplatform\jdk\jre\bin\msvcr100.dll
0x000000006a610000 - 0x000000006aeaa000 	E:\Logiciels\jmonkeyplatform\jdk\jre\bin\server\jvm.dll
0x00007ffd965c0000 - 0x00007ffd965c8000 	C:\Windows\System32\PSAPI.DLL
0x00007ffd91280000 - 0x00007ffd9128a000 	C:\Windows\SYSTEM32\VERSION.dll
0x00007ffd8d730000 - 0x00007ffd8d739000 	C:\Windows\SYSTEM32\WSOCK32.dll
0x00007ffd95b50000 - 0x00007ffd95bbc000 	C:\Windows\System32\WS2_32.dll
0x00007ffd908d0000 - 0x00007ffd908f3000 	C:\Windows\SYSTEM32\WINMM.dll
0x00007ffd90840000 - 0x00007ffd9086b000 	C:\Windows\SYSTEM32\WINMMBASE.dll
0x00007ffd93030000 - 0x00007ffd93079000 	C:\Windows\System32\cfgmgr32.dll
0x000000006a520000 - 0x000000006a52f000 	E:\Logiciels\jmonkeyplatform\jdk\jre\bin\verify.dll
0x000000006a4f0000 - 0x000000006a519000 	E:\Logiciels\jmonkeyplatform\jdk\jre\bin\java.dll
0x000000006a4d0000 - 0x000000006a4e6000 	E:\Logiciels\jmonkeyplatform\jdk\jre\bin\zip.dll
0x00007ffd945e0000 - 0x00007ffd95a17000 	C:\Windows\System32\SHELL32.dll
0x00007ffd95df0000 - 0x00007ffd95e9a000 	C:\Windows\System32\shcore.dll
0x00007ffd930e0000 - 0x00007ffd937d3000 	C:\Windows\System32\windows.storage.dll
0x00007ffd95bc0000 - 0x00007ffd95c11000 	C:\Windows\System32\shlwapi.dll
0x00007ffd92ec0000 - 0x00007ffd92ed1000 	C:\Windows\System32\kernel.appcore.dll
0x00007ffd92ee0000 - 0x00007ffd92f2c000 	C:\Windows\System32\powrprof.dll
0x00007ffd92ea0000 - 0x00007ffd92eb5000 	C:\Windows\System32\profapi.dll
0x000000006a2f0000 - 0x000000006a488000 	E:\Logiciels\jmonkeyplatform\jdk\jre\bin\awt.dll
0x00007ffd96450000 - 0x00007ffd96510000 	C:\Windows\System32\OLEAUT32.dll
0x00007ffd90b00000 - 0x00007ffd90b7e000 	C:\Windows\SYSTEM32\apphelp.dll
0x00007ffd90cd0000 - 0x00007ffd90d65000 	C:\Windows\system32\uxtheme.dll
0x00007ffd95c20000 - 0x00007ffd95d86000 	C:\Windows\System32\MSCTF.dll
0x00007ffd91680000 - 0x00007ffd916aa000 	C:\Windows\system32\dwmapi.dll
0x00007ffd94430000 - 0x00007ffd94575000 	C:\Windows\System32\ole32.dll
0x00007ffd6d550000 - 0x00007ffd6d6d9000 	C:\Windows\system32\d3d9.dll
0x00007ffd8cc30000 - 0x00007ffd8cd11000 	C:\Windows\System32\DriverStore\FileRepository\nv_dispi.inf_amd64_24ddebfb518b5a55\nvldumdx.dll
0x00007ffd937e0000 - 0x00007ffd939a9000 	C:\Windows\System32\crypt32.dll
0x00007ffd92e80000 - 0x00007ffd92e91000 	C:\Windows\System32\MSASN1.dll
0x00007ffd93080000 - 0x00007ffd930d6000 	C:\Windows\System32\WINTRUST.DLL
0x00007ffd96260000 - 0x00007ffd9627d000 	C:\Windows\System32\imagehlp.dll
0x00007ffd92830000 - 0x00007ffd92847000 	C:\Windows\SYSTEM32\CRYPTSP.dll
0x00007ffd92020000 - 0x00007ffd92054000 	C:\Windows\system32\rsaenh.dll
0x00007ffd92d50000 - 0x00007ffd92d75000 	C:\Windows\SYSTEM32\bcrypt.dll
0x00007ffd925a0000 - 0x00007ffd925ab000 	C:\Windows\SYSTEM32\CRYPTBASE.dll
0x00007ffd6a6d0000 - 0x00007ffd6b833000 	C:\Windows\System32\DriverStore\FileRepository\nv_dispi.inf_amd64_24ddebfb518b5a55\nvd3dumx.dll
0x00007ffd7a2c0000 - 0x00007ffd7a49c000 	C:\Windows\system32\nvspcap64.dll
0x00007ffd965d0000 - 0x00007ffd96a0b000 	C:\Windows\System32\SETUPAPI.dll
0x00007ffd8d7b0000 - 0x00007ffd8d887000 	C:\Windows\SYSTEM32\WINHTTP.dll
0x00007ffd8f230000 - 0x00007ffd8f243000 	C:\Windows\SYSTEM32\WTSAPI32.dll
0x00007ffd882e0000 - 0x00007ffd8871f000 	C:\Windows\system32\nvapi64.dll
0x00007ffd91320000 - 0x00007ffd913c4000 	C:\Windows\SYSTEM32\dxgi.dll
0x00007ffd90f50000 - 0x00007ffd90f78000 	C:\Windows\SYSTEM32\DEVOBJ.dll
0x00007ffd8c900000 - 0x00007ffd8c9ea000 	C:\Program Files (x86)\NVIDIA Corporation\3D Vision\nvSCPAPI64.dll
0x000000006a260000 - 0x000000006a2a7000 	E:\Logiciels\jmonkeyplatform\jdk\jre\bin\fontmanager.dll
0x000000006a4b0000 - 0x000000006a4ca000 	E:\Logiciels\jmonkeyplatform\jdk\jre\bin\net.dll
0x00007ffd92400000 - 0x00007ffd9245c000 	C:\Windows\system32\mswsock.dll
0x000000006a490000 - 0x000000006a4a1000 	E:\Logiciels\jmonkeyplatform\jdk\jre\bin\nio.dll
0x000000006a210000 - 0x000000006a252000 	E:\Logiciels\jmonkeyplatform\jdk\jre\bin\t2k.dll
0x00007ffd8b980000 - 0x00007ffd8ba02000 	C:\Windows\System32\TextInputFramework.dll
0x00007ffd8dee0000 - 0x00007ffd8e1b2000 	C:\Windows\System32\CoreUIComponents.dll
0x00007ffd90330000 - 0x00007ffd90413000 	C:\Windows\System32\CoreMessaging.dll
0x00007ffd91e50000 - 0x00007ffd91e81000 	C:\Windows\SYSTEM32\ntmarta.dll
0x00007ffd8f190000 - 0x00007ffd8f1a5000 	C:\Windows\SYSTEM32\usermgrcli.dll
0x00007ffd8e6b0000 - 0x00007ffd8e7e9000 	C:\Windows\SYSTEM32\wintypes.dll
0x00007ffd7b950000 - 0x00007ffd7bb56000 	F:\Users\Thonon\Documents\JME Apps\Bilou\bulletjme.dll
0x0000000180000000 - 0x0000000180064000 	F:\Users\Thonon\Documents\JME Apps\Bilou\OpenAL64.dll
0x000000002bd40000 - 0x000000002bd56000 	F:\Users\Thonon\Documents\JME Apps\Bilou\jinput-dx8_64.dll
0x00007ffd8c3c0000 - 0x00007ffd8c402000 	C:\Windows\SYSTEM32\DINPUT8.dll
0x000000002bd80000 - 0x000000002bdd3000 	F:\Users\Thonon\Documents\JME Apps\Bilou\lwjgl64.dll
0x00007ffd71ac0000 - 0x00007ffd71be1000 	C:\Windows\SYSTEM32\OPENGL32.dll
0x00007ffd7b750000 - 0x00007ffd7b77c000 	C:\Windows\SYSTEM32\GLU32.dll
0x0000000067f40000 - 0x000000006a1a9000 	C:\Windows\SYSTEM32\nvoglv64.DLL
0x00007ffd92cf0000 - 0x00007ffd92d45000 	C:\Windows\SYSTEM32\WINSTA.dll
0x00007ffd8cb90000 - 0x00007ffd8cc23000 	C:\Windows\SYSTEM32\mscms.dll
0x00007ffd92db0000 - 0x00007ffd92dd9000 	C:\Windows\SYSTEM32\USERENV.dll
0x00007ffd8c350000 - 0x00007ffd8c391000 	C:\Windows\SYSTEM32\icm32.dll
0x00007ffd91270000 - 0x00007ffd9127d000 	C:\Windows\SYSTEM32\HID.DLL
0x000000002bf40000 - 0x000000002bf54000 	F:\Users\Thonon\Documents\JME Apps\Bilou\jinput-raw_64.dll
0x00007ffd95ab0000 - 0x00007ffd95b4e000 	C:\Windows\System32\clbcatq.dll
0x00007ffd8cb00000 - 0x00007ffd8cb67000 	C:\Windows\System32\MMDevApi.dll
0x00007ffd8f2b0000 - 0x00007ffd8f446000 	C:\Windows\System32\PROPSYS.dll
0x00007ffd74980000 - 0x00007ffd74a0c000 	C:\Windows\SYSTEM32\dsound.dll
0x00007ffd88b80000 - 0x00007ffd88c85000 	C:\Windows\SYSTEM32\AUDIOSES.DLL
0x00007ffd8e390000 - 0x00007ffd8e39b000 	C:\Windows\SYSTEM32\AVRT.dll
0x0000000067ec0000 - 0x0000000067ef1000 	E:\Logiciels\jmonkeyplatform\jdk\jre\bin\jpeg.dll
0x00007ffd929c0000 - 0x00007ffd92b69000 	C:\Windows\SYSTEM32\dbghelp.dll

VM Arguments:
jvm_args: -Dfile.encoding=UTF-8 
java_command: mygame.Main
java_class_path (initial): C:\Users\thonon\Downloads\jmonkeyengine-feature-gltf-loader\build\libDist\lib\jme3-android-native.jar;C:\Users\thonon\Downloads\jmonkeyengine-feature-gltf-loader\build\libDist\lib\jme3-android.jar;C:\Users\thonon\Downloads\jmonkeyengine-feature-gltf-loader\build\libDist\lib\jme3-blender.jar;C:\Users\thonon\Downloads\jmonkeyengine-feature-gltf-loader\build\libDist\lib\jme3-bullet-native-android.jar;C:\Users\thonon\Downloads\jmonkeyengine-feature-gltf-loader\build\libDist\lib\jme3-bullet-native.jar;C:\Users\thonon\Downloads\jmonkeyengine-feature-gltf-loader\build\libDist\lib\jme3-bullet.jar;C:\Users\thonon\Downloads\jmonkeyengine-feature-gltf-loader\build\libDist\lib\jme3-core.jar;C:\Users\thonon\Downloads\jmonkeyengine-feature-gltf-loader\build\libDist\lib\jme3-desktop.jar;C:\Users\thonon\Downloads\jmonkeyengine-feature-gltf-loader\build\libDist\lib\jme3-effects.jar;C:\Users\thonon\Downloads\jmonkeyengine-feature-gltf-loader\build\libDist\lib\jme3-ios.jar;C:\Users\thonon\Downloads\jmonkeyengine-feature-gltf-loader\build\libDist\lib\jme3-jbullet.jar;C:\Users\thonon\Downloads\jmonkeyengine-feature-gltf-loader\build\libDist\lib\jme3-jogg.jar;C:\Users\thonon\Downloads\jmonkeyengine-feature-gltf-loader\build\libDist\lib\jme3-jogl.jar;C:\Users\thonon\Downloads\jmonkeyengine-feature-gltf-loader\build\libDist\lib\jme3-lwjgl.jar;C:\Users\thonon\Downloads\jmonkeyengine-feature-gltf-loader\build\libDist\lib\jme3-lwjgl3.jar;C:\Users\thonon\Downloads\jmonkeyengine-feature-gltf-loader\build\libDist\lib\jme3-networking.jar;C:\Users\thonon\Downloads\jmonkeyengine-feature-gltf-loader\build\libDist\lib\jme3-niftygui.jar;C:\Users\thonon\Downloads\jmonkeyengine-feature-gltf-loader\build\libDist\lib\jme3-plugins.jar;C:\Users\thonon\Downloads\jmonkeyengine-feature-gltf-loader\build\libDist\lib\jme3-terrain.jar;C:\Users\thonon\Downloads\jmonkeyengine-feature-gltf-loader\build\libDist\lib\jme3-testdata.jar;C:\Users\thonon\Downloads\jmonkeyengine-feature-gltf-loa
Launcher Type: SUN_STANDARD

Environment Variables:
PATH=C:\ProgramData\Oracle\Java\javapath;C:\Windows\system32;C:\Windows;C:\Windows\System32\Wbem;C:\Windows\System32\WindowsPowerShell\v1.0\;C:\Program Files (x86)\NVIDIA Corporation\PhysX\Common;C:\Users\thonon\AppData\Local\Microsoft\WindowsApps;
USERNAME=thonon
OS=Windows_NT
PROCESSOR_IDENTIFIER=Intel64 Family 6 Model 158 Stepping 9, GenuineIntel



---------------  S Y S T E M  ---------------

OS: Windows 10.0 , 64 bit Build 15063 (10.0.15063.296)

CPU:total 4 (4 cores per cpu, 1 threads per core) family 6 model 158 stepping 9, cmov, cx8, fxsr, mmx, sse, sse2, sse3, ssse3, sse4.1, sse4.2, popcnt, avx, avx2, aes, clmul, erms, rtm, 3dnowpref, lzcnt, tsc, tscinvbit, bmi1, bmi2, adx

Memory: 4k page, physical 16719060k(12690296k free), swap 19209428k(14236216k free)

vm_info: Java HotSpot(TM) 64-Bit Server VM (25.111-b14) for windows-amd64 JRE (1.8.0_111-b14), built on Sep 22 2016 19:24:05 by "java_re" with MS VC++ 10.0 (VS2010)

time: Fri Aug 25 21:46:01 2017
elapsed time: 3 seconds (0d 0h 0m 3s)

