#
# A fatal error has been detected by the Java Runtime Environment:
#
#  EXCEPTION_ACCESS_VIOLATION (0xc0000005) at pc=0x00007ffd6fd31541, pid=2200, tid=0x00000000000018e0
#
# JRE version: Java(TM) SE Runtime Environment (8.0_111-b14) (build 1.8.0_111-b14)
# Java VM: Java HotSpot(TM) 64-Bit Server VM (25.111-b14 mixed mode windows-amd64 compressed oops)
# Problematic frame:
# C  [bulletjme.dll+0x91541]
#
# Failed to write core dump. Minidumps are not enabled by default on client versions of Windows
#
# If you would like to submit a bug report, please visit:
#   http://bugreport.java.com/bugreport/crash.jsp
# The crash happened outside the Java Virtual Machine in native code.
# See problematic frame for where to report the bug.
#

---------------  T H R E A D  ---------------

Current thread (0x000000001e6d4800):  JavaThread "jME3 Main" [_thread_in_native, id=6368, stack(0x000000002b380000,0x000000002b480000)]

siginfo: ExceptionCode=0xc0000005, writing address 0x0000000000000000

Registers:
RAX=0x000000000000fffc, RBX=0x00000000301773d0, RCX=0x0000000000000000, RDX=0x0000000000000000
RSP=0x000000002b47e5f0, RBP=0x000000002b47e9d0, RSI=0x0000000000000138, RDI=0x000000002b47e7d0
R8 =0x000000002b47e5d4, R9 =0x000000002b47e5d0, R10=0x000000002725b010, R11=0x0000000000000000
R12=0x0000000000000000, R13=0x00000000301773d0, R14=0x000000002b47ea10, R15=0x000000001e6d4800
RIP=0x00007ffd6fd31541, EFLAGS=0x0000000000010206

Top of Stack: (sp=0x000000002b47e5f0)
0x000000002b47e5f0:   000000002b47e620 000000002b47e630
0x000000002b47e600:   000000002727fa10 00007ffd96a3af7e
0x000000002b47e610:   000000002727fa10 000000003f800000
0x000000002b47e620:   477ffd00477ffd00 00000000477ffd00
0x000000002b47e630:   4040000040400000 0000000040400000
0x000000002b47e640:   bf800000bf800000 00007ffd6fd31977
0x000000002b47e650:   000000002727f9e0 0000000000000000
0x000000002b47e660:   000000002727fa00 0000000000000000
0x000000002b47e670:   46aaa8ab46aaa8ab 00007ffd6fd2b0a9
0x000000002b47e680:   000000002727f9e0 0000000000000000
0x000000002b47e690:   000000002727fa00 0000000000000000
0x000000002b47e6a0:   00000000b8400000 00000000b8400000
0x000000002b47e6b0:   00000000477ffd00 0000000000000000
0x000000002b47e6c0:   000000002727fa90 0000000040400000
0x000000002b47e6d0:   bf800000bf800000 00007ffd6fd9c043
0x000000002b47e6e0:   000000002b47e790 00000000477ffd00 

Instructions: (pc=0x00007ffd6fd31541)
0x00007ffd6fd31521:   e8 4a d4 f8 ff f3 48 0f 2c 00 0f b7 c0 25 fe ff
0x00007ffd6fd31531:   00 00 b9 02 00 00 00 48 6b c9 00 48 8b 54 24 68
0x00007ffd6fd31541:   66 89 04 0a 48 8d 4c 24 30 e8 01 46 f7 ff f3 48
0x00007ffd6fd31551:   0f 2c 00 0f b7 c0 25 fe ff 00 00 b9 02 00 00 00 


Register to memory mapping:

RAX=0x000000000000fffc is an unknown value
RBX={method} {0x00000000301773d8} 'createShape' '(ZZJ)J' in 'com/jme3/bullet/collision/shapes/MeshCollisionShape'
RCX=0x0000000000000000 is an unknown value
RDX=0x0000000000000000 is an unknown value
RSP=0x000000002b47e5f0 is pointing into the stack for thread: 0x000000001e6d4800
RBP=0x000000002b47e9d0 is pointing into the stack for thread: 0x000000001e6d4800
RSI=0x0000000000000138 is an unknown value
RDI=0x000000002b47e7d0 is pointing into the stack for thread: 0x000000001e6d4800
R8 =0x000000002b47e5d4 is pointing into the stack for thread: 0x000000001e6d4800
R9 =0x000000002b47e5d0 is pointing into the stack for thread: 0x000000001e6d4800
R10=0x000000002725b010 is an unknown value
R11=0x0000000000000000 is an unknown value
R12=0x0000000000000000 is an unknown value
R13={method} {0x00000000301773d8} 'createShape' '(ZZJ)J' in 'com/jme3/bullet/collision/shapes/MeshCollisionShape'
R14=0x000000002b47ea10 is pointing into the stack for thread: 0x000000001e6d4800
R15=0x000000001e6d4800 is a thread


Stack: [0x000000002b380000,0x000000002b480000],  sp=0x000000002b47e5f0,  free space=1017k
Native frames: (J=compiled Java code, j=interpreted, Vv=VM code, C=native code)
C  [bulletjme.dll+0x91541]
C  [bulletjme.dll+0x91977]
C  [bulletjme.dll+0x8b0a9]
C  [bulletjme.dll+0x1346d7]
C  [bulletjme.dll+0xbd3f0]
C  [bulletjme.dll+0xbce25]
C  [bulletjme.dll+0x159717]
C  0x0000000002a77f74

Java frames: (J=compiled Java code, j=interpreted, Vv=VM code)
j  com.jme3.bullet.collision.shapes.MeshCollisionShape.createShape(ZZJ)J+0
j  com.jme3.bullet.collision.shapes.MeshCollisionShape.createShape([B)V+82
j  com.jme3.bullet.collision.shapes.MeshCollisionShape.createCollisionMesh(Lcom/jme3/scene/Mesh;)V+166
j  com.jme3.bullet.collision.shapes.MeshCollisionShape.<init>(Lcom/jme3/scene/Mesh;Z)V+21
j  com.jme3.bullet.collision.shapes.MeshCollisionShape.<init>(Lcom/jme3/scene/Mesh;)V+3
j  com.jme3.bullet.util.CollisionShapeFactory.createSingleMeshShape(Lcom/jme3/scene/Geometry;Lcom/jme3/scene/Spatial;)Lcom/jme3/bullet/collision/shapes/MeshCollisionShape;+30
j  com.jme3.bullet.util.CollisionShapeFactory.createCompoundShape(Lcom/jme3/scene/Node;Lcom/jme3/scene/Node;Lcom/jme3/bullet/collision/shapes/CompoundCollisionShape;ZZ)Lcom/jme3/bullet/collision/shapes/CompoundCollisionShape;+297
j  com.jme3.bullet.util.CollisionShapeFactory.createCompoundShape(Lcom/jme3/scene/Node;Lcom/jme3/bullet/collision/shapes/CompoundCollisionShape;Z)Lcom/jme3/bullet/collision/shapes/CompoundCollisionShape;+5
j  com.jme3.bullet.util.CollisionShapeFactory.createMeshCompoundShape(Lcom/jme3/scene/Node;)Lcom/jme3/bullet/collision/shapes/CompoundCollisionShape;+9
j  com.jme3.bullet.util.CollisionShapeFactory.createMeshShape(Lcom/jme3/scene/Spatial;)Lcom/jme3/bullet/collision/shapes/CollisionShape;+83
j  mygame.VoxelAppState.manageChunk()V+289
j  mygame.VoxelAppState.initialize(Lcom/jme3/app/state/AppStateManager;Lcom/jme3/app/Application;)V+80
j  com.jme3.app.state.AppStateManager.initializePending()V+80
j  com.jme3.app.state.AppStateManager.update(F)V+5
j  com.jme3.app.SimpleApplication.update()V+77
j  com.jme3.system.lwjgl.LwjglAbstractDisplay.runLoop()V+22
j  com.jme3.system.lwjgl.LwjglDisplay.runLoop()V+104
j  com.jme3.system.lwjgl.LwjglAbstractDisplay.run()V+136
j  java.lang.Thread.run()V+11
v  ~StubRoutines::call_stub

---------------  P R O C E S S  ---------------

Java Threads: ( => current thread )
  0x00000000297b0800 JavaThread "jME3 Audio Decoder" daemon [_thread_blocked, id=7880, stack(0x000000002ff90000,0x0000000030090000)]
  0x000000002979d800 JavaThread "Thread-5" daemon [_thread_in_native, id=1184, stack(0x000000002f8a0000,0x000000002f9a0000)]
  0x0000000002965800 JavaThread "DestroyJavaVM" [_thread_blocked, id=12780, stack(0x0000000002860000,0x0000000002960000)]
=>0x000000001e6d4800 JavaThread "jME3 Main" [_thread_in_native, id=6368, stack(0x000000002b380000,0x000000002b480000)]
  0x000000002912c000 JavaThread "TimerQueue" daemon [_thread_blocked, id=1096, stack(0x000000002a4c0000,0x000000002a5c0000)]
  0x000000002912b000 JavaThread "D3D Screen Updater" daemon [_thread_blocked, id=7972, stack(0x000000002a3c0000,0x000000002a4c0000)]
  0x000000001e605800 JavaThread "Image Fetcher 0" daemon [_thread_blocked, id=11936, stack(0x0000000026030000,0x0000000026130000)]
  0x000000001e50b000 JavaThread "AWT-EventQueue-0" [_thread_blocked, id=6600, stack(0x000000001ed50000,0x000000001ee50000)]
  0x000000001e507800 JavaThread "AWT-Windows" daemon [_thread_in_native, id=6256, stack(0x000000001eb90000,0x000000001ec90000)]
  0x000000001e507000 JavaThread "AWT-Shutdown" [_thread_blocked, id=12784, stack(0x000000001ea90000,0x000000001eb90000)]
  0x000000001e504800 JavaThread "Java2D Disposer" daemon [_thread_blocked, id=10688, stack(0x000000001e990000,0x000000001ea90000)]
  0x000000001c10e800 JavaThread "Service Thread" daemon [_thread_blocked, id=3812, stack(0x000000001de30000,0x000000001df30000)]
  0x000000001c0b9000 JavaThread "C1 CompilerThread2" daemon [_thread_blocked, id=2072, stack(0x000000001d930000,0x000000001da30000)]
  0x000000001c0b5800 JavaThread "C2 CompilerThread1" daemon [_thread_blocked, id=11552, stack(0x000000001d830000,0x000000001d930000)]
  0x000000001c0b3000 JavaThread "C2 CompilerThread0" daemon [_thread_in_native, id=8628, stack(0x000000001d730000,0x000000001d830000)]
  0x000000001c0b1800 JavaThread "Attach Listener" daemon [_thread_blocked, id=12640, stack(0x000000001d630000,0x000000001d730000)]
  0x000000001c0b0800 JavaThread "Signal Dispatcher" daemon [_thread_blocked, id=12144, stack(0x000000001d530000,0x000000001d630000)]
  0x000000001c0a0800 JavaThread "Finalizer" daemon [_thread_blocked, id=11212, stack(0x000000001d320000,0x000000001d420000)]
  0x0000000002a56000 JavaThread "Reference Handler" daemon [_thread_blocked, id=4712, stack(0x000000001d220000,0x000000001d320000)]

Other Threads:
  0x000000001c077000 VMThread [stack: 0x000000001d120000,0x000000001d220000] [id=1360]
  0x000000001da82000 WatcherThread [stack: 0x000000001df30000,0x000000001e030000] [id=10644]

VM state:not at safepoint (normal execution)

VM Mutex/Monitor currently owned by a thread: None

Heap:
 PSYoungGen      total 76288K, used 32815K [0x000000076af80000, 0x0000000774480000, 0x00000007c0000000)
  eden space 65536K, 33% used [0x000000076af80000,0x000000076c5110a8,0x000000076ef80000)
  from space 10752K, 99% used [0x000000076ef80000,0x000000076f9fad80,0x000000076fa00000)
  to   space 10752K, 0% used [0x0000000773a00000,0x0000000773a00000,0x0000000774480000)
 ParOldGen       total 175104K, used 84364K [0x00000006c0e00000, 0x00000006cb900000, 0x000000076af80000)
  object space 175104K, 48% used [0x00000006c0e00000,0x00000006c60630b8,0x00000006cb900000)
 Metaspace       used 19283K, capacity 19605K, committed 20096K, reserved 1067008K
  class space    used 2244K, capacity 2336K, committed 2432K, reserved 1048576K

Card table byte_map: [0x0000000011e20000,0x0000000012620000] byte_map_base: 0x000000000e819000

Marking Bits: (ParMarkBitMap*) 0x0000000069efa6c0
 Begin Bits: [0x0000000012f80000, 0x0000000016f48000)
 End Bits:   [0x0000000016f48000, 0x000000001af10000)

Polling page: 0x0000000000ee0000

CodeCache: size=245760Kb used=5841Kb max_used=5854Kb free=239918Kb
 bounds [0x0000000002a60000, 0x0000000003020000, 0x0000000011a60000]
 total_blobs=2396 nmethods=1731 adapters=577
 compilation: enabled

Compilation events (10 events):
Event: 3.566 Thread 0x000000001c0b9000 1730       3       java.lang.StrictMath::ceil (10 bytes)
Event: 3.566 Thread 0x000000001c0b9000 nmethod 1730 0x0000000003014090 code [0x0000000003014220, 0x00000000030143a8]
Event: 3.566 Thread 0x000000001c0b9000 1728       3       com.jme3.math.FastMath::ceil (7 bytes)
Event: 3.566 Thread 0x000000001c0b9000 nmethod 1728 0x0000000003015d50 code [0x0000000003015f00, 0x0000000003016148]
Event: 3.656 Thread 0x000000001c0b5800 1732       4       com.jme3.util.SafeArrayList::getBuffer (61 bytes)
Event: 3.659 Thread 0x000000001c0b5800 nmethod 1732 0x0000000003015250 code [0x00000000030153c0, 0x00000000030157b8]
Event: 3.664 Thread 0x000000001c0b5800 1733       4       com.jme3.util.SafeArrayList$ArrayIterator::next (40 bytes)
Event: 3.665 Thread 0x000000001c0b5800 nmethod 1733 0x0000000003014f50 code [0x0000000003015080, 0x0000000003015158]
Event: 3.675 Thread 0x000000001c0b5800 1734       4       sun.misc.URLClassPath::getResource (83 bytes)
Event: 3.677 Thread 0x000000001c0b5800 nmethod 1734 0x000000000301c250 code [0x000000000301c3e0, 0x000000000301c9a0]

GC Heap History (6 events):
Event: 3.108 GC heap before
{Heap before GC invocations=1 (full 0):
 PSYoungGen      total 76288K, used 65536K [0x000000076af80000, 0x0000000770480000, 0x00000007c0000000)
  eden space 65536K, 100% used [0x000000076af80000,0x000000076ef80000,0x000000076ef80000)
  from space 10752K, 0% used [0x000000076fa00000,0x000000076fa00000,0x0000000770480000)
  to   space 10752K, 0% used [0x000000076ef80000,0x000000076ef80000,0x000000076fa00000)
 ParOldGen       total 175104K, used 73728K [0x00000006c0e00000, 0x00000006cb900000, 0x000000076af80000)
  object space 175104K, 42% used [0x00000006c0e00000,0x00000006c5600010,0x00000006cb900000)
 Metaspace       used 19035K, capacity 19317K, committed 19712K, reserved 1067008K
  class space    used 2230K, capacity 2304K, committed 2304K, reserved 1048576K
Event: 3.115 GC heap after
Heap after GC invocations=1 (full 0):
 PSYoungGen      total 76288K, used 10721K [0x000000076af80000, 0x0000000770480000, 0x00000007c0000000)
  eden space 65536K, 0% used [0x000000076af80000,0x000000076af80000,0x000000076ef80000)
  from space 10752K, 99% used [0x000000076ef80000,0x000000076f9f85d0,0x000000076fa00000)
  to   space 10752K, 0% used [0x000000076fa00000,0x000000076fa00000,0x0000000770480000)
 ParOldGen       total 175104K, used 73833K [0x00000006c0e00000, 0x00000006cb900000, 0x000000076af80000)
  object space 175104K, 42% used [0x00000006c0e00000,0x00000006c561a510,0x00000006cb900000)
 Metaspace       used 19035K, capacity 19317K, committed 19712K, reserved 1067008K
  class space    used 2230K, capacity 2304K, committed 2304K, reserved 1048576K
}
Event: 3.388 GC heap before
{Heap before GC invocations=2 (full 0):
 PSYoungGen      total 76288K, used 76257K [0x000000076af80000, 0x0000000770480000, 0x00000007c0000000)
  eden space 65536K, 100% used [0x000000076af80000,0x000000076ef80000,0x000000076ef80000)
  from space 10752K, 99% used [0x000000076ef80000,0x000000076f9f85d0,0x000000076fa00000)
  to   space 10752K, 0% used [0x000000076fa00000,0x000000076fa00000,0x0000000770480000)
 ParOldGen       total 175104K, used 73833K [0x00000006c0e00000, 0x00000006cb900000, 0x000000076af80000)
  object space 175104K, 42% used [0x00000006c0e00000,0x00000006c561a510,0x00000006cb900000)
 Metaspace       used 19154K, capacity 19381K, committed 19712K, reserved 1067008K
  class space    used 2234K, capacity 2304K, committed 2304K, reserved 1048576K
Event: 3.393 GC heap after
Heap after GC invocations=2 (full 0):
 PSYoungGen      total 76288K, used 10741K [0x000000076af80000, 0x0000000770480000, 0x00000007c0000000)
  eden space 65536K, 0% used [0x000000076af80000,0x000000076af80000,0x000000076ef80000)
  from space 10752K, 99% used [0x000000076fa00000,0x000000077047d728,0x0000000770480000)
  to   space 10752K, 0% used [0x000000076ef80000,0x000000076ef80000,0x000000076fa00000)
 ParOldGen       total 175104K, used 75972K [0x00000006c0e00000, 0x00000006cb900000, 0x000000076af80000)
  object space 175104K, 43% used [0x00000006c0e00000,0x00000006c58310d8,0x00000006cb900000)
 Metaspace       used 19154K, capacity 19381K, committed 19712K, reserved 1067008K
  class space    used 2234K, capacity 2304K, committed 2304K, reserved 1048576K
}
Event: 3.586 GC heap before
{Heap before GC invocations=3 (full 0):
 PSYoungGen      total 76288K, used 76277K [0x000000076af80000, 0x0000000770480000, 0x00000007c0000000)
  eden space 65536K, 100% used [0x000000076af80000,0x000000076ef80000,0x000000076ef80000)
  from space 10752K, 99% used [0x000000076fa00000,0x000000077047d728,0x0000000770480000)
  to   space 10752K, 0% used [0x000000076ef80000,0x000000076ef80000,0x000000076fa00000)
 ParOldGen       total 175104K, used 75972K [0x00000006c0e00000, 0x00000006cb900000, 0x000000076af80000)
  object space 175104K, 43% used [0x00000006c0e00000,0x00000006c58310d8,0x00000006cb900000)
 Metaspace       used 19166K, capacity 19445K, committed 19712K, reserved 1067008K
  class space    used 2234K, capacity 2304K, committed 2304K, reserved 1048576K
Event: 3.591 GC heap after
Heap after GC invocations=3 (full 0):
 PSYoungGen      total 76288K, used 10731K [0x000000076af80000, 0x0000000774480000, 0x00000007c0000000)
  eden space 65536K, 0% used [0x000000076af80000,0x000000076af80000,0x000000076ef80000)
  from space 10752K, 99% used [0x000000076ef80000,0x000000076f9fad80,0x000000076fa00000)
  to   space 10752K, 0% used [0x0000000773a00000,0x0000000773a00000,0x0000000774480000)
 ParOldGen       total 175104K, used 84364K [0x00000006c0e00000, 0x00000006cb900000, 0x000000076af80000)
  object space 175104K, 48% used [0x00000006c0e00000,0x00000006c60630b8,0x00000006cb900000)
 Metaspace       used 19166K, capacity 19445K, committed 19712K, reserved 1067008K
  class space    used 2234K, capacity 2304K, committed 2304K, reserved 1048576K
}

Deoptimization events (10 events):
Event: 0.895 Thread 0x000000001e50b000 Uncommon trap: reason=class_check action=maybe_recompile pc=0x0000000002c11990 method=java.lang.String.equals(Ljava/lang/Object;)Z @ 8
Event: 2.957 Thread 0x000000001e6d4800 Uncommon trap: reason=class_check action=maybe_recompile pc=0x0000000002e4cd60 method=sun.misc.URLClassPath.getResource(Ljava/lang/String;Z)Lsun/misc/Resource; @ 62
Event: 2.958 Thread 0x000000001e6d4800 Uncommon trap: reason=class_check action=maybe_recompile pc=0x0000000002e4cd60 method=sun.misc.URLClassPath.getResource(Ljava/lang/String;Z)Lsun/misc/Resource; @ 62
Event: 2.959 Thread 0x000000001e6d4800 Uncommon trap: reason=class_check action=maybe_recompile pc=0x0000000002e4cd60 method=sun.misc.URLClassPath.getResource(Ljava/lang/String;Z)Lsun/misc/Resource; @ 62
Event: 3.024 Thread 0x000000001e6d4800 Uncommon trap: reason=class_check action=maybe_recompile pc=0x0000000002e4cd60 method=sun.misc.URLClassPath.getResource(Ljava/lang/String;Z)Lsun/misc/Resource; @ 62
Event: 3.034 Thread 0x000000001e6d4800 Uncommon trap: reason=unstable_if action=reinterpret pc=0x0000000002ed4e0c method=sun.awt.image.ByteInterleavedRaster.putByteData(IIII[B)V @ 395
Event: 3.087 Thread 0x000000001e6d4800 Uncommon trap: reason=unstable_if action=reinterpret pc=0x0000000002f48790 method=mygame.MapLoader.loaderMap()V @ 217
Event: 3.091 Thread 0x000000001e6d4800 Uncommon trap: reason=unstable_if action=reinterpret pc=0x0000000002f468dc method=mygame.MapLoader.makeGrid3d()V @ 7
Event: 3.393 Thread 0x0000000002a56000 Uncommon trap: reason=unstable_if action=reinterpret pc=0x0000000002f5d03c method=java.lang.ref.Reference.tryHandlePending(Z)Z @ 9
Event: 3.479 Thread 0x000000001e6d4800 Uncommon trap: reason=unstable_if action=reinterpret pc=0x0000000002fed4a8 method=com.jme3.collision.bih.BIHTree.createNode(IILcom/jme3/bounding/BoundingBox;I)Lcom/jme3/collision/bih/BIHNode; @ 14

Internal exceptions (10 events):
Event: 0.144 Thread 0x0000000002965800 Exception <a 'java/lang/NoSuchFieldError': method resolution failed> (0x000000076b5810a8) thrown at [C:\re\workspace\8-2-build-windows-amd64-cygwin\jdk8u111\7883\hotspot\src\share\vm\prims\methodHandles.cpp, line 1146]
Event: 0.178 Thread 0x000000001e50b000 Exception <a 'java/io/FileNotFoundException'> (0x000000076b8a4870) thrown at [C:\re\workspace\8-2-build-windows-amd64-cygwin\jdk8u111\7883\hotspot\src\share\vm\prims\jni.cpp, line 709]
Event: 0.740 Thread 0x000000001e50b000 Exception <a 'java/lang/NoClassDefFoundError'> (0x000000076b97b160) thrown at [C:\re\workspace\8-2-build-windows-amd64-cygwin\jdk8u111\7883\hotspot\src\share\vm\prims\jvm.cpp, line 1390]
Event: 2.890 Thread 0x000000001e6d4800 Exception <a 'java/security/PrivilegedActionException'> (0x000000076d396c80) thrown at [C:\re\workspace\8-2-build-windows-amd64-cygwin\jdk8u111\7883\hotspot\src\share\vm\prims\jvm.cpp, line 1386]
Event: 2.890 Thread 0x000000001e6d4800 Exception <a 'java/security/PrivilegedActionException'> (0x000000076d3987f0) thrown at [C:\re\workspace\8-2-build-windows-amd64-cygwin\jdk8u111\7883\hotspot\src\share\vm\prims\jvm.cpp, line 1386]
Event: 2.890 Thread 0x000000001e6d4800 Exception <a 'java/security/PrivilegedActionException'> (0x000000076d399910) thrown at [C:\re\workspace\8-2-build-windows-amd64-cygwin\jdk8u111\7883\hotspot\src\share\vm\prims\jvm.cpp, line 1386]
Event: 2.890 Thread 0x000000001e6d4800 Exception <a 'java/security/PrivilegedActionException'> (0x000000076d39ea30) thrown at [C:\re\workspace\8-2-build-windows-amd64-cygwin\jdk8u111\7883\hotspot\src\share\vm\prims\jvm.cpp, line 1386]
Event: 2.890 Thread 0x000000001e6d4800 Exception <a 'java/security/PrivilegedActionException'> (0x000000076d39f688) thrown at [C:\re\workspace\8-2-build-windows-amd64-cygwin\jdk8u111\7883\hotspot\src\share\vm\prims\jvm.cpp, line 1386]
Event: 2.890 Thread 0x000000001e6d4800 Exception <a 'java/security/PrivilegedActionException'> (0x000000076d3a02b0) thrown at [C:\re\workspace\8-2-build-windows-amd64-cygwin\jdk8u111\7883\hotspot\src\share\vm\prims\jvm.cpp, line 1386]
Event: 3.393 Thread 0x0000000002a56000 Implicit null exception at 0x0000000002f5c601 to 0x0000000002f5d02d

Events (10 events):
Event: 3.675 loading class com/jme3/bullet/collision/shapes/MeshCollisionShape
Event: 3.675 loading class com/jme3/bullet/collision/shapes/MeshCollisionShape done
Event: 3.676 loading class com/jme3/bullet/collision/shapes/BoxCollisionShape
Event: 3.676 loading class com/jme3/bullet/collision/shapes/BoxCollisionShape done
Event: 3.676 loading class com/jme3/terrain/geomipmap/TerrainQuad
Event: 3.676 loading class com/jme3/terrain/geomipmap/TerrainQuad done
Event: 3.676 loading class com/jme3/terrain/Terrain
Event: 3.676 loading class com/jme3/terrain/Terrain done
Event: 3.677 loading class com/jme3/terrain/geomipmap/TerrainPatch
Event: 3.677 loading class com/jme3/terrain/geomipmap/TerrainPatch done


Dynamic libraries:
0x00007ff6a74e0000 - 0x00007ff6a7517000 	E:\Logiciels\jmonkeyplatform\jdk\bin\java.exe
0x00007ffd96a10000 - 0x00007ffd96beb000 	C:\Windows\SYSTEM32\ntdll.dll
0x00007ffd96510000 - 0x00007ffd965be000 	C:\Windows\System32\KERNEL32.DLL
0x00007ffd939b0000 - 0x00007ffd93bf9000 	C:\Windows\System32\KERNELBASE.dll
0x00007ffd95ed0000 - 0x00007ffd95f71000 	C:\Windows\System32\ADVAPI32.dll
0x00007ffd95f80000 - 0x00007ffd9601d000 	C:\Windows\System32\msvcrt.dll
0x00007ffd943c0000 - 0x00007ffd94419000 	C:\Windows\System32\sechost.dll
0x00007ffd96130000 - 0x00007ffd96255000 	C:\Windows\System32\RPCRT4.dll
0x00007ffd93f70000 - 0x00007ffd940ba000 	C:\Windows\System32\USER32.dll
0x00007ffd93f50000 - 0x00007ffd93f6e000 	C:\Windows\System32\win32u.dll
0x00007ffd96420000 - 0x00007ffd96447000 	C:\Windows\System32\GDI32.dll
0x00007ffd93c00000 - 0x00007ffd93d88000 	C:\Windows\System32\gdi32full.dll
0x00007ffd93e40000 - 0x00007ffd93eda000 	C:\Windows\System32\msvcp_win.dll
0x00007ffd92f30000 - 0x00007ffd93026000 	C:\Windows\System32\ucrtbase.dll
0x00007ffd86370000 - 0x00007ffd865d7000 	C:\Windows\WinSxS\amd64_microsoft.windows.common-controls_6595b64144ccf1df_6.0.15063.483_none_26002d27e7c744a2\COMCTL32.dll
0x00007ffd940c0000 - 0x00007ffd943b9000 	C:\Windows\System32\combase.dll
0x00007ffd93ee0000 - 0x00007ffd93f4a000 	C:\Windows\System32\bcryptPrimitives.dll
0x00007ffd95ea0000 - 0x00007ffd95ecd000 	C:\Windows\System32\IMM32.DLL
0x000000006ae20000 - 0x000000006aef2000 	E:\Logiciels\jmonkeyplatform\jdk\jre\bin\msvcr100.dll
0x00000000696e0000 - 0x0000000069f7a000 	E:\Logiciels\jmonkeyplatform\jdk\jre\bin\server\jvm.dll
0x00007ffd965c0000 - 0x00007ffd965c8000 	C:\Windows\System32\PSAPI.DLL
0x00007ffd8dba0000 - 0x00007ffd8dba9000 	C:\Windows\SYSTEM32\WSOCK32.dll
0x00007ffd908d0000 - 0x00007ffd908f3000 	C:\Windows\SYSTEM32\WINMM.dll
0x00007ffd91280000 - 0x00007ffd9128a000 	C:\Windows\SYSTEM32\VERSION.dll
0x00007ffd95b50000 - 0x00007ffd95bbc000 	C:\Windows\System32\WS2_32.dll
0x00007ffd90840000 - 0x00007ffd9086b000 	C:\Windows\SYSTEM32\WINMMBASE.dll
0x00007ffd93030000 - 0x00007ffd93079000 	C:\Windows\System32\cfgmgr32.dll
0x000000006a1d0000 - 0x000000006a1df000 	E:\Logiciels\jmonkeyplatform\jdk\jre\bin\verify.dll
0x00000000695d0000 - 0x00000000695f9000 	E:\Logiciels\jmonkeyplatform\jdk\jre\bin\java.dll
0x00000000695b0000 - 0x00000000695c6000 	E:\Logiciels\jmonkeyplatform\jdk\jre\bin\zip.dll
0x00007ffd945e0000 - 0x00007ffd95a17000 	C:\Windows\System32\SHELL32.dll
0x00007ffd95df0000 - 0x00007ffd95e9a000 	C:\Windows\System32\shcore.dll
0x00007ffd930e0000 - 0x00007ffd937d3000 	C:\Windows\System32\windows.storage.dll
0x00007ffd95bc0000 - 0x00007ffd95c11000 	C:\Windows\System32\shlwapi.dll
0x00007ffd92ec0000 - 0x00007ffd92ed1000 	C:\Windows\System32\kernel.appcore.dll
0x00007ffd92ee0000 - 0x00007ffd92f2c000 	C:\Windows\System32\powrprof.dll
0x00007ffd92ea0000 - 0x00007ffd92eb5000 	C:\Windows\System32\profapi.dll
0x00000000693d0000 - 0x0000000069568000 	E:\Logiciels\jmonkeyplatform\jdk\jre\bin\awt.dll
0x00007ffd96450000 - 0x00007ffd96510000 	C:\Windows\System32\OLEAUT32.dll
0x00007ffd90b00000 - 0x00007ffd90b7e000 	C:\Windows\SYSTEM32\apphelp.dll
0x00007ffd90cd0000 - 0x00007ffd90d65000 	C:\Windows\system32\uxtheme.dll
0x00007ffd95c20000 - 0x00007ffd95d86000 	C:\Windows\System32\MSCTF.dll
0x00007ffd91680000 - 0x00007ffd916aa000 	C:\Windows\system32\dwmapi.dll
0x00007ffd94430000 - 0x00007ffd94575000 	C:\Windows\System32\ole32.dll
0x00007ffd745b0000 - 0x00007ffd74739000 	C:\Windows\system32\d3d9.dll
0x00007ffd8cbd0000 - 0x00007ffd8ccb1000 	C:\Windows\System32\DriverStore\FileRepository\nv_dispi.inf_amd64_24ddebfb518b5a55\nvldumdx.dll
0x00007ffd937e0000 - 0x00007ffd939a9000 	C:\Windows\System32\crypt32.dll
0x00007ffd92e80000 - 0x00007ffd92e91000 	C:\Windows\System32\MSASN1.dll
0x00007ffd93080000 - 0x00007ffd930d6000 	C:\Windows\System32\WINTRUST.DLL
0x00007ffd96260000 - 0x00007ffd9627d000 	C:\Windows\System32\imagehlp.dll
0x00007ffd92830000 - 0x00007ffd92847000 	C:\Windows\SYSTEM32\CRYPTSP.dll
0x00007ffd92020000 - 0x00007ffd92054000 	C:\Windows\system32\rsaenh.dll
0x00007ffd92d50000 - 0x00007ffd92d75000 	C:\Windows\SYSTEM32\bcrypt.dll
0x00007ffd925a0000 - 0x00007ffd925ab000 	C:\Windows\SYSTEM32\CRYPTBASE.dll
0x00007ffd5f420000 - 0x00007ffd60583000 	C:\Windows\System32\DriverStore\FileRepository\nv_dispi.inf_amd64_24ddebfb518b5a55\nvd3dumx.dll
0x00007ffd7a2c0000 - 0x00007ffd7a49c000 	C:\Windows\system32\nvspcap64.dll
0x00007ffd965d0000 - 0x00007ffd96a0b000 	C:\Windows\System32\SETUPAPI.dll
0x00007ffd8d7b0000 - 0x00007ffd8d887000 	C:\Windows\SYSTEM32\WINHTTP.dll
0x00007ffd8f230000 - 0x00007ffd8f243000 	C:\Windows\SYSTEM32\WTSAPI32.dll
0x00007ffd882e0000 - 0x00007ffd8871f000 	C:\Windows\system32\nvapi64.dll
0x00007ffd91320000 - 0x00007ffd913c4000 	C:\Windows\SYSTEM32\dxgi.dll
0x00007ffd90f50000 - 0x00007ffd90f78000 	C:\Windows\SYSTEM32\DEVOBJ.dll
0x00007ffd8c900000 - 0x00007ffd8c9ea000 	C:\Program Files (x86)\NVIDIA Corporation\3D Vision\nvSCPAPI64.dll
0x0000000069340000 - 0x0000000069387000 	E:\Logiciels\jmonkeyplatform\jdk\jre\bin\fontmanager.dll
0x0000000069590000 - 0x00000000695aa000 	E:\Logiciels\jmonkeyplatform\jdk\jre\bin\net.dll
0x00007ffd92400000 - 0x00007ffd9245c000 	C:\Windows\system32\mswsock.dll
0x0000000069570000 - 0x0000000069581000 	E:\Logiciels\jmonkeyplatform\jdk\jre\bin\nio.dll
0x00000000692f0000 - 0x0000000069332000 	E:\Logiciels\jmonkeyplatform\jdk\jre\bin\t2k.dll
0x00007ffd8baf0000 - 0x00007ffd8bb72000 	C:\Windows\System32\TextInputFramework.dll
0x00007ffd90330000 - 0x00007ffd90413000 	C:\Windows\System32\CoreMessaging.dll
0x00007ffd8dee0000 - 0x00007ffd8e1b2000 	C:\Windows\System32\CoreUIComponents.dll
0x00007ffd8e6b0000 - 0x00007ffd8e7e9000 	C:\Windows\SYSTEM32\wintypes.dll
0x00007ffd91e50000 - 0x00007ffd91e81000 	C:\Windows\SYSTEM32\ntmarta.dll
0x00007ffd8f190000 - 0x00007ffd8f1a5000 	C:\Windows\SYSTEM32\usermgrcli.dll
0x00007ffd6fca0000 - 0x00007ffd6fea6000 	F:\Users\Thonon\Documents\JME Apps\Bilou\bulletjme.dll
0x0000000180000000 - 0x0000000180064000 	F:\Users\Thonon\Documents\JME Apps\Bilou\OpenAL64.dll
0x000000002b4d0000 - 0x000000002b4e6000 	F:\Users\Thonon\Documents\JME Apps\Bilou\jinput-dx8_64.dll
0x00007ffd843f0000 - 0x00007ffd84432000 	C:\Windows\SYSTEM32\DINPUT8.dll
0x000000002b510000 - 0x000000002b563000 	F:\Users\Thonon\Documents\JME Apps\Bilou\lwjgl64.dll
0x00007ffd6f7c0000 - 0x00007ffd6f8e1000 	C:\Windows\SYSTEM32\OPENGL32.dll
0x00007ffd90920000 - 0x00007ffd9094c000 	C:\Windows\SYSTEM32\GLU32.dll
0x00000000655c0000 - 0x0000000067829000 	C:\Windows\SYSTEM32\nvoglv64.DLL
0x00007ffd92cf0000 - 0x00007ffd92d45000 	C:\Windows\SYSTEM32\WINSTA.dll
0x00007ffd8bd10000 - 0x00007ffd8bda3000 	C:\Windows\SYSTEM32\mscms.dll
0x00007ffd92db0000 - 0x00007ffd92dd9000 	C:\Windows\SYSTEM32\USERENV.dll
0x00007ffd74d30000 - 0x00007ffd74d71000 	C:\Windows\SYSTEM32\icm32.dll
0x00007ffd91270000 - 0x00007ffd9127d000 	C:\Windows\SYSTEM32\HID.DLL
0x000000002b990000 - 0x000000002b9a4000 	F:\Users\Thonon\Documents\JME Apps\Bilou\jinput-raw_64.dll
0x00007ffd95ab0000 - 0x00007ffd95b4e000 	C:\Windows\System32\clbcatq.dll
0x00007ffd8cb00000 - 0x00007ffd8cb67000 	C:\Windows\System32\MMDevApi.dll
0x00007ffd8f2b0000 - 0x00007ffd8f446000 	C:\Windows\System32\PROPSYS.dll
0x00007ffd72b90000 - 0x00007ffd72c1c000 	C:\Windows\SYSTEM32\dsound.dll
0x00007ffd88b80000 - 0x00007ffd88c85000 	C:\Windows\SYSTEM32\AUDIOSES.DLL
0x00007ffd8e390000 - 0x00007ffd8e39b000 	C:\Windows\SYSTEM32\AVRT.dll
0x000000006ade0000 - 0x000000006ae11000 	E:\Logiciels\jmonkeyplatform\jdk\jre\bin\jpeg.dll
0x00007ffd929c0000 - 0x00007ffd92b69000 	C:\Windows\SYSTEM32\dbghelp.dll

VM Arguments:
jvm_args: -Dfile.encoding=UTF-8 
java_command: mygame.Main
java_class_path (initial): C:\Users\thonon\Downloads\jmonkeyengine-feature-gltf-loader\build\libDist\lib\jme3-android-native.jar;C:\Users\thonon\Downloads\jmonkeyengine-feature-gltf-loader\build\libDist\lib\jme3-android.jar;C:\Users\thonon\Downloads\jmonkeyengine-feature-gltf-loader\build\libDist\lib\jme3-blender.jar;C:\Users\thonon\Downloads\jmonkeyengine-feature-gltf-loader\build\libDist\lib\jme3-bullet-native-android.jar;C:\Users\thonon\Downloads\jmonkeyengine-feature-gltf-loader\build\libDist\lib\jme3-bullet-native.jar;C:\Users\thonon\Downloads\jmonkeyengine-feature-gltf-loader\build\libDist\lib\jme3-bullet.jar;C:\Users\thonon\Downloads\jmonkeyengine-feature-gltf-loader\build\libDist\lib\jme3-core.jar;C:\Users\thonon\Downloads\jmonkeyengine-feature-gltf-loader\build\libDist\lib\jme3-desktop.jar;C:\Users\thonon\Downloads\jmonkeyengine-feature-gltf-loader\build\libDist\lib\jme3-effects.jar;C:\Users\thonon\Downloads\jmonkeyengine-feature-gltf-loader\build\libDist\lib\jme3-ios.jar;C:\Users\thonon\Downloads\jmonkeyengine-feature-gltf-loader\build\libDist\lib\jme3-jbullet.jar;C:\Users\thonon\Downloads\jmonkeyengine-feature-gltf-loader\build\libDist\lib\jme3-jogg.jar;C:\Users\thonon\Downloads\jmonkeyengine-feature-gltf-loader\build\libDist\lib\jme3-jogl.jar;C:\Users\thonon\Downloads\jmonkeyengine-feature-gltf-loader\build\libDist\lib\jme3-lwjgl.jar;C:\Users\thonon\Downloads\jmonkeyengine-feature-gltf-loader\build\libDist\lib\jme3-lwjgl3.jar;C:\Users\thonon\Downloads\jmonkeyengine-feature-gltf-loader\build\libDist\lib\jme3-networking.jar;C:\Users\thonon\Downloads\jmonkeyengine-feature-gltf-loader\build\libDist\lib\jme3-niftygui.jar;C:\Users\thonon\Downloads\jmonkeyengine-feature-gltf-loader\build\libDist\lib\jme3-plugins.jar;C:\Users\thonon\Downloads\jmonkeyengine-feature-gltf-loader\build\libDist\lib\jme3-terrain.jar;C:\Users\thonon\Downloads\jmonkeyengine-feature-gltf-loader\build\libDist\lib\jme3-testdata.jar;C:\Users\thonon\Downloads\jmonkeyengine-feature-gltf-loa
Launcher Type: SUN_STANDARD

Environment Variables:
PATH=C:\ProgramData\Oracle\Java\javapath;C:\Windows\system32;C:\Windows;C:\Windows\System32\Wbem;C:\Windows\System32\WindowsPowerShell\v1.0\;C:\Program Files (x86)\NVIDIA Corporation\PhysX\Common;C:\Users\thonon\AppData\Local\Microsoft\WindowsApps;
USERNAME=thonon
OS=Windows_NT
PROCESSOR_IDENTIFIER=Intel64 Family 6 Model 158 Stepping 9, GenuineIntel



---------------  S Y S T E M  ---------------

OS: Windows 10.0 , 64 bit Build 15063 (10.0.15063.296)

CPU:total 4 (4 cores per cpu, 1 threads per core) family 6 model 158 stepping 9, cmov, cx8, fxsr, mmx, sse, sse2, sse3, ssse3, sse4.1, sse4.2, popcnt, avx, avx2, aes, clmul, erms, rtm, 3dnowpref, lzcnt, tsc, tscinvbit, bmi1, bmi2, adx

Memory: 4k page, physical 16719060k(10654220k free), swap 19209428k(11746148k free)

vm_info: Java HotSpot(TM) 64-Bit Server VM (25.111-b14) for windows-amd64 JRE (1.8.0_111-b14), built on Sep 22 2016 19:24:05 by "java_re" with MS VC++ 10.0 (VS2010)

time: Fri Aug 25 12:11:33 2017
elapsed time: 3 seconds (0d 0h 0m 3s)

