#
# A fatal error has been detected by the Java Runtime Environment:
#
#  EXCEPTION_ACCESS_VIOLATION (0xc0000005) at pc=0x00007ffd782b1961, pid=13076, tid=0x0000000000003310
#
# JRE version: Java(TM) SE Runtime Environment (8.0_111-b14) (build 1.8.0_111-b14)
# Java VM: Java HotSpot(TM) 64-Bit Server VM (25.111-b14 mixed mode windows-amd64 compressed oops)
# Problematic frame:
# C  [bulletjme.dll+0x131961]
#
# Failed to write core dump. Minidumps are not enabled by default on client versions of Windows
#
# If you would like to submit a bug report, please visit:
#   http://bugreport.java.com/bugreport/crash.jsp
# The crash happened outside the Java Virtual Machine in native code.
# See problematic frame for where to report the bug.
#

---------------  T H R E A D  ---------------

Current thread (0x0000000029749000):  JavaThread "jME3 Main" [_thread_in_native, id=13072, stack(0x000000002b250000,0x000000002b350000)]

siginfo: ExceptionCode=0xc0000005, writing address 0x0000000000000000

Registers:
RAX=0x000000000000fffc, RBX=0x00000000300c96a0, RCX=0x0000000000000000, RDX=0x0000000000000000
RSP=0x000000002b34eda0, RBP=0x000000002b34f178, RSI=0x0000000000000138, RDI=0x000000002b34ef80
R8 =0x000000002b34ed84, R9 =0x000000002b34ed80, R10=0x00000000272d4010, R11=0x0000000000000000
R12=0x0000000000000000, R13=0x00000000300c96a0, R14=0x000000002b34f1b8, R15=0x0000000029749000
RIP=0x00007ffd782b1961, EFLAGS=0x0000000000010206

Top of Stack: (sp=0x000000002b34eda0)
0x000000002b34eda0:   000000002b34edd0 000000002b34ede0
0x000000002b34edb0:   000000002730a590 000000003f800300
0x000000002b34edc0:   000000002730a590 00000000bf800000
0x000000002b34edd0:   477ffd00477ffd00 00000000477ffd00
0x000000002b34ede0:   408000c0408000c0 00000000408000c0
0x000000002b34edf0:   3f8000003f800000 00007ffd782f9ba7
0x000000002b34ee00:   000000002730a560 0000000000000000
0x000000002b34ee10:   000000002730a580 0000000000000000
0x000000002b34ee20:   3f8003003f800300 00007ffd782f37f9
0x000000002b34ee30:   000000002730a560 0000000000000000
0x000000002b34ee40:   000000002730a580 0000000000000000
0x000000002b34ee50:   00000000477ffd00 00000000477ffd00
0x000000002b34ee60:   00000000408000c0 0000000000000000
0x000000002b34ee70:   000000002730a610 00000000bf800000
0x000000002b34ee80:   467ffb80467ffb80 00007ffd7818a0f3
0x000000002b34ee90:   000000002b34ef40 00000000477ffd00 

Instructions: (pc=0x00007ffd782b1961)
0x00007ffd782b1941:   e8 fa 9f ee ff f3 48 0f 2c 00 0f b7 c0 25 fe ff
0x00007ffd782b1951:   00 00 b9 02 00 00 00 48 6b c9 00 48 8b 54 24 68
0x00007ffd782b1961:   66 89 04 0a 48 8d 4c 24 30 e8 f1 9f ee ff f3 48
0x00007ffd782b1971:   0f 2c 00 0f b7 c0 25 fe ff 00 00 b9 02 00 00 00 


Register to memory mapping:

RAX=0x000000000000fffc is an unknown value
RBX={method} {0x00000000300c96a8} 'createShape' '(ZZJ)J' in 'com/jme3/bullet/collision/shapes/MeshCollisionShape'
RCX=0x0000000000000000 is an unknown value
RDX=0x0000000000000000 is an unknown value
RSP=0x000000002b34eda0 is pointing into the stack for thread: 0x0000000029749000
RBP=0x000000002b34f178 is pointing into the stack for thread: 0x0000000029749000
RSI=0x0000000000000138 is an unknown value
RDI=0x000000002b34ef80 is pointing into the stack for thread: 0x0000000029749000
R8 =0x000000002b34ed84 is pointing into the stack for thread: 0x0000000029749000
R9 =0x000000002b34ed80 is pointing into the stack for thread: 0x0000000029749000
R10=0x00000000272d4010 is an unknown value
R11=0x0000000000000000 is an unknown value
R12=0x0000000000000000 is an unknown value
R13={method} {0x00000000300c96a8} 'createShape' '(ZZJ)J' in 'com/jme3/bullet/collision/shapes/MeshCollisionShape'
R14=0x000000002b34f1b8 is pointing into the stack for thread: 0x0000000029749000
R15=0x0000000029749000 is a thread


Stack: [0x000000002b250000,0x000000002b350000],  sp=0x000000002b34eda0,  free space=1019k
Native frames: (J=compiled Java code, j=interpreted, Vv=VM code, C=native code)
C  [bulletjme.dll+0x131961]
C  [bulletjme.dll+0x179ba7]
C  [bulletjme.dll+0x1737f9]
C  [bulletjme.dll+0x1301d7]
C  [bulletjme.dll+0x150ab0]
C  [bulletjme.dll+0x1504e5]
C  [bulletjme.dll+0x152487]
C  0x00000000028f7f74

Java frames: (J=compiled Java code, j=interpreted, Vv=VM code)
j  com.jme3.bullet.collision.shapes.MeshCollisionShape.createShape(ZZJ)J+0
j  com.jme3.bullet.collision.shapes.MeshCollisionShape.createShape([B)V+82
j  com.jme3.bullet.collision.shapes.MeshCollisionShape.createCollisionMesh(Lcom/jme3/scene/Mesh;)V+166
j  com.jme3.bullet.collision.shapes.MeshCollisionShape.<init>(Lcom/jme3/scene/Mesh;Z)V+21
j  com.jme3.bullet.collision.shapes.MeshCollisionShape.<init>(Lcom/jme3/scene/Mesh;)V+3
j  com.jme3.bullet.util.CollisionShapeFactory.createSingleMeshShape(Lcom/jme3/scene/Geometry;Lcom/jme3/scene/Spatial;)Lcom/jme3/bullet/collision/shapes/MeshCollisionShape;+30
j  com.jme3.bullet.util.CollisionShapeFactory.createMeshShape(Lcom/jme3/scene/Spatial;)Lcom/jme3/bullet/collision/shapes/CollisionShape;+68
j  mygame.VoxelAppState.addNode(Lcom/jme3/scene/Mesh;Ljava/lang/String;)V+49
j  mygame.VoxelAppState.manageChunk()V+233
j  mygame.VoxelAppState.initialize(Lcom/jme3/app/state/AppStateManager;Lcom/jme3/app/Application;)V+80
j  com.jme3.app.state.AppStateManager.initializePending()V+80
j  com.jme3.app.state.AppStateManager.update(F)V+5
j  com.jme3.app.SimpleApplication.update()V+77
j  com.jme3.system.lwjgl.LwjglAbstractDisplay.runLoop()V+22
j  com.jme3.system.lwjgl.LwjglDisplay.runLoop()V+104
j  com.jme3.system.lwjgl.LwjglAbstractDisplay.run()V+136
j  java.lang.Thread.run()V+11
v  ~StubRoutines::call_stub

---------------  P R O C E S S  ---------------

Java Threads: ( => current thread )
  0x00000000294ac800 JavaThread "jME3 Audio Decoder" daemon [_thread_blocked, id=9580, stack(0x000000002fef0000,0x000000002fff0000)]
  0x00000000298aa800 JavaThread "Thread-5" daemon [_thread_in_native, id=8572, stack(0x000000002f760000,0x000000002f860000)]
  0x00000000027e5000 JavaThread "DestroyJavaVM" [_thread_blocked, id=10232, stack(0x0000000002620000,0x0000000002720000)]
=>0x0000000029749000 JavaThread "jME3 Main" [_thread_in_native, id=13072, stack(0x000000002b250000,0x000000002b350000)]
  0x0000000029246000 JavaThread "TimerQueue" daemon [_thread_blocked, id=11348, stack(0x000000002a430000,0x000000002a530000)]
  0x0000000029543800 JavaThread "D3D Screen Updater" daemon [_thread_blocked, id=4848, stack(0x000000002a330000,0x000000002a430000)]
  0x000000001e1e2800 JavaThread "Image Fetcher 0" daemon [_thread_blocked, id=9156, stack(0x0000000025df0000,0x0000000025ef0000)]
  0x000000001e2bc000 JavaThread "AWT-EventQueue-0" [_thread_blocked, id=12152, stack(0x000000001ecb0000,0x000000001edb0000)]
  0x000000001e49e000 JavaThread "AWT-Windows" daemon [_thread_in_native, id=12416, stack(0x000000001ea50000,0x000000001eb50000)]
  0x000000001e26e800 JavaThread "AWT-Shutdown" [_thread_blocked, id=3792, stack(0x000000001e950000,0x000000001ea50000)]
  0x000000001e26e000 JavaThread "Java2D Disposer" daemon [_thread_blocked, id=8928, stack(0x000000001e850000,0x000000001e950000)]
  0x000000001d920800 JavaThread "Service Thread" daemon [_thread_blocked, id=6028, stack(0x000000001dcf0000,0x000000001ddf0000)]
  0x000000001bf85000 JavaThread "C1 CompilerThread2" daemon [_thread_blocked, id=4424, stack(0x000000001d7f0000,0x000000001d8f0000)]
  0x000000001bf92000 JavaThread "C2 CompilerThread1" daemon [_thread_blocked, id=2260, stack(0x000000001d6f0000,0x000000001d7f0000)]
  0x000000001bf8f800 JavaThread "C2 CompilerThread0" daemon [_thread_blocked, id=5184, stack(0x000000001d5f0000,0x000000001d6f0000)]
  0x000000001bf8e000 JavaThread "Attach Listener" daemon [_thread_blocked, id=13016, stack(0x000000001d4f0000,0x000000001d5f0000)]
  0x000000001bf8d000 JavaThread "Signal Dispatcher" daemon [_thread_blocked, id=2944, stack(0x000000001d3f0000,0x000000001d4f0000)]
  0x000000001bf6d800 JavaThread "Finalizer" daemon [_thread_blocked, id=9292, stack(0x000000001d1e0000,0x000000001d2e0000)]
  0x000000001bf49000 JavaThread "Reference Handler" daemon [_thread_blocked, id=11420, stack(0x000000001d0e0000,0x000000001d1e0000)]

Other Threads:
  0x000000001bf47800 VMThread [stack: 0x000000001cfe0000,0x000000001d0e0000] [id=2044]
  0x000000001bfde000 WatcherThread [stack: 0x000000001ddf0000,0x000000001def0000] [id=6004]

VM state:not at safepoint (normal execution)

VM Mutex/Monitor currently owned by a thread: None

Heap:
 PSYoungGen      total 76288K, used 28296K [0x000000076af80000, 0x0000000770480000, 0x00000007c0000000)
  eden space 65536K, 28% used [0x000000076af80000,0x000000076c1fc248,0x000000076ef80000)
  from space 10752K, 87% used [0x000000076ef80000,0x000000076f8a6190,0x000000076fa00000)
  to   space 10752K, 0% used [0x000000076fa00000,0x000000076fa00000,0x0000000770480000)
 ParOldGen       total 175104K, used 73752K [0x00000006c0e00000, 0x00000006cb900000, 0x000000076af80000)
  object space 175104K, 42% used [0x00000006c0e00000,0x00000006c5606010,0x00000006cb900000)
 Metaspace       used 19293K, capacity 19597K, committed 19840K, reserved 1067008K
  class space    used 2230K, capacity 2336K, committed 2432K, reserved 1048576K

Card table byte_map: [0x0000000011ca0000,0x00000000124a0000] byte_map_base: 0x000000000e699000

Marking Bits: (ParMarkBitMap*) 0x000000006ae2a6c0
 Begin Bits: [0x0000000012e00000, 0x0000000016dc8000)
 End Bits:   [0x0000000016dc8000, 0x000000001ad90000)

Polling page: 0x0000000000e60000

CodeCache: size=245760Kb used=5762Kb max_used=5762Kb free=239997Kb
 bounds [0x00000000028e0000, 0x0000000002e90000, 0x00000000118e0000]
 total_blobs=2378 nmethods=1713 adapters=577
 compilation: enabled

Compilation events (10 events):
Event: 3.479 Thread 0x000000001bf8f800 1712       4       sun.awt.image.ByteInterleavedRaster::getByteData (851 bytes)
Event: 3.481 Thread 0x000000001bf8f800 nmethod 1712 0x0000000002e6e150 code [0x0000000002e6e2a0, 0x0000000002e6e698]
Event: 3.485 Thread 0x000000001bf92000 1713   !   4       com.sun.imageio.plugins.jpeg.JPEGImageReader::acceptPixels (522 bytes)
Event: 3.493 Thread 0x000000001bf92000 nmethod 1713 0x0000000002e6ea50 code [0x0000000002e6ec60, 0x0000000002e6f950]
Event: 3.499 Thread 0x000000001bf85000 1714       1       mygame.MapLoader::getGridMap3d (5 bytes)
Event: 3.499 Thread 0x000000001bf85000 nmethod 1714 0x0000000002e63010 code [0x0000000002e63160, 0x0000000002e63270]
Event: 3.499 Thread 0x000000001bf85000 1715       1       mygame.MapLoader::getzWidth (5 bytes)
Event: 3.499 Thread 0x000000001bf85000 nmethod 1715 0x0000000002e67250 code [0x0000000002e673a0, 0x0000000002e674b0]
Event: 3.501 Thread 0x000000001bf85000 1716 %     3       mygame.Chunk::makeMeshChunk @ 106 (2105 bytes)
Event: 3.506 Thread 0x000000001bf85000 nmethod 1716% 0x0000000002e708d0 code [0x0000000002e719c0, 0x0000000002e7eb88]

GC Heap History (2 events):
Event: 3.406 GC heap before
{Heap before GC invocations=1 (full 0):
 PSYoungGen      total 76288K, used 65208K [0x000000076af80000, 0x0000000770480000, 0x00000007c0000000)
  eden space 65536K, 99% used [0x000000076af80000,0x000000076ef2e2e8,0x000000076ef80000)
  from space 10752K, 0% used [0x000000076fa00000,0x000000076fa00000,0x0000000770480000)
  to   space 10752K, 0% used [0x000000076ef80000,0x000000076ef80000,0x000000076fa00000)
 ParOldGen       total 175104K, used 0K [0x00000006c0e00000, 0x00000006cb900000, 0x000000076af80000)
  object space 175104K, 0% used [0x00000006c0e00000,0x00000006c0e00000,0x00000006cb900000)
 Metaspace       used 19053K, capacity 19303K, committed 19456K, reserved 1067008K
  class space    used 2210K, capacity 2303K, committed 2304K, reserved 1048576K
Event: 3.411 GC heap after
Heap after GC invocations=1 (full 0):
 PSYoungGen      total 76288K, used 9368K [0x000000076af80000, 0x0000000770480000, 0x00000007c0000000)
  eden space 65536K, 0% used [0x000000076af80000,0x000000076af80000,0x000000076ef80000)
  from space 10752K, 87% used [0x000000076ef80000,0x000000076f8a6190,0x000000076fa00000)
  to   space 10752K, 0% used [0x000000076fa00000,0x000000076fa00000,0x0000000770480000)
 ParOldGen       total 175104K, used 24K [0x00000006c0e00000, 0x00000006cb900000, 0x000000076af80000)
  object space 175104K, 0% used [0x00000006c0e00000,0x00000006c0e06000,0x00000006cb900000)
 Metaspace       used 19053K, capacity 19303K, committed 19456K, reserved 1067008K
  class space    used 2210K, capacity 2303K, committed 2304K, reserved 1048576K
}

Deoptimization events (10 events):
Event: 0.094 Thread 0x00000000027e5000 Uncommon trap: reason=unstable_if action=reinterpret pc=0x00000000029ee3f4 method=java.lang.String.hashCode()I @ 14
Event: 0.132 Thread 0x00000000027e5000 Uncommon trap: reason=unstable_if action=reinterpret pc=0x0000000002a4aa08 method=sun.misc.URLClassPath.getLoader(I)Lsun/misc/URLClassPath$Loader; @ 36
Event: 0.132 Thread 0x00000000027e5000 Uncommon trap: reason=unstable_if action=reinterpret pc=0x0000000002a4eb6c method=sun.misc.URLClassPath.getLoader(I)Lsun/misc/URLClassPath$Loader; @ 36
Event: 0.903 Thread 0x000000001e2bc000 Uncommon trap: reason=class_check action=maybe_recompile pc=0x0000000002abb450 method=java.lang.String.equals(Ljava/lang/Object;)Z @ 8
Event: 0.903 Thread 0x000000001e2bc000 Uncommon trap: reason=class_check action=maybe_recompile pc=0x0000000002abb450 method=java.lang.String.equals(Ljava/lang/Object;)Z @ 8
Event: 0.903 Thread 0x000000001e2bc000 Uncommon trap: reason=class_check action=maybe_recompile pc=0x0000000002abb450 method=java.lang.String.equals(Ljava/lang/Object;)Z @ 8
Event: 0.905 Thread 0x000000001e2bc000 Uncommon trap: reason=class_check action=maybe_recompile pc=0x0000000002abb450 method=java.lang.String.equals(Ljava/lang/Object;)Z @ 8
Event: 3.389 Thread 0x0000000029749000 Uncommon trap: reason=unstable_if action=reinterpret pc=0x0000000002ddfccc method=sun.awt.image.ByteInterleavedRaster.putByteData(IIII[B)V @ 395
Event: 3.451 Thread 0x0000000029749000 Uncommon trap: reason=unstable_if action=reinterpret pc=0x0000000002e4ad90 method=mygame.MapLoader.loaderMap()V @ 217
Event: 3.455 Thread 0x0000000029749000 Uncommon trap: reason=unstable_if action=reinterpret pc=0x0000000002e4a35c method=mygame.MapLoader.makeGrid3d()V @ 7

Internal exceptions (10 events):
Event: 0.161 Thread 0x00000000027e5000 Exception <a 'java/lang/NoSuchFieldError': method resolution failed> (0x000000076b735788) thrown at [C:\re\workspace\8-2-build-windows-amd64-cygwin\jdk8u111\7883\hotspot\src\share\vm\prims\methodHandles.cpp, line 1146]
Event: 0.162 Thread 0x00000000027e5000 Exception <a 'java/lang/NoSuchFieldError': method resolution failed> (0x000000076b742ad8) thrown at [C:\re\workspace\8-2-build-windows-amd64-cygwin\jdk8u111\7883\hotspot\src\share\vm\prims\methodHandles.cpp, line 1146]
Event: 0.195 Thread 0x000000001e2bc000 Exception <a 'java/io/FileNotFoundException'> (0x000000076b9f2308) thrown at [C:\re\workspace\8-2-build-windows-amd64-cygwin\jdk8u111\7883\hotspot\src\share\vm\prims\jni.cpp, line 709]
Event: 0.748 Thread 0x000000001e2bc000 Exception <a 'java/lang/NoClassDefFoundError'> (0x000000076bad0588) thrown at [C:\re\workspace\8-2-build-windows-amd64-cygwin\jdk8u111\7883\hotspot\src\share\vm\prims\jvm.cpp, line 1390]
Event: 3.239 Thread 0x0000000029749000 Exception <a 'java/security/PrivilegedActionException'> (0x000000076d898678) thrown at [C:\re\workspace\8-2-build-windows-amd64-cygwin\jdk8u111\7883\hotspot\src\share\vm\prims\jvm.cpp, line 1386]
Event: 3.239 Thread 0x0000000029749000 Exception <a 'java/security/PrivilegedActionException'> (0x000000076d89a1e8) thrown at [C:\re\workspace\8-2-build-windows-amd64-cygwin\jdk8u111\7883\hotspot\src\share\vm\prims\jvm.cpp, line 1386]
Event: 3.239 Thread 0x0000000029749000 Exception <a 'java/security/PrivilegedActionException'> (0x000000076d89b308) thrown at [C:\re\workspace\8-2-build-windows-amd64-cygwin\jdk8u111\7883\hotspot\src\share\vm\prims\jvm.cpp, line 1386]
Event: 3.239 Thread 0x0000000029749000 Exception <a 'java/security/PrivilegedActionException'> (0x000000076d8a0428) thrown at [C:\re\workspace\8-2-build-windows-amd64-cygwin\jdk8u111\7883\hotspot\src\share\vm\prims\jvm.cpp, line 1386]
Event: 3.239 Thread 0x0000000029749000 Exception <a 'java/security/PrivilegedActionException'> (0x000000076d8a1080) thrown at [C:\re\workspace\8-2-build-windows-amd64-cygwin\jdk8u111\7883\hotspot\src\share\vm\prims\jvm.cpp, line 1386]
Event: 3.239 Thread 0x0000000029749000 Exception <a 'java/security/PrivilegedActionException'> (0x000000076d8a1ca8) thrown at [C:\re\workspace\8-2-build-windows-amd64-cygwin\jdk8u111\7883\hotspot\src\share\vm\prims\jvm.cpp, line 1386]

Events (10 events):
Event: 3.504 loading class com/jme3/bullet/collision/shapes/BoxCollisionShape
Event: 3.504 loading class com/jme3/bullet/collision/shapes/BoxCollisionShape done
Event: 3.504 loading class com/jme3/bullet/collision/shapes/HullCollisionShape
Event: 3.504 loading class com/jme3/bullet/collision/shapes/HullCollisionShape done
Event: 3.505 loading class com/jme3/terrain/geomipmap/TerrainQuad
Event: 3.505 loading class com/jme3/terrain/geomipmap/TerrainQuad done
Event: 3.505 loading class com/jme3/terrain/Terrain
Event: 3.505 loading class com/jme3/terrain/Terrain done
Event: 3.506 loading class com/jme3/terrain/geomipmap/TerrainPatch
Event: 3.506 loading class com/jme3/terrain/geomipmap/TerrainPatch done


Dynamic libraries:
0x00007ff684d20000 - 0x00007ff684d57000 	E:\Logiciels\jmonkeyplatform\jdk\bin\java.exe
0x00007ffd96a10000 - 0x00007ffd96beb000 	C:\Windows\SYSTEM32\ntdll.dll
0x00007ffd96510000 - 0x00007ffd965be000 	C:\Windows\System32\KERNEL32.DLL
0x00007ffd939b0000 - 0x00007ffd93bf9000 	C:\Windows\System32\KERNELBASE.dll
0x00007ffd95ed0000 - 0x00007ffd95f71000 	C:\Windows\System32\ADVAPI32.dll
0x00007ffd95f80000 - 0x00007ffd9601d000 	C:\Windows\System32\msvcrt.dll
0x00007ffd943c0000 - 0x00007ffd94419000 	C:\Windows\System32\sechost.dll
0x00007ffd96130000 - 0x00007ffd96255000 	C:\Windows\System32\RPCRT4.dll
0x00007ffd93f70000 - 0x00007ffd940ba000 	C:\Windows\System32\USER32.dll
0x00007ffd93f50000 - 0x00007ffd93f6e000 	C:\Windows\System32\win32u.dll
0x00007ffd96420000 - 0x00007ffd96447000 	C:\Windows\System32\GDI32.dll
0x00007ffd93c00000 - 0x00007ffd93d88000 	C:\Windows\System32\gdi32full.dll
0x00007ffd93e40000 - 0x00007ffd93eda000 	C:\Windows\System32\msvcp_win.dll
0x00007ffd92f30000 - 0x00007ffd93026000 	C:\Windows\System32\ucrtbase.dll
0x00007ffd86370000 - 0x00007ffd865d7000 	C:\Windows\WinSxS\amd64_microsoft.windows.common-controls_6595b64144ccf1df_6.0.15063.483_none_26002d27e7c744a2\COMCTL32.dll
0x00007ffd940c0000 - 0x00007ffd943b9000 	C:\Windows\System32\combase.dll
0x00007ffd93ee0000 - 0x00007ffd93f4a000 	C:\Windows\System32\bcryptPrimitives.dll
0x00007ffd95ea0000 - 0x00007ffd95ecd000 	C:\Windows\System32\IMM32.DLL
0x00000000675d0000 - 0x00000000676a2000 	E:\Logiciels\jmonkeyplatform\jdk\jre\bin\msvcr100.dll
0x000000006a610000 - 0x000000006aeaa000 	E:\Logiciels\jmonkeyplatform\jdk\jre\bin\server\jvm.dll
0x00007ffd965c0000 - 0x00007ffd965c8000 	C:\Windows\System32\PSAPI.DLL
0x00007ffd908d0000 - 0x00007ffd908f3000 	C:\Windows\SYSTEM32\WINMM.dll
0x00007ffd91280000 - 0x00007ffd9128a000 	C:\Windows\SYSTEM32\VERSION.dll
0x00007ffd8d730000 - 0x00007ffd8d739000 	C:\Windows\SYSTEM32\WSOCK32.dll
0x00007ffd95b50000 - 0x00007ffd95bbc000 	C:\Windows\System32\WS2_32.dll
0x00007ffd90840000 - 0x00007ffd9086b000 	C:\Windows\SYSTEM32\WINMMBASE.dll
0x00007ffd93030000 - 0x00007ffd93079000 	C:\Windows\System32\cfgmgr32.dll
0x000000006a520000 - 0x000000006a52f000 	E:\Logiciels\jmonkeyplatform\jdk\jre\bin\verify.dll
0x000000006a4f0000 - 0x000000006a519000 	E:\Logiciels\jmonkeyplatform\jdk\jre\bin\java.dll
0x000000006a4d0000 - 0x000000006a4e6000 	E:\Logiciels\jmonkeyplatform\jdk\jre\bin\zip.dll
0x00007ffd945e0000 - 0x00007ffd95a17000 	C:\Windows\System32\SHELL32.dll
0x00007ffd95df0000 - 0x00007ffd95e9a000 	C:\Windows\System32\shcore.dll
0x00007ffd930e0000 - 0x00007ffd937d3000 	C:\Windows\System32\windows.storage.dll
0x00007ffd95bc0000 - 0x00007ffd95c11000 	C:\Windows\System32\shlwapi.dll
0x00007ffd92ec0000 - 0x00007ffd92ed1000 	C:\Windows\System32\kernel.appcore.dll
0x00007ffd92ee0000 - 0x00007ffd92f2c000 	C:\Windows\System32\powrprof.dll
0x00007ffd92ea0000 - 0x00007ffd92eb5000 	C:\Windows\System32\profapi.dll
0x000000006a2f0000 - 0x000000006a488000 	E:\Logiciels\jmonkeyplatform\jdk\jre\bin\awt.dll
0x00007ffd96450000 - 0x00007ffd96510000 	C:\Windows\System32\OLEAUT32.dll
0x00007ffd90b00000 - 0x00007ffd90b7e000 	C:\Windows\SYSTEM32\apphelp.dll
0x00007ffd90cd0000 - 0x00007ffd90d65000 	C:\Windows\system32\uxtheme.dll
0x00007ffd95c20000 - 0x00007ffd95d86000 	C:\Windows\System32\MSCTF.dll
0x00007ffd91680000 - 0x00007ffd916aa000 	C:\Windows\system32\dwmapi.dll
0x00007ffd94430000 - 0x00007ffd94575000 	C:\Windows\System32\ole32.dll
0x00007ffd6d550000 - 0x00007ffd6d6d9000 	C:\Windows\system32\d3d9.dll
0x00007ffd8cc30000 - 0x00007ffd8cd11000 	C:\Windows\System32\DriverStore\FileRepository\nv_dispi.inf_amd64_24ddebfb518b5a55\nvldumdx.dll
0x00007ffd937e0000 - 0x00007ffd939a9000 	C:\Windows\System32\crypt32.dll
0x00007ffd92e80000 - 0x00007ffd92e91000 	C:\Windows\System32\MSASN1.dll
0x00007ffd93080000 - 0x00007ffd930d6000 	C:\Windows\System32\WINTRUST.DLL
0x00007ffd96260000 - 0x00007ffd9627d000 	C:\Windows\System32\imagehlp.dll
0x00007ffd92830000 - 0x00007ffd92847000 	C:\Windows\SYSTEM32\CRYPTSP.dll
0x00007ffd92020000 - 0x00007ffd92054000 	C:\Windows\system32\rsaenh.dll
0x00007ffd92d50000 - 0x00007ffd92d75000 	C:\Windows\SYSTEM32\bcrypt.dll
0x00007ffd925a0000 - 0x00007ffd925ab000 	C:\Windows\SYSTEM32\CRYPTBASE.dll
0x00007ffd6a6d0000 - 0x00007ffd6b833000 	C:\Windows\System32\DriverStore\FileRepository\nv_dispi.inf_amd64_24ddebfb518b5a55\nvd3dumx.dll
0x00007ffd7a2c0000 - 0x00007ffd7a49c000 	C:\Windows\system32\nvspcap64.dll
0x00007ffd965d0000 - 0x00007ffd96a0b000 	C:\Windows\System32\SETUPAPI.dll
0x00007ffd8f230000 - 0x00007ffd8f243000 	C:\Windows\SYSTEM32\WTSAPI32.dll
0x00007ffd8d7b0000 - 0x00007ffd8d887000 	C:\Windows\SYSTEM32\WINHTTP.dll
0x00007ffd882e0000 - 0x00007ffd8871f000 	C:\Windows\system32\nvapi64.dll
0x00007ffd91320000 - 0x00007ffd913c4000 	C:\Windows\SYSTEM32\dxgi.dll
0x00007ffd90f50000 - 0x00007ffd90f78000 	C:\Windows\SYSTEM32\DEVOBJ.dll
0x00007ffd8c900000 - 0x00007ffd8c9ea000 	C:\Program Files (x86)\NVIDIA Corporation\3D Vision\nvSCPAPI64.dll
0x000000006a260000 - 0x000000006a2a7000 	E:\Logiciels\jmonkeyplatform\jdk\jre\bin\fontmanager.dll
0x000000006a4b0000 - 0x000000006a4ca000 	E:\Logiciels\jmonkeyplatform\jdk\jre\bin\net.dll
0x00007ffd92400000 - 0x00007ffd9245c000 	C:\Windows\system32\mswsock.dll
0x000000006a490000 - 0x000000006a4a1000 	E:\Logiciels\jmonkeyplatform\jdk\jre\bin\nio.dll
0x000000006a210000 - 0x000000006a252000 	E:\Logiciels\jmonkeyplatform\jdk\jre\bin\t2k.dll
0x00007ffd8b980000 - 0x00007ffd8ba02000 	C:\Windows\System32\TextInputFramework.dll
0x00007ffd90330000 - 0x00007ffd90413000 	C:\Windows\System32\CoreMessaging.dll
0x00007ffd8dee0000 - 0x00007ffd8e1b2000 	C:\Windows\System32\CoreUIComponents.dll
0x00007ffd91e50000 - 0x00007ffd91e81000 	C:\Windows\SYSTEM32\ntmarta.dll
0x00007ffd8e6b0000 - 0x00007ffd8e7e9000 	C:\Windows\SYSTEM32\wintypes.dll
0x00007ffd8f190000 - 0x00007ffd8f1a5000 	C:\Windows\SYSTEM32\usermgrcli.dll
0x00007ffd78180000 - 0x00007ffd78398000 	F:\Users\Thonon\Documents\JME Apps\Bilou\bulletjme.dll
0x0000000180000000 - 0x0000000180064000 	F:\Users\Thonon\Documents\JME Apps\Bilou\OpenAL64.dll
0x000000002b350000 - 0x000000002b366000 	F:\Users\Thonon\Documents\JME Apps\Bilou\jinput-dx8_64.dll
0x00007ffd7bc60000 - 0x00007ffd7bca2000 	C:\Windows\SYSTEM32\DINPUT8.dll
0x000000002b390000 - 0x000000002b3e3000 	F:\Users\Thonon\Documents\JME Apps\Bilou\lwjgl64.dll
0x00007ffd71ac0000 - 0x00007ffd71be1000 	C:\Windows\SYSTEM32\OPENGL32.dll
0x00007ffd7b750000 - 0x00007ffd7b77c000 	C:\Windows\SYSTEM32\GLU32.dll
0x0000000067f40000 - 0x000000006a1a9000 	C:\Windows\SYSTEM32\nvoglv64.DLL
0x00007ffd8cb90000 - 0x00007ffd8cc23000 	C:\Windows\SYSTEM32\mscms.dll
0x00007ffd92db0000 - 0x00007ffd92dd9000 	C:\Windows\SYSTEM32\USERENV.dll
0x00007ffd7b8e0000 - 0x00007ffd7b921000 	C:\Windows\SYSTEM32\icm32.dll
0x00007ffd92cf0000 - 0x00007ffd92d45000 	C:\Windows\SYSTEM32\WINSTA.dll
0x00007ffd91270000 - 0x00007ffd9127d000 	C:\Windows\SYSTEM32\HID.DLL
0x000000002b480000 - 0x000000002b494000 	F:\Users\Thonon\Documents\JME Apps\Bilou\jinput-raw_64.dll
0x00007ffd95ab0000 - 0x00007ffd95b4e000 	C:\Windows\System32\clbcatq.dll
0x00007ffd8cb00000 - 0x00007ffd8cb67000 	C:\Windows\System32\MMDevApi.dll
0x00007ffd8f2b0000 - 0x00007ffd8f446000 	C:\Windows\System32\PROPSYS.dll
0x00007ffd74980000 - 0x00007ffd74a0c000 	C:\Windows\SYSTEM32\dsound.dll
0x00007ffd88b80000 - 0x00007ffd88c85000 	C:\Windows\SYSTEM32\AUDIOSES.DLL
0x00007ffd8e390000 - 0x00007ffd8e39b000 	C:\Windows\SYSTEM32\AVRT.dll
0x0000000067590000 - 0x00000000675c1000 	E:\Logiciels\jmonkeyplatform\jdk\jre\bin\jpeg.dll
0x00007ffd929c0000 - 0x00007ffd92b69000 	C:\Windows\SYSTEM32\dbghelp.dll

VM Arguments:
jvm_args: -Dfile.encoding=UTF-8 
java_command: mygame.Main
java_class_path (initial): C:\Users\thonon\Downloads\PathFinder3dLib.jar;C:\Users\thonon\Downloads\jmonkeyengine-master\build\libDist\lib-ext\android.jar;C:\Users\thonon\Downloads\jmonkeyengine-master\build\libDist\lib-ext\core-0.27.jar;C:\Users\thonon\Downloads\jmonkeyengine-master\build\libDist\lib-ext\dense64-0.27.jar;C:\Users\thonon\Downloads\jmonkeyengine-master\build\libDist\lib-ext\denseC64-0.27.jar;C:\Users\thonon\Downloads\jmonkeyengine-master\build\libDist\lib-ext\eventbus-1.4.jar;C:\Users\thonon\Downloads\jmonkeyengine-master\build\libDist\lib-ext\gluegen-rt-2.3.2-natives-android-aarch64.jar;C:\Users\thonon\Downloads\jmonkeyengine-master\build\libDist\lib-ext\gluegen-rt-2.3.2-natives-android-armv6.jar;C:\Users\thonon\Downloads\jmonkeyengine-master\build\libDist\lib-ext\gluegen-rt-2.3.2-natives-linux-amd64.jar;C:\Users\thonon\Downloads\jmonkeyengine-master\build\libDist\lib-ext\gluegen-rt-2.3.2-natives-linux-armv6.jar;C:\Users\thonon\Downloads\jmonkeyengine-master\build\libDist\lib-ext\gluegen-rt-2.3.2-natives-linux-armv6hf.jar;C:\Users\thonon\Downloads\jmonkeyengine-master\build\libDist\lib-ext\gluegen-rt-2.3.2-natives-linux-i586.jar;C:\Users\thonon\Downloads\jmonkeyengine-master\build\libDist\lib-ext\gluegen-rt-2.3.2-natives-macosx-universal.jar;C:\Users\thonon\Downloads\jmonkeyengine-master\build\libDist\lib-ext\gluegen-rt-2.3.2-natives-solaris-amd64.jar;C:\Users\thonon\Downloads\jmonkeyengine-master\build\libDist\lib-ext\gluegen-rt-2.3.2-natives-solaris-i586.jar;C:\Users\thonon\Downloads\jmonkeyengine-master\build\libDist\lib-ext\gluegen-rt-2.3.2-natives-windows-amd64.jar;C:\Users\thonon\Downloads\jmonkeyengine-master\build\libDist\lib-ext\gluegen-rt-2.3.2-natives-windows-i586.jar;C:\Users\thonon\Downloads\jmonkeyengine-master\build\libDist\lib-ext\gluegen-rt-2.3.2.jar;C:\Users\thonon\Downloads\jmonkeyengine-master\build\libDist\lib-ext\gluegen-rt-main-2.3.2.jar;C:\Users\thonon\Downloads\jmonkeyengine-master\build\libDist\lib-ext\j-ogg-all-1.0.0.jar;
Launcher Type: SUN_STANDARD

Environment Variables:
PATH=C:\ProgramData\Oracle\Java\javapath;C:\Windows\system32;C:\Windows;C:\Windows\System32\Wbem;C:\Windows\System32\WindowsPowerShell\v1.0\;C:\Program Files (x86)\NVIDIA Corporation\PhysX\Common;C:\Users\thonon\AppData\Local\Microsoft\WindowsApps;
USERNAME=thonon
OS=Windows_NT
PROCESSOR_IDENTIFIER=Intel64 Family 6 Model 158 Stepping 9, GenuineIntel



---------------  S Y S T E M  ---------------

OS: Windows 10.0 , 64 bit Build 15063 (10.0.15063.296)

CPU:total 4 (4 cores per cpu, 1 threads per core) family 6 model 158 stepping 9, cmov, cx8, fxsr, mmx, sse, sse2, sse3, ssse3, sse4.1, sse4.2, popcnt, avx, avx2, aes, clmul, erms, rtm, 3dnowpref, lzcnt, tsc, tscinvbit, bmi1, bmi2, adx

Memory: 4k page, physical 16719060k(11205656k free), swap 19209428k(12771164k free)

vm_info: Java HotSpot(TM) 64-Bit Server VM (25.111-b14) for windows-amd64 JRE (1.8.0_111-b14), built on Sep 22 2016 19:24:05 by "java_re" with MS VC++ 10.0 (VS2010)

time: Fri Aug 25 22:16:36 2017
elapsed time: 3 seconds (0d 0h 0m 3s)

