#
# A fatal error has been detected by the Java Runtime Environment:
#
#  EXCEPTION_ACCESS_VIOLATION (0xc0000005) at pc=0x00007ffd7ba71961, pid=8928, tid=0x0000000000001d70
#
# JRE version: Java(TM) SE Runtime Environment (8.0_111-b14) (build 1.8.0_111-b14)
# Java VM: Java HotSpot(TM) 64-Bit Server VM (25.111-b14 mixed mode windows-amd64 compressed oops)
# Problematic frame:
# C  [bulletjme.dll+0x131961]
#
# Failed to write core dump. Minidumps are not enabled by default on client versions of Windows
#
# If you would like to submit a bug report, please visit:
#   http://bugreport.java.com/bugreport/crash.jsp
# The crash happened outside the Java Virtual Machine in native code.
# See problematic frame for where to report the bug.
#

---------------  T H R E A D  ---------------

Current thread (0x0000000029c20800):  JavaThread "jME3 Main" [_thread_in_native, id=7536, stack(0x000000002b670000,0x000000002b770000)]

siginfo: ExceptionCode=0xc0000005, writing address 0x0000000000000000

Registers:
RAX=0x000000000000fffc, RBX=0x00000000306c92e0, RCX=0x0000000000000000, RDX=0x0000000000000000
RSP=0x000000002b76e5c0, RBP=0x000000002b76e998, RSI=0x0000000000000138, RDI=0x000000002b76e7a0
R8 =0x000000002b76e5a4, R9 =0x000000002b76e5a0, R10=0x0000000027815020, R11=0x0000000000000000
R12=0x0000000000000000, R13=0x00000000306c92e0, R14=0x000000002b76e9d8, R15=0x0000000029c20800
RIP=0x00007ffd7ba71961, EFLAGS=0x0000000000010206

Top of Stack: (sp=0x000000002b76e5c0)
0x000000002b76e5c0:   000000002b76e5f0 000000002b76e600
0x000000002b76e5d0:   0000000027827fc0 000000003f800300
0x000000002b76e5e0:   0000000027827fc0 00000000bf800000
0x000000002b76e5f0:   477ffd00477ffd00 00000000477ffd00
0x000000002b76e600:   408000c0408000c0 00000000408000c0
0x000000002b76e610:   3f8000003f800000 00007ffd7bab9ba7
0x000000002b76e620:   0000000027827f90 0000000000000000
0x000000002b76e630:   0000000027827fb0 0000000000000000
0x000000002b76e640:   3f8003003f800300 00007ffd7bab37f9
0x000000002b76e650:   0000000027827f90 0000000000000000
0x000000002b76e660:   0000000027827fb0 0000000000000000
0x000000002b76e670:   00000000477ffd00 00000000477ffd00
0x000000002b76e680:   00000000408000c0 0000000000000000
0x000000002b76e690:   0000000027828040 00000000bf800000
0x000000002b76e6a0:   467ffb80467ffb80 00007ffd7b94a0f3
0x000000002b76e6b0:   000000002b76e760 00000000477ffd00 

Instructions: (pc=0x00007ffd7ba71961)
0x00007ffd7ba71941:   e8 fa 9f ee ff f3 48 0f 2c 00 0f b7 c0 25 fe ff
0x00007ffd7ba71951:   00 00 b9 02 00 00 00 48 6b c9 00 48 8b 54 24 68
0x00007ffd7ba71961:   66 89 04 0a 48 8d 4c 24 30 e8 f1 9f ee ff f3 48
0x00007ffd7ba71971:   0f 2c 00 0f b7 c0 25 fe ff 00 00 b9 02 00 00 00 


Register to memory mapping:

RAX=0x000000000000fffc is an unknown value
RBX={method} {0x00000000306c92e8} 'createShape' '(ZZJ)J' in 'com/jme3/bullet/collision/shapes/MeshCollisionShape'
RCX=0x0000000000000000 is an unknown value
RDX=0x0000000000000000 is an unknown value
RSP=0x000000002b76e5c0 is pointing into the stack for thread: 0x0000000029c20800
RBP=0x000000002b76e998 is pointing into the stack for thread: 0x0000000029c20800
RSI=0x0000000000000138 is an unknown value
RDI=0x000000002b76e7a0 is pointing into the stack for thread: 0x0000000029c20800
R8 =0x000000002b76e5a4 is pointing into the stack for thread: 0x0000000029c20800
R9 =0x000000002b76e5a0 is pointing into the stack for thread: 0x0000000029c20800
R10=0x0000000027815020 is an unknown value
R11=0x0000000000000000 is an unknown value
R12=0x0000000000000000 is an unknown value
R13={method} {0x00000000306c92e8} 'createShape' '(ZZJ)J' in 'com/jme3/bullet/collision/shapes/MeshCollisionShape'
R14=0x000000002b76e9d8 is pointing into the stack for thread: 0x0000000029c20800
R15=0x0000000029c20800 is a thread


Stack: [0x000000002b670000,0x000000002b770000],  sp=0x000000002b76e5c0,  free space=1017k
Native frames: (J=compiled Java code, j=interpreted, Vv=VM code, C=native code)
C  [bulletjme.dll+0x131961]
C  [bulletjme.dll+0x179ba7]
C  [bulletjme.dll+0x1737f9]
C  [bulletjme.dll+0x1301d7]
C  [bulletjme.dll+0x150ab0]
C  [bulletjme.dll+0x1504e5]
C  [bulletjme.dll+0x152487]
C  0x0000000002f97f74

Java frames: (J=compiled Java code, j=interpreted, Vv=VM code)
j  com.jme3.bullet.collision.shapes.MeshCollisionShape.createShape(ZZJ)J+0
j  com.jme3.bullet.collision.shapes.MeshCollisionShape.createShape([B)V+82
j  com.jme3.bullet.collision.shapes.MeshCollisionShape.createCollisionMesh(Lcom/jme3/scene/Mesh;)V+166
j  com.jme3.bullet.collision.shapes.MeshCollisionShape.<init>(Lcom/jme3/scene/Mesh;Z)V+21
j  com.jme3.bullet.collision.shapes.MeshCollisionShape.<init>(Lcom/jme3/scene/Mesh;)V+3
j  com.jme3.bullet.util.CollisionShapeFactory.createSingleMeshShape(Lcom/jme3/scene/Geometry;Lcom/jme3/scene/Spatial;)Lcom/jme3/bullet/collision/shapes/MeshCollisionShape;+30
j  com.jme3.bullet.util.CollisionShapeFactory.createMeshShape(Lcom/jme3/scene/Spatial;)Lcom/jme3/bullet/collision/shapes/CollisionShape;+68
j  mygame.VoxelAppState.addNode(Lcom/jme3/scene/Mesh;Ljava/lang/String;)V+35
j  mygame.VoxelAppState.manageChunk()V+233
j  mygame.VoxelAppState.initialize(Lcom/jme3/app/state/AppStateManager;Lcom/jme3/app/Application;)V+80
j  com.jme3.app.state.AppStateManager.initializePending()V+80
j  com.jme3.app.state.AppStateManager.update(F)V+5
j  com.jme3.app.SimpleApplication.update()V+77
j  com.jme3.system.lwjgl.LwjglAbstractDisplay.runLoop()V+22
j  com.jme3.system.lwjgl.LwjglDisplay.runLoop()V+104
j  com.jme3.system.lwjgl.LwjglAbstractDisplay.run()V+136
j  java.lang.Thread.run()V+11
v  ~StubRoutines::call_stub

---------------  P R O C E S S  ---------------

Java Threads: ( => current thread )
  0x0000000029c4c000 JavaThread "jME3 Audio Decoder" daemon [_thread_blocked, id=12180, stack(0x0000000030510000,0x0000000030610000)]
  0x0000000029c4b800 JavaThread "Thread-5" daemon [_thread_in_native, id=5540, stack(0x000000002fdb0000,0x000000002feb0000)]
  0x0000000002e85000 JavaThread "DestroyJavaVM" [_thread_blocked, id=9728, stack(0x0000000002d80000,0x0000000002e80000)]
=>0x0000000029c20800 JavaThread "jME3 Main" [_thread_in_native, id=7536, stack(0x000000002b670000,0x000000002b770000)]
  0x000000002971c000 JavaThread "TimerQueue" daemon [_thread_blocked, id=12112, stack(0x000000002aa50000,0x000000002ab50000)]
  0x000000001ed2e800 JavaThread "D3D Screen Updater" daemon [_thread_blocked, id=332, stack(0x000000002a950000,0x000000002aa50000)]
  0x000000001ec17800 JavaThread "Image Fetcher 0" daemon [_thread_blocked, id=1288, stack(0x0000000026400000,0x0000000026500000)]
  0x000000001e96b800 JavaThread "AWT-EventQueue-0" [_thread_blocked, id=3548, stack(0x000000001f250000,0x000000001f350000)]
  0x000000001eaf9000 JavaThread "AWT-Windows" daemon [_thread_in_native, id=948, stack(0x000000001f090000,0x000000001f190000)]
  0x000000001e81e800 JavaThread "AWT-Shutdown" [_thread_blocked, id=12260, stack(0x000000001ef90000,0x000000001f090000)]
  0x000000001e81d800 JavaThread "Java2D Disposer" daemon [_thread_blocked, id=9580, stack(0x000000001ee90000,0x000000001ef90000)]
  0x000000001df55000 JavaThread "Service Thread" daemon [_thread_blocked, id=11404, stack(0x000000001e330000,0x000000001e430000)]
  0x000000001c5d0800 JavaThread "C1 CompilerThread2" daemon [_thread_blocked, id=8572, stack(0x000000001de30000,0x000000001df30000)]
  0x000000001c5cd800 JavaThread "C2 CompilerThread1" daemon [_thread_blocked, id=6168, stack(0x000000001dd30000,0x000000001de30000)]
  0x000000001c5e0800 JavaThread "C2 CompilerThread0" daemon [_thread_blocked, id=11792, stack(0x000000001dc30000,0x000000001dd30000)]
  0x000000001c5df000 JavaThread "Attach Listener" daemon [_thread_blocked, id=4032, stack(0x000000001db30000,0x000000001dc30000)]
  0x000000001c5de000 JavaThread "Signal Dispatcher" daemon [_thread_blocked, id=7348, stack(0x000000001da30000,0x000000001db30000)]
  0x000000001c5ba800 JavaThread "Finalizer" daemon [_thread_blocked, id=3360, stack(0x000000001d820000,0x000000001d920000)]
  0x0000000002f74000 JavaThread "Reference Handler" daemon [_thread_blocked, id=11108, stack(0x000000001d720000,0x000000001d820000)]

Other Threads:
  0x000000001c597800 VMThread [stack: 0x000000001d620000,0x000000001d720000] [id=700]
  0x000000001dfcb000 WatcherThread [stack: 0x000000001e430000,0x000000001e530000] [id=2516]

VM state:not at safepoint (normal execution)

VM Mutex/Monitor currently owned by a thread: None

Heap:
 PSYoungGen      total 76288K, used 30689K [0x000000076af80000, 0x0000000770480000, 0x00000007c0000000)
  eden space 65536K, 30% used [0x000000076af80000,0x000000076c2fc2d0,0x000000076ef80000)
  from space 10752K, 99% used [0x000000076ef80000,0x000000076f9fc4c0,0x000000076fa00000)
  to   space 10752K, 0% used [0x000000076fa00000,0x000000076fa00000,0x0000000770480000)
 ParOldGen       total 175104K, used 74387K [0x00000006c0e00000, 0x00000006cb900000, 0x000000076af80000)
  object space 175104K, 42% used [0x00000006c0e00000,0x00000006c56a4c30,0x00000006cb900000)
 Metaspace       used 19169K, capacity 19465K, committed 19840K, reserved 1067008K
  class space    used 2241K, capacity 2336K, committed 2432K, reserved 1048576K

Card table byte_map: [0x0000000012340000,0x0000000012b40000] byte_map_base: 0x000000000ed39000

Marking Bits: (ParMarkBitMap*) 0x000000006ae2a6c0
 Begin Bits: [0x00000000134a0000, 0x0000000017468000)
 End Bits:   [0x0000000017468000, 0x000000001b430000)

Polling page: 0x0000000002b70000

CodeCache: size=245760Kb used=5333Kb max_used=5345Kb free=240426Kb
 bounds [0x0000000002f80000, 0x00000000034c0000, 0x0000000011f80000]
 total_blobs=2200 nmethods=1535 adapters=577
 compilation: enabled

Compilation events (10 events):
Event: 2.764 Thread 0x000000001c5cd800 nmethod 1532 0x00000000034a1c50 code [0x00000000034a1da0, 0x00000000034a2198]
Event: 2.768 Thread 0x000000001c5e0800 1533   !   4       com.sun.imageio.plugins.jpeg.JPEGImageReader::acceptPixels (522 bytes)
Event: 2.777 Thread 0x000000001c5e0800 nmethod 1533 0x000000000349c350 code [0x000000000349c560, 0x000000000349d250]
Event: 2.782 Thread 0x000000001c5d0800 1534       1       mygame.MapLoader::getGridMap3d (5 bytes)
Event: 2.782 Thread 0x000000001c5d0800 nmethod 1534 0x000000000348ec90 code [0x000000000348ede0, 0x000000000348eef0]
Event: 2.782 Thread 0x000000001c5d0800 1535       1       mygame.MapLoader::getzWidth (5 bytes)
Event: 2.782 Thread 0x000000001c5d0800 nmethod 1535 0x00000000034981d0 code [0x0000000003498320, 0x0000000003498430]
Event: 2.785 Thread 0x000000001c5d0800 1536 %     3       mygame.Chunk::makeMeshChunk @ 106 (2115 bytes)
Event: 2.790 Thread 0x000000001c5d0800 nmethod 1536% 0x00000000034a2550 code [0x00000000034a3640, 0x00000000034b08a8]
Event: 2.791 Thread 0x000000001c5cd800 1537  s    4       java.util.Hashtable::get (69 bytes)

GC Heap History (2 events):
Event: 2.684 GC heap before
{Heap before GC invocations=1 (full 0):
 PSYoungGen      total 76288K, used 65208K [0x000000076af80000, 0x0000000770480000, 0x00000007c0000000)
  eden space 65536K, 99% used [0x000000076af80000,0x000000076ef2e0c0,0x000000076ef80000)
  from space 10752K, 0% used [0x000000076fa00000,0x000000076fa00000,0x0000000770480000)
  to   space 10752K, 0% used [0x000000076ef80000,0x000000076ef80000,0x000000076fa00000)
 ParOldGen       total 175104K, used 0K [0x00000006c0e00000, 0x00000006cb900000, 0x000000076af80000)
  object space 175104K, 0% used [0x00000006c0e00000,0x00000006c0e00000,0x00000006cb900000)
 Metaspace       used 18933K, capacity 19171K, committed 19456K, reserved 1067008K
  class space    used 2221K, capacity 2303K, committed 2304K, reserved 1048576K
Event: 2.690 GC heap after
Heap after GC invocations=1 (full 0):
 PSYoungGen      total 76288K, used 10737K [0x000000076af80000, 0x0000000770480000, 0x00000007c0000000)
  eden space 65536K, 0% used [0x000000076af80000,0x000000076af80000,0x000000076ef80000)
  from space 10752K, 99% used [0x000000076ef80000,0x000000076f9fc4c0,0x000000076fa00000)
  to   space 10752K, 0% used [0x000000076fa00000,0x000000076fa00000,0x0000000770480000)
 ParOldGen       total 175104K, used 659K [0x00000006c0e00000, 0x00000006cb900000, 0x000000076af80000)
  object space 175104K, 0% used [0x00000006c0e00000,0x00000006c0ea4c20,0x00000006cb900000)
 Metaspace       used 18933K, capacity 19171K, committed 19456K, reserved 1067008K
  class space    used 2221K, capacity 2303K, committed 2304K, reserved 1048576K
}

Deoptimization events (10 events):
Event: 0.084 Thread 0x0000000002e85000 Uncommon trap: reason=unstable_if action=reinterpret pc=0x000000000308e534 method=java.lang.String.hashCode()I @ 14
Event: 0.122 Thread 0x0000000002e85000 Uncommon trap: reason=unstable_if action=reinterpret pc=0x00000000030ecc08 method=sun.misc.URLClassPath.getLoader(I)Lsun/misc/URLClassPath$Loader; @ 36
Event: 0.122 Thread 0x0000000002e85000 Uncommon trap: reason=unstable_if action=reinterpret pc=0x00000000030f45ec method=sun.misc.URLClassPath.getLoader(I)Lsun/misc/URLClassPath$Loader; @ 36
Event: 0.924 Thread 0x000000001e96b800 Uncommon trap: reason=class_check action=maybe_recompile pc=0x000000000315b8d0 method=java.lang.String.equals(Ljava/lang/Object;)Z @ 8
Event: 0.924 Thread 0x000000001e96b800 Uncommon trap: reason=class_check action=maybe_recompile pc=0x000000000315b8d0 method=java.lang.String.equals(Ljava/lang/Object;)Z @ 8
Event: 0.924 Thread 0x000000001e96b800 Uncommon trap: reason=class_check action=maybe_recompile pc=0x000000000315b8d0 method=java.lang.String.equals(Ljava/lang/Object;)Z @ 8
Event: 0.926 Thread 0x000000001e96b800 Uncommon trap: reason=class_check action=maybe_recompile pc=0x000000000315b8d0 method=java.lang.String.equals(Ljava/lang/Object;)Z @ 8
Event: 2.669 Thread 0x0000000029c20800 Uncommon trap: reason=unstable_if action=reinterpret pc=0x0000000003421d4c method=sun.awt.image.ByteInterleavedRaster.putByteData(IIII[B)V @ 395
Event: 2.731 Thread 0x0000000029c20800 Uncommon trap: reason=unstable_if action=reinterpret pc=0x0000000003499990 method=mygame.MapLoader.loaderMap()V @ 217
Event: 2.735 Thread 0x0000000029c20800 Uncommon trap: reason=unstable_if action=reinterpret pc=0x0000000003497adc method=mygame.MapLoader.makeGrid3d()V @ 7

Internal exceptions (10 events):
Event: 0.151 Thread 0x0000000002e85000 Exception <a 'java/lang/NoSuchFieldError': method resolution failed> (0x000000076b7354d0) thrown at [C:\re\workspace\8-2-build-windows-amd64-cygwin\jdk8u111\7883\hotspot\src\share\vm\prims\methodHandles.cpp, line 1146]
Event: 0.152 Thread 0x0000000002e85000 Exception <a 'java/lang/NoSuchFieldError': method resolution failed> (0x000000076b742820) thrown at [C:\re\workspace\8-2-build-windows-amd64-cygwin\jdk8u111\7883\hotspot\src\share\vm\prims\methodHandles.cpp, line 1146]
Event: 0.186 Thread 0x000000001e96b800 Exception <a 'java/io/FileNotFoundException'> (0x000000076b9f2050) thrown at [C:\re\workspace\8-2-build-windows-amd64-cygwin\jdk8u111\7883\hotspot\src\share\vm\prims\jni.cpp, line 709]
Event: 0.770 Thread 0x000000001e96b800 Exception <a 'java/lang/NoClassDefFoundError'> (0x000000076bad02d0) thrown at [C:\re\workspace\8-2-build-windows-amd64-cygwin\jdk8u111\7883\hotspot\src\share\vm\prims\jvm.cpp, line 1390]
Event: 2.519 Thread 0x0000000029c20800 Exception <a 'java/security/PrivilegedActionException'> (0x000000076d8983b8) thrown at [C:\re\workspace\8-2-build-windows-amd64-cygwin\jdk8u111\7883\hotspot\src\share\vm\prims\jvm.cpp, line 1386]
Event: 2.519 Thread 0x0000000029c20800 Exception <a 'java/security/PrivilegedActionException'> (0x000000076d899f28) thrown at [C:\re\workspace\8-2-build-windows-amd64-cygwin\jdk8u111\7883\hotspot\src\share\vm\prims\jvm.cpp, line 1386]
Event: 2.519 Thread 0x0000000029c20800 Exception <a 'java/security/PrivilegedActionException'> (0x000000076d89b048) thrown at [C:\re\workspace\8-2-build-windows-amd64-cygwin\jdk8u111\7883\hotspot\src\share\vm\prims\jvm.cpp, line 1386]
Event: 2.519 Thread 0x0000000029c20800 Exception <a 'java/security/PrivilegedActionException'> (0x000000076d8a0168) thrown at [C:\re\workspace\8-2-build-windows-amd64-cygwin\jdk8u111\7883\hotspot\src\share\vm\prims\jvm.cpp, line 1386]
Event: 2.519 Thread 0x0000000029c20800 Exception <a 'java/security/PrivilegedActionException'> (0x000000076d8a0dc0) thrown at [C:\re\workspace\8-2-build-windows-amd64-cygwin\jdk8u111\7883\hotspot\src\share\vm\prims\jvm.cpp, line 1386]
Event: 2.519 Thread 0x0000000029c20800 Exception <a 'java/security/PrivilegedActionException'> (0x000000076d8a19e8) thrown at [C:\re\workspace\8-2-build-windows-amd64-cygwin\jdk8u111\7883\hotspot\src\share\vm\prims\jvm.cpp, line 1386]

Events (10 events):
Event: 2.788 loading class com/jme3/bullet/collision/shapes/HullCollisionShape
Event: 2.788 loading class com/jme3/bullet/collision/shapes/HullCollisionShape done
Event: 2.788 loading class com/jme3/bullet/collision/shapes/BoxCollisionShape
Event: 2.788 loading class com/jme3/bullet/collision/shapes/BoxCollisionShape done
Event: 2.789 loading class com/jme3/terrain/geomipmap/TerrainQuad
Event: 2.789 loading class com/jme3/terrain/geomipmap/TerrainQuad done
Event: 2.790 loading class com/jme3/terrain/Terrain
Event: 2.790 loading class com/jme3/terrain/Terrain done
Event: 2.790 loading class com/jme3/terrain/geomipmap/TerrainPatch
Event: 2.790 loading class com/jme3/terrain/geomipmap/TerrainPatch done


Dynamic libraries:
0x00007ff684d20000 - 0x00007ff684d57000 	E:\Logiciels\jmonkeyplatform\jdk\bin\java.exe
0x00007ffd96a10000 - 0x00007ffd96beb000 	C:\Windows\SYSTEM32\ntdll.dll
0x00007ffd96510000 - 0x00007ffd965be000 	C:\Windows\System32\KERNEL32.DLL
0x00007ffd939b0000 - 0x00007ffd93bf9000 	C:\Windows\System32\KERNELBASE.dll
0x00007ffd95ed0000 - 0x00007ffd95f71000 	C:\Windows\System32\ADVAPI32.dll
0x00007ffd95f80000 - 0x00007ffd9601d000 	C:\Windows\System32\msvcrt.dll
0x00007ffd943c0000 - 0x00007ffd94419000 	C:\Windows\System32\sechost.dll
0x00007ffd96130000 - 0x00007ffd96255000 	C:\Windows\System32\RPCRT4.dll
0x00007ffd93f70000 - 0x00007ffd940ba000 	C:\Windows\System32\USER32.dll
0x00007ffd93f50000 - 0x00007ffd93f6e000 	C:\Windows\System32\win32u.dll
0x00007ffd96420000 - 0x00007ffd96447000 	C:\Windows\System32\GDI32.dll
0x00007ffd93c00000 - 0x00007ffd93d88000 	C:\Windows\System32\gdi32full.dll
0x00007ffd93e40000 - 0x00007ffd93eda000 	C:\Windows\System32\msvcp_win.dll
0x00007ffd92f30000 - 0x00007ffd93026000 	C:\Windows\System32\ucrtbase.dll
0x00007ffd86370000 - 0x00007ffd865d7000 	C:\Windows\WinSxS\amd64_microsoft.windows.common-controls_6595b64144ccf1df_6.0.15063.483_none_26002d27e7c744a2\COMCTL32.dll
0x00007ffd940c0000 - 0x00007ffd943b9000 	C:\Windows\System32\combase.dll
0x00007ffd93ee0000 - 0x00007ffd93f4a000 	C:\Windows\System32\bcryptPrimitives.dll
0x00007ffd95ea0000 - 0x00007ffd95ecd000 	C:\Windows\System32\IMM32.DLL
0x00000000675d0000 - 0x00000000676a2000 	E:\Logiciels\jmonkeyplatform\jdk\jre\bin\msvcr100.dll
0x000000006a610000 - 0x000000006aeaa000 	E:\Logiciels\jmonkeyplatform\jdk\jre\bin\server\jvm.dll
0x00007ffd965c0000 - 0x00007ffd965c8000 	C:\Windows\System32\PSAPI.DLL
0x00007ffd908d0000 - 0x00007ffd908f3000 	C:\Windows\SYSTEM32\WINMM.dll
0x00007ffd91280000 - 0x00007ffd9128a000 	C:\Windows\SYSTEM32\VERSION.dll
0x00007ffd8d730000 - 0x00007ffd8d739000 	C:\Windows\SYSTEM32\WSOCK32.dll
0x00007ffd95b50000 - 0x00007ffd95bbc000 	C:\Windows\System32\WS2_32.dll
0x00007ffd90840000 - 0x00007ffd9086b000 	C:\Windows\SYSTEM32\winmmbase.dll
0x00007ffd93030000 - 0x00007ffd93079000 	C:\Windows\System32\cfgmgr32.dll
0x000000006a520000 - 0x000000006a52f000 	E:\Logiciels\jmonkeyplatform\jdk\jre\bin\verify.dll
0x000000006a4f0000 - 0x000000006a519000 	E:\Logiciels\jmonkeyplatform\jdk\jre\bin\java.dll
0x000000006a4d0000 - 0x000000006a4e6000 	E:\Logiciels\jmonkeyplatform\jdk\jre\bin\zip.dll
0x00007ffd945e0000 - 0x00007ffd95a17000 	C:\Windows\System32\SHELL32.dll
0x00007ffd95df0000 - 0x00007ffd95e9a000 	C:\Windows\System32\shcore.dll
0x00007ffd930e0000 - 0x00007ffd937d3000 	C:\Windows\System32\windows.storage.dll
0x00007ffd95bc0000 - 0x00007ffd95c11000 	C:\Windows\System32\shlwapi.dll
0x00007ffd92ec0000 - 0x00007ffd92ed1000 	C:\Windows\System32\kernel.appcore.dll
0x00007ffd92ee0000 - 0x00007ffd92f2c000 	C:\Windows\System32\powrprof.dll
0x00007ffd92ea0000 - 0x00007ffd92eb5000 	C:\Windows\System32\profapi.dll
0x000000006a2f0000 - 0x000000006a488000 	E:\Logiciels\jmonkeyplatform\jdk\jre\bin\awt.dll
0x00007ffd96450000 - 0x00007ffd96510000 	C:\Windows\System32\OLEAUT32.dll
0x00007ffd90b00000 - 0x00007ffd90b7e000 	C:\Windows\SYSTEM32\apphelp.dll
0x00007ffd90cd0000 - 0x00007ffd90d65000 	C:\Windows\system32\uxtheme.dll
0x00007ffd95c20000 - 0x00007ffd95d86000 	C:\Windows\System32\MSCTF.dll
0x00007ffd91680000 - 0x00007ffd916aa000 	C:\Windows\system32\dwmapi.dll
0x00007ffd94430000 - 0x00007ffd94575000 	C:\Windows\System32\ole32.dll
0x00007ffd6d550000 - 0x00007ffd6d6d9000 	C:\Windows\system32\d3d9.dll
0x00007ffd8cc30000 - 0x00007ffd8cd11000 	C:\Windows\System32\DriverStore\FileRepository\nv_dispi.inf_amd64_24ddebfb518b5a55\nvldumdx.dll
0x00007ffd937e0000 - 0x00007ffd939a9000 	C:\Windows\System32\crypt32.dll
0x00007ffd92e80000 - 0x00007ffd92e91000 	C:\Windows\System32\MSASN1.dll
0x00007ffd93080000 - 0x00007ffd930d6000 	C:\Windows\System32\WINTRUST.DLL
0x00007ffd96260000 - 0x00007ffd9627d000 	C:\Windows\System32\imagehlp.dll
0x00007ffd92830000 - 0x00007ffd92847000 	C:\Windows\SYSTEM32\CRYPTSP.dll
0x00007ffd92020000 - 0x00007ffd92054000 	C:\Windows\system32\rsaenh.dll
0x00007ffd92d50000 - 0x00007ffd92d75000 	C:\Windows\SYSTEM32\bcrypt.dll
0x00007ffd925a0000 - 0x00007ffd925ab000 	C:\Windows\SYSTEM32\CRYPTBASE.dll
0x00007ffd6a6d0000 - 0x00007ffd6b833000 	C:\Windows\System32\DriverStore\FileRepository\nv_dispi.inf_amd64_24ddebfb518b5a55\nvd3dumx.dll
0x00007ffd7a2c0000 - 0x00007ffd7a49c000 	C:\Windows\system32\nvspcap64.dll
0x00007ffd965d0000 - 0x00007ffd96a0b000 	C:\Windows\System32\SETUPAPI.dll
0x00007ffd8d7b0000 - 0x00007ffd8d887000 	C:\Windows\SYSTEM32\WINHTTP.dll
0x00007ffd8f230000 - 0x00007ffd8f243000 	C:\Windows\SYSTEM32\WTSAPI32.dll
0x00007ffd882e0000 - 0x00007ffd8871f000 	C:\Windows\system32\nvapi64.dll
0x00007ffd91320000 - 0x00007ffd913c4000 	C:\Windows\SYSTEM32\dxgi.dll
0x00007ffd90f50000 - 0x00007ffd90f78000 	C:\Windows\SYSTEM32\DEVOBJ.dll
0x00007ffd8c900000 - 0x00007ffd8c9ea000 	C:\Program Files (x86)\NVIDIA Corporation\3D Vision\nvSCPAPI64.dll
0x000000006a260000 - 0x000000006a2a7000 	E:\Logiciels\jmonkeyplatform\jdk\jre\bin\fontmanager.dll
0x000000006a4b0000 - 0x000000006a4ca000 	E:\Logiciels\jmonkeyplatform\jdk\jre\bin\net.dll
0x00007ffd92400000 - 0x00007ffd9245c000 	C:\Windows\system32\mswsock.dll
0x000000006a490000 - 0x000000006a4a1000 	E:\Logiciels\jmonkeyplatform\jdk\jre\bin\nio.dll
0x000000006a210000 - 0x000000006a252000 	E:\Logiciels\jmonkeyplatform\jdk\jre\bin\t2k.dll
0x00007ffd8b980000 - 0x00007ffd8ba02000 	C:\Windows\System32\TextInputFramework.dll
0x00007ffd90330000 - 0x00007ffd90413000 	C:\Windows\System32\CoreMessaging.dll
0x00007ffd8dee0000 - 0x00007ffd8e1b2000 	C:\Windows\System32\CoreUIComponents.dll
0x00007ffd91e50000 - 0x00007ffd91e81000 	C:\Windows\SYSTEM32\ntmarta.dll
0x00007ffd8e6b0000 - 0x00007ffd8e7e9000 	C:\Windows\SYSTEM32\wintypes.dll
0x00007ffd8f190000 - 0x00007ffd8f1a5000 	C:\Windows\SYSTEM32\usermgrcli.dll
0x00007ffd7b940000 - 0x00007ffd7bb58000 	F:\Users\Thonon\Documents\JME Apps\Bilou\bulletjme.dll
0x0000000180000000 - 0x0000000180064000 	F:\Users\Thonon\Documents\JME Apps\Bilou\OpenAL64.dll
0x000000002b770000 - 0x000000002b786000 	F:\Users\Thonon\Documents\JME Apps\Bilou\jinput-dx8_64.dll
0x00007ffd8c380000 - 0x00007ffd8c3c2000 	C:\Windows\SYSTEM32\DINPUT8.dll
0x000000002b7b0000 - 0x000000002b803000 	F:\Users\Thonon\Documents\JME Apps\Bilou\lwjgl64.dll
0x00007ffd71ac0000 - 0x00007ffd71be1000 	C:\Windows\SYSTEM32\OPENGL32.dll
0x00007ffd7b750000 - 0x00007ffd7b77c000 	C:\Windows\SYSTEM32\GLU32.dll
0x0000000067f40000 - 0x000000006a1a9000 	C:\Windows\SYSTEM32\nvoglv64.DLL
0x00007ffd8cb90000 - 0x00007ffd8cc23000 	C:\Windows\SYSTEM32\mscms.dll
0x00007ffd92db0000 - 0x00007ffd92dd9000 	C:\Windows\SYSTEM32\USERENV.dll
0x00007ffd8c330000 - 0x00007ffd8c371000 	C:\Windows\SYSTEM32\icm32.dll
0x00007ffd92cf0000 - 0x00007ffd92d45000 	C:\Windows\SYSTEM32\WINSTA.dll
0x00007ffd91270000 - 0x00007ffd9127d000 	C:\Windows\SYSTEM32\HID.DLL
0x000000002b8b0000 - 0x000000002b8c4000 	F:\Users\Thonon\Documents\JME Apps\Bilou\jinput-raw_64.dll
0x00007ffd95ab0000 - 0x00007ffd95b4e000 	C:\Windows\System32\clbcatq.dll
0x00007ffd8cb00000 - 0x00007ffd8cb67000 	C:\Windows\System32\MMDevApi.dll
0x00007ffd8f2b0000 - 0x00007ffd8f446000 	C:\Windows\System32\PROPSYS.dll
0x00007ffd74980000 - 0x00007ffd74a0c000 	C:\Windows\SYSTEM32\dsound.dll
0x00007ffd88b80000 - 0x00007ffd88c85000 	C:\Windows\SYSTEM32\AUDIOSES.DLL
0x00007ffd8e390000 - 0x00007ffd8e39b000 	C:\Windows\SYSTEM32\AVRT.dll
0x0000000067590000 - 0x00000000675c1000 	E:\Logiciels\jmonkeyplatform\jdk\jre\bin\jpeg.dll
0x00007ffd929c0000 - 0x00007ffd92b69000 	C:\Windows\SYSTEM32\dbghelp.dll

VM Arguments:
jvm_args: -Dfile.encoding=UTF-8 
java_command: mygame.Main
java_class_path (initial): C:\Users\thonon\Downloads\PathFinder3dLib.jar;C:\Users\thonon\Downloads\jmonkeyengine-master\build\libDist\lib-ext\android.jar;C:\Users\thonon\Downloads\jmonkeyengine-master\build\libDist\lib-ext\core-0.27.jar;C:\Users\thonon\Downloads\jmonkeyengine-master\build\libDist\lib-ext\dense64-0.27.jar;C:\Users\thonon\Downloads\jmonkeyengine-master\build\libDist\lib-ext\denseC64-0.27.jar;C:\Users\thonon\Downloads\jmonkeyengine-master\build\libDist\lib-ext\eventbus-1.4.jar;C:\Users\thonon\Downloads\jmonkeyengine-master\build\libDist\lib-ext\gluegen-rt-2.3.2-natives-android-aarch64.jar;C:\Users\thonon\Downloads\jmonkeyengine-master\build\libDist\lib-ext\gluegen-rt-2.3.2-natives-android-armv6.jar;C:\Users\thonon\Downloads\jmonkeyengine-master\build\libDist\lib-ext\gluegen-rt-2.3.2-natives-linux-amd64.jar;C:\Users\thonon\Downloads\jmonkeyengine-master\build\libDist\lib-ext\gluegen-rt-2.3.2-natives-linux-armv6.jar;C:\Users\thonon\Downloads\jmonkeyengine-master\build\libDist\lib-ext\gluegen-rt-2.3.2-natives-linux-armv6hf.jar;C:\Users\thonon\Downloads\jmonkeyengine-master\build\libDist\lib-ext\gluegen-rt-2.3.2-natives-linux-i586.jar;C:\Users\thonon\Downloads\jmonkeyengine-master\build\libDist\lib-ext\gluegen-rt-2.3.2-natives-macosx-universal.jar;C:\Users\thonon\Downloads\jmonkeyengine-master\build\libDist\lib-ext\gluegen-rt-2.3.2-natives-solaris-amd64.jar;C:\Users\thonon\Downloads\jmonkeyengine-master\build\libDist\lib-ext\gluegen-rt-2.3.2-natives-solaris-i586.jar;C:\Users\thonon\Downloads\jmonkeyengine-master\build\libDist\lib-ext\gluegen-rt-2.3.2-natives-windows-amd64.jar;C:\Users\thonon\Downloads\jmonkeyengine-master\build\libDist\lib-ext\gluegen-rt-2.3.2-natives-windows-i586.jar;C:\Users\thonon\Downloads\jmonkeyengine-master\build\libDist\lib-ext\gluegen-rt-2.3.2.jar;C:\Users\thonon\Downloads\jmonkeyengine-master\build\libDist\lib-ext\gluegen-rt-main-2.3.2.jar;C:\Users\thonon\Downloads\jmonkeyengine-master\build\libDist\lib-ext\j-ogg-all-1.0.0.jar;
Launcher Type: SUN_STANDARD

Environment Variables:
PATH=C:\ProgramData\Oracle\Java\javapath;C:\Windows\system32;C:\Windows;C:\Windows\System32\Wbem;C:\Windows\System32\WindowsPowerShell\v1.0\;C:\Program Files (x86)\NVIDIA Corporation\PhysX\Common;C:\Users\thonon\AppData\Local\Microsoft\WindowsApps;
USERNAME=thonon
OS=Windows_NT
PROCESSOR_IDENTIFIER=Intel64 Family 6 Model 158 Stepping 9, GenuineIntel



---------------  S Y S T E M  ---------------

OS: Windows 10.0 , 64 bit Build 15063 (10.0.15063.296)

CPU:total 4 (4 cores per cpu, 1 threads per core) family 6 model 158 stepping 9, cmov, cx8, fxsr, mmx, sse, sse2, sse3, ssse3, sse4.1, sse4.2, popcnt, avx, avx2, aes, clmul, erms, rtm, 3dnowpref, lzcnt, tsc, tscinvbit, bmi1, bmi2, adx

Memory: 4k page, physical 16719060k(11200640k free), swap 19209428k(12709856k free)

vm_info: Java HotSpot(TM) 64-Bit Server VM (25.111-b14) for windows-amd64 JRE (1.8.0_111-b14), built on Sep 22 2016 19:24:05 by "java_re" with MS VC++ 10.0 (VS2010)

time: Fri Aug 25 22:31:25 2017
elapsed time: 2 seconds (0d 0h 0m 2s)

